<?xml version="1.0" encoding="UTF-8"?>
<testsuite xmlns:xsi="http://www.w3.org/2001/XMLSchema-instance" xsi:noNamespaceSchemaLocation="https://maven.apache.org/surefire/maven-surefire-plugin/xsd/surefire-test-report.xsd" version="3.0.2" name="com.example.gestionenvios.repository.EnviosRepositoryTest" time="1.552" tests="2" errors="0" skipped="0" failures="0">
  <properties>
    <property name="java.specification.version" value="17"/>
    <property name="sun.jnu.encoding" value="UTF-8"/>
    <property name="java.class.path" value="/Users/krhisnaoyanedelyanez/Desktop/EFT_GESTIONENVIOS/target/test-classes:/Users/krhisnaoyanedelyanez/Desktop/EFT_GESTIONENVIOS/target/classes:/Users/krhisnaoyanedelyanez/.m2/repository/org/springframework/boot/spring-boot-starter-validation/3.4.4/spring-boot-starter-validation-3.4.4.jar:/Users/krhisnaoyanedelyanez/.m2/repository/org/springframework/boot/spring-boot-starter/3.4.4/spring-boot-starter-3.4.4.jar:/Users/krhisnaoyanedelyanez/.m2/repository/org/springframework/boot/spring-boot-starter-logging/3.4.4/spring-boot-starter-logging-3.4.4.jar:/Users/krhisnaoyanedelyanez/.m2/repository/ch/qos/logback/logback-classic/1.5.18/logback-classic-1.5.18.jar:/Users/krhisnaoyanedelyanez/.m2/repository/ch/qos/logback/logback-core/1.5.18/logback-core-1.5.18.jar:/Users/krhisnaoyanedelyanez/.m2/repository/org/apache/logging/log4j/log4j-to-slf4j/2.24.3/log4j-to-slf4j-2.24.3.jar:/Users/krhisnaoyanedelyanez/.m2/repository/org/apache/logging/log4j/log4j-api/2.24.3/log4j-api-2.24.3.jar:/Users/krhisnaoyanedelyanez/.m2/repository/org/slf4j/jul-to-slf4j/2.0.17/jul-to-slf4j-2.0.17.jar:/Users/krhisnaoyanedelyanez/.m2/repository/jakarta/annotation/jakarta.annotation-api/2.1.1/jakarta.annotation-api-2.1.1.jar:/Users/krhisnaoyanedelyanez/.m2/repository/org/yaml/snakeyaml/2.3/snakeyaml-2.3.jar:/Users/krhisnaoyanedelyanez/.m2/repository/org/apache/tomcat/embed/tomcat-embed-el/10.1.39/tomcat-embed-el-10.1.39.jar:/Users/krhisnaoyanedelyanez/.m2/repository/org/hibernate/validator/hibernate-validator/8.0.2.Final/hibernate-validator-8.0.2.Final.jar:/Users/krhisnaoyanedelyanez/.m2/repository/jakarta/validation/jakarta.validation-api/3.0.2/jakarta.validation-api-3.0.2.jar:/Users/krhisnaoyanedelyanez/.m2/repository/org/jboss/logging/jboss-logging/3.6.1.Final/jboss-logging-3.6.1.Final.jar:/Users/krhisnaoyanedelyanez/.m2/repository/com/fasterxml/classmate/1.7.0/classmate-1.7.0.jar:/Users/krhisnaoyanedelyanez/.m2/repository/com/h2database/h2/2.3.232/h2-2.3.232.jar:/Users/krhisnaoyanedelyanez/.m2/repository/org/hamcrest/hamcrest/2.2/hamcrest-2.2.jar:/Users/krhisnaoyanedelyanez/.m2/repository/org/springframework/boot/spring-boot-starter-actuator/3.4.4/spring-boot-starter-actuator-3.4.4.jar:/Users/krhisnaoyanedelyanez/.m2/repository/org/springframework/boot/spring-boot-actuator-autoconfigure/3.4.4/spring-boot-actuator-autoconfigure-3.4.4.jar:/Users/krhisnaoyanedelyanez/.m2/repository/org/springframework/boot/spring-boot-actuator/3.4.4/spring-boot-actuator-3.4.4.jar:/Users/krhisnaoyanedelyanez/.m2/repository/com/fasterxml/jackson/core/jackson-databind/2.18.3/jackson-databind-2.18.3.jar:/Users/krhisnaoyanedelyanez/.m2/repository/com/fasterxml/jackson/core/jackson-annotations/2.18.3/jackson-annotations-2.18.3.jar:/Users/krhisnaoyanedelyanez/.m2/repository/com/fasterxml/jackson/core/jackson-core/2.18.3/jackson-core-2.18.3.jar:/Users/krhisnaoyanedelyanez/.m2/repository/com/fasterxml/jackson/datatype/jackson-datatype-jsr310/2.18.3/jackson-datatype-jsr310-2.18.3.jar:/Users/krhisnaoyanedelyanez/.m2/repository/io/micrometer/micrometer-observation/1.14.5/micrometer-observation-1.14.5.jar:/Users/krhisnaoyanedelyanez/.m2/repository/io/micrometer/micrometer-commons/1.14.5/micrometer-commons-1.14.5.jar:/Users/krhisnaoyanedelyanez/.m2/repository/io/micrometer/micrometer-jakarta9/1.14.5/micrometer-jakarta9-1.14.5.jar:/Users/krhisnaoyanedelyanez/.m2/repository/io/micrometer/micrometer-core/1.14.5/micrometer-core-1.14.5.jar:/Users/krhisnaoyanedelyanez/.m2/repository/org/hdrhistogram/HdrHistogram/2.2.2/HdrHistogram-2.2.2.jar:/Users/krhisnaoyanedelyanez/.m2/repository/org/latencyutils/LatencyUtils/2.0.3/LatencyUtils-2.0.3.jar:/Users/krhisnaoyanedelyanez/.m2/repository/org/springframework/boot/spring-boot-starter-data-jpa/3.4.4/spring-boot-starter-data-jpa-3.4.4.jar:/Users/krhisnaoyanedelyanez/.m2/repository/org/springframework/boot/spring-boot-starter-jdbc/3.4.4/spring-boot-starter-jdbc-3.4.4.jar:/Users/krhisnaoyanedelyanez/.m2/repository/com/zaxxer/HikariCP/5.1.0/HikariCP-5.1.0.jar:/Users/krhisnaoyanedelyanez/.m2/repository/org/springframework/spring-jdbc/6.2.5/spring-jdbc-6.2.5.jar:/Users/krhisnaoyanedelyanez/.m2/repository/org/hibernate/orm/hibernate-core/6.6.11.Final/hibernate-core-6.6.11.Final.jar:/Users/krhisnaoyanedelyanez/.m2/repository/jakarta/persistence/jakarta.persistence-api/3.1.0/jakarta.persistence-api-3.1.0.jar:/Users/krhisnaoyanedelyanez/.m2/repository/jakarta/transaction/jakarta.transaction-api/2.0.1/jakarta.transaction-api-2.0.1.jar:/Users/krhisnaoyanedelyanez/.m2/repository/org/hibernate/common/hibernate-commons-annotations/7.0.3.Final/hibernate-commons-annotations-7.0.3.Final.jar:/Users/krhisnaoyanedelyanez/.m2/repository/io/smallrye/jandex/3.2.0/jandex-3.2.0.jar:/Users/krhisnaoyanedelyanez/.m2/repository/net/bytebuddy/byte-buddy/1.15.11/byte-buddy-1.15.11.jar:/Users/krhisnaoyanedelyanez/.m2/repository/org/glassfish/jaxb/jaxb-runtime/4.0.5/jaxb-runtime-4.0.5.jar:/Users/krhisnaoyanedelyanez/.m2/repository/org/glassfish/jaxb/jaxb-core/4.0.5/jaxb-core-4.0.5.jar:/Users/krhisnaoyanedelyanez/.m2/repository/org/eclipse/angus/angus-activation/2.0.2/angus-activation-2.0.2.jar:/Users/krhisnaoyanedelyanez/.m2/repository/org/glassfish/jaxb/txw2/4.0.5/txw2-4.0.5.jar:/Users/krhisnaoyanedelyanez/.m2/repository/com/sun/istack/istack-commons-runtime/4.1.2/istack-commons-runtime-4.1.2.jar:/Users/krhisnaoyanedelyanez/.m2/repository/jakarta/inject/jakarta.inject-api/2.0.1/jakarta.inject-api-2.0.1.jar:/Users/krhisnaoyanedelyanez/.m2/repository/org/antlr/antlr4-runtime/4.13.0/antlr4-runtime-4.13.0.jar:/Users/krhisnaoyanedelyanez/.m2/repository/org/springframework/data/spring-data-jpa/3.4.4/spring-data-jpa-3.4.4.jar:/Users/krhisnaoyanedelyanez/.m2/repository/org/springframework/data/spring-data-commons/3.4.4/spring-data-commons-3.4.4.jar:/Users/krhisnaoyanedelyanez/.m2/repository/org/springframework/spring-orm/6.2.5/spring-orm-6.2.5.jar:/Users/krhisnaoyanedelyanez/.m2/repository/org/springframework/spring-context/6.2.5/spring-context-6.2.5.jar:/Users/krhisnaoyanedelyanez/.m2/repository/org/springframework/spring-aop/6.2.5/spring-aop-6.2.5.jar:/Users/krhisnaoyanedelyanez/.m2/repository/org/springframework/spring-tx/6.2.5/spring-tx-6.2.5.jar:/Users/krhisnaoyanedelyanez/.m2/repository/org/springframework/spring-beans/6.2.5/spring-beans-6.2.5.jar:/Users/krhisnaoyanedelyanez/.m2/repository/org/slf4j/slf4j-api/2.0.17/slf4j-api-2.0.17.jar:/Users/krhisnaoyanedelyanez/.m2/repository/org/springframework/spring-aspects/6.2.5/spring-aspects-6.2.5.jar:/Users/krhisnaoyanedelyanez/.m2/repository/org/aspectj/aspectjweaver/1.9.23/aspectjweaver-1.9.23.jar:/Users/krhisnaoyanedelyanez/.m2/repository/org/springframework/boot/spring-boot-starter-web/3.4.4/spring-boot-starter-web-3.4.4.jar:/Users/krhisnaoyanedelyanez/.m2/repository/org/springframework/boot/spring-boot-starter-json/3.4.4/spring-boot-starter-json-3.4.4.jar:/Users/krhisnaoyanedelyanez/.m2/repository/com/fasterxml/jackson/datatype/jackson-datatype-jdk8/2.18.3/jackson-datatype-jdk8-2.18.3.jar:/Users/krhisnaoyanedelyanez/.m2/repository/com/fasterxml/jackson/module/jackson-module-parameter-names/2.18.3/jackson-module-parameter-names-2.18.3.jar:/Users/krhisnaoyanedelyanez/.m2/repository/org/springframework/boot/spring-boot-starter-tomcat/3.4.4/spring-boot-starter-tomcat-3.4.4.jar:/Users/krhisnaoyanedelyanez/.m2/repository/org/apache/tomcat/embed/tomcat-embed-core/10.1.39/tomcat-embed-core-10.1.39.jar:/Users/krhisnaoyanedelyanez/.m2/repository/org/apache/tomcat/embed/tomcat-embed-websocket/10.1.39/tomcat-embed-websocket-10.1.39.jar:/Users/krhisnaoyanedelyanez/.m2/repository/org/springframework/spring-web/6.2.5/spring-web-6.2.5.jar:/Users/krhisnaoyanedelyanez/.m2/repository/org/springframework/spring-webmvc/6.2.5/spring-webmvc-6.2.5.jar:/Users/krhisnaoyanedelyanez/.m2/repository/org/springframework/spring-expression/6.2.5/spring-expression-6.2.5.jar:/Users/krhisnaoyanedelyanez/.m2/repository/org/springframework/boot/spring-boot-devtools/3.4.4/spring-boot-devtools-3.4.4.jar:/Users/krhisnaoyanedelyanez/.m2/repository/org/springframework/boot/spring-boot/3.4.4/spring-boot-3.4.4.jar:/Users/krhisnaoyanedelyanez/.m2/repository/org/springframework/boot/spring-boot-autoconfigure/3.4.4/spring-boot-autoconfigure-3.4.4.jar:/Users/krhisnaoyanedelyanez/.m2/repository/com/oracle/database/jdbc/ojdbc11/23.5.0.24.07/ojdbc11-23.5.0.24.07.jar:/Users/krhisnaoyanedelyanez/.m2/repository/com/oracle/database/jdbc/ucp11/23.5.0.24.07/ucp11-23.5.0.24.07.jar:/Users/krhisnaoyanedelyanez/.m2/repository/com/oracle/database/jdbc/rsi/23.5.0.24.07/rsi-23.5.0.24.07.jar:/Users/krhisnaoyanedelyanez/.m2/repository/com/oracle/database/ha/simplefan/23.5.0.24.07/simplefan-23.5.0.24.07.jar:/Users/krhisnaoyanedelyanez/.m2/repository/com/oracle/database/ha/ons/23.5.0.24.07/ons-23.5.0.24.07.jar:/Users/krhisnaoyanedelyanez/.m2/repository/com/oracle/database/nls/orai18n/23.5.0.24.07/orai18n-23.5.0.24.07.jar:/Users/krhisnaoyanedelyanez/.m2/repository/com/oracle/database/xml/xdb/23.5.0.24.07/xdb-23.5.0.24.07.jar:/Users/krhisnaoyanedelyanez/.m2/repository/com/oracle/database/xml/xmlparserv2/23.5.0.24.07/xmlparserv2-23.5.0.24.07.jar:/Users/krhisnaoyanedelyanez/.m2/repository/com/oracle/database/security/oraclepki/21.5.0.0/oraclepki-21.5.0.0.jar:/Users/krhisnaoyanedelyanez/.m2/repository/com/oracle/database/security/osdt_cert/21.5.0.0/osdt_cert-21.5.0.0.jar:/Users/krhisnaoyanedelyanez/.m2/repository/com/oracle/database/security/osdt_core/21.5.0.0/osdt_core-21.5.0.0.jar:/Users/krhisnaoyanedelyanez/.m2/repository/org/springframework/boot/spring-boot-starter-hateoas/3.4.4/spring-boot-starter-hateoas-3.4.4.jar:/Users/krhisnaoyanedelyanez/.m2/repository/org/springframework/hateoas/spring-hateoas/2.4.1/spring-hateoas-2.4.1.jar:/Users/krhisnaoyanedelyanez/.m2/repository/org/springframework/plugin/spring-plugin-core/3.0.0/spring-plugin-core-3.0.0.jar:/Users/krhisnaoyanedelyanez/.m2/repository/org/projectlombok/lombok/1.18.36/lombok-1.18.36.jar:/Users/krhisnaoyanedelyanez/.m2/repository/org/springframework/boot/spring-boot-starter-test/3.4.4/spring-boot-starter-test-3.4.4.jar:/Users/krhisnaoyanedelyanez/.m2/repository/org/springframework/boot/spring-boot-test/3.4.4/spring-boot-test-3.4.4.jar:/Users/krhisnaoyanedelyanez/.m2/repository/org/springframework/boot/spring-boot-test-autoconfigure/3.4.4/spring-boot-test-autoconfigure-3.4.4.jar:/Users/krhisnaoyanedelyanez/.m2/repository/com/jayway/jsonpath/json-path/2.9.0/json-path-2.9.0.jar:/Users/krhisnaoyanedelyanez/.m2/repository/jakarta/xml/bind/jakarta.xml.bind-api/4.0.2/jakarta.xml.bind-api-4.0.2.jar:/Users/krhisnaoyanedelyanez/.m2/repository/jakarta/activation/jakarta.activation-api/2.1.3/jakarta.activation-api-2.1.3.jar:/Users/krhisnaoyanedelyanez/.m2/repository/net/minidev/json-smart/2.5.2/json-smart-2.5.2.jar:/Users/krhisnaoyanedelyanez/.m2/repository/net/minidev/accessors-smart/2.5.2/accessors-smart-2.5.2.jar:/Users/krhisnaoyanedelyanez/.m2/repository/org/ow2/asm/asm/9.7.1/asm-9.7.1.jar:/Users/krhisnaoyanedelyanez/.m2/repository/org/assertj/assertj-core/3.26.3/assertj-core-3.26.3.jar:/Users/krhisnaoyanedelyanez/.m2/repository/org/awaitility/awaitility/4.2.2/awaitility-4.2.2.jar:/Users/krhisnaoyanedelyanez/.m2/repository/org/junit/jupiter/junit-jupiter/5.11.4/junit-jupiter-5.11.4.jar:/Users/krhisnaoyanedelyanez/.m2/repository/org/junit/jupiter/junit-jupiter-api/5.11.4/junit-jupiter-api-5.11.4.jar:/Users/krhisnaoyanedelyanez/.m2/repository/org/opentest4j/opentest4j/1.3.0/opentest4j-1.3.0.jar:/Users/krhisnaoyanedelyanez/.m2/repository/org/junit/platform/junit-platform-commons/1.11.4/junit-platform-commons-1.11.4.jar:/Users/krhisnaoyanedelyanez/.m2/repository/org/apiguardian/apiguardian-api/1.1.2/apiguardian-api-1.1.2.jar:/Users/krhisnaoyanedelyanez/.m2/repository/org/junit/jupiter/junit-jupiter-params/5.11.4/junit-jupiter-params-5.11.4.jar:/Users/krhisnaoyanedelyanez/.m2/repository/org/junit/jupiter/junit-jupiter-engine/5.11.4/junit-jupiter-engine-5.11.4.jar:/Users/krhisnaoyanedelyanez/.m2/repository/org/junit/platform/junit-platform-engine/1.11.4/junit-platform-engine-1.11.4.jar:/Users/krhisnaoyanedelyanez/.m2/repository/org/mockito/mockito-core/5.14.2/mockito-core-5.14.2.jar:/Users/krhisnaoyanedelyanez/.m2/repository/net/bytebuddy/byte-buddy-agent/1.15.11/byte-buddy-agent-1.15.11.jar:/Users/krhisnaoyanedelyanez/.m2/repository/org/objenesis/objenesis/3.3/objenesis-3.3.jar:/Users/krhisnaoyanedelyanez/.m2/repository/org/mockito/mockito-junit-jupiter/5.14.2/mockito-junit-jupiter-5.14.2.jar:/Users/krhisnaoyanedelyanez/.m2/repository/org/skyscreamer/jsonassert/1.5.3/jsonassert-1.5.3.jar:/Users/krhisnaoyanedelyanez/.m2/repository/com/vaadin/external/google/android-json/0.0.20131108.vaadin1/android-json-0.0.20131108.vaadin1.jar:/Users/krhisnaoyanedelyanez/.m2/repository/org/springframework/spring-core/6.2.5/spring-core-6.2.5.jar:/Users/krhisnaoyanedelyanez/.m2/repository/org/springframework/spring-jcl/6.2.5/spring-jcl-6.2.5.jar:/Users/krhisnaoyanedelyanez/.m2/repository/org/springframework/spring-test/6.2.5/spring-test-6.2.5.jar:/Users/krhisnaoyanedelyanez/.m2/repository/org/xmlunit/xmlunit-core/2.10.0/xmlunit-core-2.10.0.jar:"/>
    <property name="java.vm.vendor" value="Homebrew"/>
    <property name="sun.arch.data.model" value="64"/>
    <property name="java.vendor.url" value="https://github.com/Homebrew/homebrew-core/issues"/>
    <property name="user.timezone" value="America/Santiago"/>
    <property name="org.jboss.logging.provider" value="slf4j"/>
    <property name="os.name" value="Mac OS X"/>
    <property name="java.vm.specification.version" value="17"/>
    <property name="APPLICATION_NAME" value="gestionenvios"/>
    <property name="sun.java.launcher" value="SUN_STANDARD"/>
    <property name="user.country" value="419"/>
    <property name="sun.boot.library.path" value="/opt/homebrew/Cellar/openjdk@17/17.0.15/libexec/openjdk.jdk/Contents/Home/lib"/>
    <property name="sun.java.command" value="/Users/krhisnaoyanedelyanez/Desktop/EFT_GESTIONENVIOS/target/surefire/surefirebooter-20250511162931250_3.jar /Users/krhisnaoyanedelyanez/Desktop/EFT_GESTIONENVIOS/target/surefire 2025-05-11T16-29-31_172-jvmRun1 surefire-20250511162931250_1tmp surefire_0-20250511162931250_2tmp"/>
    <property name="http.nonProxyHosts" value="local|*.local|169.254/16|*.169.254/16"/>
    <property name="jdk.debug" value="release"/>
    <property name="surefire.test.class.path" value="/Users/krhisnaoyanedelyanez/Desktop/EFT_GESTIONENVIOS/target/test-classes:/Users/krhisnaoyanedelyanez/Desktop/EFT_GESTIONENVIOS/target/classes:/Users/krhisnaoyanedelyanez/.m2/repository/org/springframework/boot/spring-boot-starter-validation/3.4.4/spring-boot-starter-validation-3.4.4.jar:/Users/krhisnaoyanedelyanez/.m2/repository/org/springframework/boot/spring-boot-starter/3.4.4/spring-boot-starter-3.4.4.jar:/Users/krhisnaoyanedelyanez/.m2/repository/org/springframework/boot/spring-boot-starter-logging/3.4.4/spring-boot-starter-logging-3.4.4.jar:/Users/krhisnaoyanedelyanez/.m2/repository/ch/qos/logback/logback-classic/1.5.18/logback-classic-1.5.18.jar:/Users/krhisnaoyanedelyanez/.m2/repository/ch/qos/logback/logback-core/1.5.18/logback-core-1.5.18.jar:/Users/krhisnaoyanedelyanez/.m2/repository/org/apache/logging/log4j/log4j-to-slf4j/2.24.3/log4j-to-slf4j-2.24.3.jar:/Users/krhisnaoyanedelyanez/.m2/repository/org/apache/logging/log4j/log4j-api/2.24.3/log4j-api-2.24.3.jar:/Users/krhisnaoyanedelyanez/.m2/repository/org/slf4j/jul-to-slf4j/2.0.17/jul-to-slf4j-2.0.17.jar:/Users/krhisnaoyanedelyanez/.m2/repository/jakarta/annotation/jakarta.annotation-api/2.1.1/jakarta.annotation-api-2.1.1.jar:/Users/krhisnaoyanedelyanez/.m2/repository/org/yaml/snakeyaml/2.3/snakeyaml-2.3.jar:/Users/krhisnaoyanedelyanez/.m2/repository/org/apache/tomcat/embed/tomcat-embed-el/10.1.39/tomcat-embed-el-10.1.39.jar:/Users/krhisnaoyanedelyanez/.m2/repository/org/hibernate/validator/hibernate-validator/8.0.2.Final/hibernate-validator-8.0.2.Final.jar:/Users/krhisnaoyanedelyanez/.m2/repository/jakarta/validation/jakarta.validation-api/3.0.2/jakarta.validation-api-3.0.2.jar:/Users/krhisnaoyanedelyanez/.m2/repository/org/jboss/logging/jboss-logging/3.6.1.Final/jboss-logging-3.6.1.Final.jar:/Users/krhisnaoyanedelyanez/.m2/repository/com/fasterxml/classmate/1.7.0/classmate-1.7.0.jar:/Users/krhisnaoyanedelyanez/.m2/repository/com/h2database/h2/2.3.232/h2-2.3.232.jar:/Users/krhisnaoyanedelyanez/.m2/repository/org/hamcrest/hamcrest/2.2/hamcrest-2.2.jar:/Users/krhisnaoyanedelyanez/.m2/repository/org/springframework/boot/spring-boot-starter-actuator/3.4.4/spring-boot-starter-actuator-3.4.4.jar:/Users/krhisnaoyanedelyanez/.m2/repository/org/springframework/boot/spring-boot-actuator-autoconfigure/3.4.4/spring-boot-actuator-autoconfigure-3.4.4.jar:/Users/krhisnaoyanedelyanez/.m2/repository/org/springframework/boot/spring-boot-actuator/3.4.4/spring-boot-actuator-3.4.4.jar:/Users/krhisnaoyanedelyanez/.m2/repository/com/fasterxml/jackson/core/jackson-databind/2.18.3/jackson-databind-2.18.3.jar:/Users/krhisnaoyanedelyanez/.m2/repository/com/fasterxml/jackson/core/jackson-annotations/2.18.3/jackson-annotations-2.18.3.jar:/Users/krhisnaoyanedelyanez/.m2/repository/com/fasterxml/jackson/core/jackson-core/2.18.3/jackson-core-2.18.3.jar:/Users/krhisnaoyanedelyanez/.m2/repository/com/fasterxml/jackson/datatype/jackson-datatype-jsr310/2.18.3/jackson-datatype-jsr310-2.18.3.jar:/Users/krhisnaoyanedelyanez/.m2/repository/io/micrometer/micrometer-observation/1.14.5/micrometer-observation-1.14.5.jar:/Users/krhisnaoyanedelyanez/.m2/repository/io/micrometer/micrometer-commons/1.14.5/micrometer-commons-1.14.5.jar:/Users/krhisnaoyanedelyanez/.m2/repository/io/micrometer/micrometer-jakarta9/1.14.5/micrometer-jakarta9-1.14.5.jar:/Users/krhisnaoyanedelyanez/.m2/repository/io/micrometer/micrometer-core/1.14.5/micrometer-core-1.14.5.jar:/Users/krhisnaoyanedelyanez/.m2/repository/org/hdrhistogram/HdrHistogram/2.2.2/HdrHistogram-2.2.2.jar:/Users/krhisnaoyanedelyanez/.m2/repository/org/latencyutils/LatencyUtils/2.0.3/LatencyUtils-2.0.3.jar:/Users/krhisnaoyanedelyanez/.m2/repository/org/springframework/boot/spring-boot-starter-data-jpa/3.4.4/spring-boot-starter-data-jpa-3.4.4.jar:/Users/krhisnaoyanedelyanez/.m2/repository/org/springframework/boot/spring-boot-starter-jdbc/3.4.4/spring-boot-starter-jdbc-3.4.4.jar:/Users/krhisnaoyanedelyanez/.m2/repository/com/zaxxer/HikariCP/5.1.0/HikariCP-5.1.0.jar:/Users/krhisnaoyanedelyanez/.m2/repository/org/springframework/spring-jdbc/6.2.5/spring-jdbc-6.2.5.jar:/Users/krhisnaoyanedelyanez/.m2/repository/org/hibernate/orm/hibernate-core/6.6.11.Final/hibernate-core-6.6.11.Final.jar:/Users/krhisnaoyanedelyanez/.m2/repository/jakarta/persistence/jakarta.persistence-api/3.1.0/jakarta.persistence-api-3.1.0.jar:/Users/krhisnaoyanedelyanez/.m2/repository/jakarta/transaction/jakarta.transaction-api/2.0.1/jakarta.transaction-api-2.0.1.jar:/Users/krhisnaoyanedelyanez/.m2/repository/org/hibernate/common/hibernate-commons-annotations/7.0.3.Final/hibernate-commons-annotations-7.0.3.Final.jar:/Users/krhisnaoyanedelyanez/.m2/repository/io/smallrye/jandex/3.2.0/jandex-3.2.0.jar:/Users/krhisnaoyanedelyanez/.m2/repository/net/bytebuddy/byte-buddy/1.15.11/byte-buddy-1.15.11.jar:/Users/krhisnaoyanedelyanez/.m2/repository/org/glassfish/jaxb/jaxb-runtime/4.0.5/jaxb-runtime-4.0.5.jar:/Users/krhisnaoyanedelyanez/.m2/repository/org/glassfish/jaxb/jaxb-core/4.0.5/jaxb-core-4.0.5.jar:/Users/krhisnaoyanedelyanez/.m2/repository/org/eclipse/angus/angus-activation/2.0.2/angus-activation-2.0.2.jar:/Users/krhisnaoyanedelyanez/.m2/repository/org/glassfish/jaxb/txw2/4.0.5/txw2-4.0.5.jar:/Users/krhisnaoyanedelyanez/.m2/repository/com/sun/istack/istack-commons-runtime/4.1.2/istack-commons-runtime-4.1.2.jar:/Users/krhisnaoyanedelyanez/.m2/repository/jakarta/inject/jakarta.inject-api/2.0.1/jakarta.inject-api-2.0.1.jar:/Users/krhisnaoyanedelyanez/.m2/repository/org/antlr/antlr4-runtime/4.13.0/antlr4-runtime-4.13.0.jar:/Users/krhisnaoyanedelyanez/.m2/repository/org/springframework/data/spring-data-jpa/3.4.4/spring-data-jpa-3.4.4.jar:/Users/krhisnaoyanedelyanez/.m2/repository/org/springframework/data/spring-data-commons/3.4.4/spring-data-commons-3.4.4.jar:/Users/krhisnaoyanedelyanez/.m2/repository/org/springframework/spring-orm/6.2.5/spring-orm-6.2.5.jar:/Users/krhisnaoyanedelyanez/.m2/repository/org/springframework/spring-context/6.2.5/spring-context-6.2.5.jar:/Users/krhisnaoyanedelyanez/.m2/repository/org/springframework/spring-aop/6.2.5/spring-aop-6.2.5.jar:/Users/krhisnaoyanedelyanez/.m2/repository/org/springframework/spring-tx/6.2.5/spring-tx-6.2.5.jar:/Users/krhisnaoyanedelyanez/.m2/repository/org/springframework/spring-beans/6.2.5/spring-beans-6.2.5.jar:/Users/krhisnaoyanedelyanez/.m2/repository/org/slf4j/slf4j-api/2.0.17/slf4j-api-2.0.17.jar:/Users/krhisnaoyanedelyanez/.m2/repository/org/springframework/spring-aspects/6.2.5/spring-aspects-6.2.5.jar:/Users/krhisnaoyanedelyanez/.m2/repository/org/aspectj/aspectjweaver/1.9.23/aspectjweaver-1.9.23.jar:/Users/krhisnaoyanedelyanez/.m2/repository/org/springframework/boot/spring-boot-starter-web/3.4.4/spring-boot-starter-web-3.4.4.jar:/Users/krhisnaoyanedelyanez/.m2/repository/org/springframework/boot/spring-boot-starter-json/3.4.4/spring-boot-starter-json-3.4.4.jar:/Users/krhisnaoyanedelyanez/.m2/repository/com/fasterxml/jackson/datatype/jackson-datatype-jdk8/2.18.3/jackson-datatype-jdk8-2.18.3.jar:/Users/krhisnaoyanedelyanez/.m2/repository/com/fasterxml/jackson/module/jackson-module-parameter-names/2.18.3/jackson-module-parameter-names-2.18.3.jar:/Users/krhisnaoyanedelyanez/.m2/repository/org/springframework/boot/spring-boot-starter-tomcat/3.4.4/spring-boot-starter-tomcat-3.4.4.jar:/Users/krhisnaoyanedelyanez/.m2/repository/org/apache/tomcat/embed/tomcat-embed-core/10.1.39/tomcat-embed-core-10.1.39.jar:/Users/krhisnaoyanedelyanez/.m2/repository/org/apache/tomcat/embed/tomcat-embed-websocket/10.1.39/tomcat-embed-websocket-10.1.39.jar:/Users/krhisnaoyanedelyanez/.m2/repository/org/springframework/spring-web/6.2.5/spring-web-6.2.5.jar:/Users/krhisnaoyanedelyanez/.m2/repository/org/springframework/spring-webmvc/6.2.5/spring-webmvc-6.2.5.jar:/Users/krhisnaoyanedelyanez/.m2/repository/org/springframework/spring-expression/6.2.5/spring-expression-6.2.5.jar:/Users/krhisnaoyanedelyanez/.m2/repository/org/springframework/boot/spring-boot-devtools/3.4.4/spring-boot-devtools-3.4.4.jar:/Users/krhisnaoyanedelyanez/.m2/repository/org/springframework/boot/spring-boot/3.4.4/spring-boot-3.4.4.jar:/Users/krhisnaoyanedelyanez/.m2/repository/org/springframework/boot/spring-boot-autoconfigure/3.4.4/spring-boot-autoconfigure-3.4.4.jar:/Users/krhisnaoyanedelyanez/.m2/repository/com/oracle/database/jdbc/ojdbc11/23.5.0.24.07/ojdbc11-23.5.0.24.07.jar:/Users/krhisnaoyanedelyanez/.m2/repository/com/oracle/database/jdbc/ucp11/23.5.0.24.07/ucp11-23.5.0.24.07.jar:/Users/krhisnaoyanedelyanez/.m2/repository/com/oracle/database/jdbc/rsi/23.5.0.24.07/rsi-23.5.0.24.07.jar:/Users/krhisnaoyanedelyanez/.m2/repository/com/oracle/database/ha/simplefan/23.5.0.24.07/simplefan-23.5.0.24.07.jar:/Users/krhisnaoyanedelyanez/.m2/repository/com/oracle/database/ha/ons/23.5.0.24.07/ons-23.5.0.24.07.jar:/Users/krhisnaoyanedelyanez/.m2/repository/com/oracle/database/nls/orai18n/23.5.0.24.07/orai18n-23.5.0.24.07.jar:/Users/krhisnaoyanedelyanez/.m2/repository/com/oracle/database/xml/xdb/23.5.0.24.07/xdb-23.5.0.24.07.jar:/Users/krhisnaoyanedelyanez/.m2/repository/com/oracle/database/xml/xmlparserv2/23.5.0.24.07/xmlparserv2-23.5.0.24.07.jar:/Users/krhisnaoyanedelyanez/.m2/repository/com/oracle/database/security/oraclepki/21.5.0.0/oraclepki-21.5.0.0.jar:/Users/krhisnaoyanedelyanez/.m2/repository/com/oracle/database/security/osdt_cert/21.5.0.0/osdt_cert-21.5.0.0.jar:/Users/krhisnaoyanedelyanez/.m2/repository/com/oracle/database/security/osdt_core/21.5.0.0/osdt_core-21.5.0.0.jar:/Users/krhisnaoyanedelyanez/.m2/repository/org/springframework/boot/spring-boot-starter-hateoas/3.4.4/spring-boot-starter-hateoas-3.4.4.jar:/Users/krhisnaoyanedelyanez/.m2/repository/org/springframework/hateoas/spring-hateoas/2.4.1/spring-hateoas-2.4.1.jar:/Users/krhisnaoyanedelyanez/.m2/repository/org/springframework/plugin/spring-plugin-core/3.0.0/spring-plugin-core-3.0.0.jar:/Users/krhisnaoyanedelyanez/.m2/repository/org/projectlombok/lombok/1.18.36/lombok-1.18.36.jar:/Users/krhisnaoyanedelyanez/.m2/repository/org/springframework/boot/spring-boot-starter-test/3.4.4/spring-boot-starter-test-3.4.4.jar:/Users/krhisnaoyanedelyanez/.m2/repository/org/springframework/boot/spring-boot-test/3.4.4/spring-boot-test-3.4.4.jar:/Users/krhisnaoyanedelyanez/.m2/repository/org/springframework/boot/spring-boot-test-autoconfigure/3.4.4/spring-boot-test-autoconfigure-3.4.4.jar:/Users/krhisnaoyanedelyanez/.m2/repository/com/jayway/jsonpath/json-path/2.9.0/json-path-2.9.0.jar:/Users/krhisnaoyanedelyanez/.m2/repository/jakarta/xml/bind/jakarta.xml.bind-api/4.0.2/jakarta.xml.bind-api-4.0.2.jar:/Users/krhisnaoyanedelyanez/.m2/repository/jakarta/activation/jakarta.activation-api/2.1.3/jakarta.activation-api-2.1.3.jar:/Users/krhisnaoyanedelyanez/.m2/repository/net/minidev/json-smart/2.5.2/json-smart-2.5.2.jar:/Users/krhisnaoyanedelyanez/.m2/repository/net/minidev/accessors-smart/2.5.2/accessors-smart-2.5.2.jar:/Users/krhisnaoyanedelyanez/.m2/repository/org/ow2/asm/asm/9.7.1/asm-9.7.1.jar:/Users/krhisnaoyanedelyanez/.m2/repository/org/assertj/assertj-core/3.26.3/assertj-core-3.26.3.jar:/Users/krhisnaoyanedelyanez/.m2/repository/org/awaitility/awaitility/4.2.2/awaitility-4.2.2.jar:/Users/krhisnaoyanedelyanez/.m2/repository/org/junit/jupiter/junit-jupiter/5.11.4/junit-jupiter-5.11.4.jar:/Users/krhisnaoyanedelyanez/.m2/repository/org/junit/jupiter/junit-jupiter-api/5.11.4/junit-jupiter-api-5.11.4.jar:/Users/krhisnaoyanedelyanez/.m2/repository/org/opentest4j/opentest4j/1.3.0/opentest4j-1.3.0.jar:/Users/krhisnaoyanedelyanez/.m2/repository/org/junit/platform/junit-platform-commons/1.11.4/junit-platform-commons-1.11.4.jar:/Users/krhisnaoyanedelyanez/.m2/repository/org/apiguardian/apiguardian-api/1.1.2/apiguardian-api-1.1.2.jar:/Users/krhisnaoyanedelyanez/.m2/repository/org/junit/jupiter/junit-jupiter-params/5.11.4/junit-jupiter-params-5.11.4.jar:/Users/krhisnaoyanedelyanez/.m2/repository/org/junit/jupiter/junit-jupiter-engine/5.11.4/junit-jupiter-engine-5.11.4.jar:/Users/krhisnaoyanedelyanez/.m2/repository/org/junit/platform/junit-platform-engine/1.11.4/junit-platform-engine-1.11.4.jar:/Users/krhisnaoyanedelyanez/.m2/repository/org/mockito/mockito-core/5.14.2/mockito-core-5.14.2.jar:/Users/krhisnaoyanedelyanez/.m2/repository/net/bytebuddy/byte-buddy-agent/1.15.11/byte-buddy-agent-1.15.11.jar:/Users/krhisnaoyanedelyanez/.m2/repository/org/objenesis/objenesis/3.3/objenesis-3.3.jar:/Users/krhisnaoyanedelyanez/.m2/repository/org/mockito/mockito-junit-jupiter/5.14.2/mockito-junit-jupiter-5.14.2.jar:/Users/krhisnaoyanedelyanez/.m2/repository/org/skyscreamer/jsonassert/1.5.3/jsonassert-1.5.3.jar:/Users/krhisnaoyanedelyanez/.m2/repository/com/vaadin/external/google/android-json/0.0.20131108.vaadin1/android-json-0.0.20131108.vaadin1.jar:/Users/krhisnaoyanedelyanez/.m2/repository/org/springframework/spring-core/6.2.5/spring-core-6.2.5.jar:/Users/krhisnaoyanedelyanez/.m2/repository/org/springframework/spring-jcl/6.2.5/spring-jcl-6.2.5.jar:/Users/krhisnaoyanedelyanez/.m2/repository/org/springframework/spring-test/6.2.5/spring-test-6.2.5.jar:/Users/krhisnaoyanedelyanez/.m2/repository/org/xmlunit/xmlunit-core/2.10.0/xmlunit-core-2.10.0.jar:"/>
    <property name="sun.cpu.endian" value="little"/>
    <property name="user.home" value="/Users/krhisnaoyanedelyanez"/>
    <property name="user.language" value="es"/>
    <property name="java.specification.vendor" value="Oracle Corporation"/>
    <property name="java.version.date" value="2025-04-15"/>
    <property name="java.home" value="/opt/homebrew/Cellar/openjdk@17/17.0.15/libexec/openjdk.jdk/Contents/Home"/>
    <property name="file.separator" value="/"/>
    <property name="basedir" value="/Users/krhisnaoyanedelyanez/Desktop/EFT_GESTIONENVIOS"/>
    <property name="java.vm.compressedOopsMode" value="Zero based"/>
    <property name="line.separator" value="&#10;"/>
    <property name="java.vm.specification.vendor" value="Oracle Corporation"/>
    <property name="java.specification.name" value="Java Platform API Specification"/>
    <property name="FILE_LOG_CHARSET" value="UTF-8"/>
    <property name="java.awt.headless" value="true"/>
    <property name="surefire.real.class.path" value="/Users/krhisnaoyanedelyanez/Desktop/EFT_GESTIONENVIOS/target/surefire/surefirebooter-20250511162931250_3.jar"/>
    <property name="sun.management.compiler" value="HotSpot 64-Bit Tiered Compilers"/>
    <property name="ftp.nonProxyHosts" value="local|*.local|169.254/16|*.169.254/16"/>
    <property name="java.runtime.version" value="17.0.15+0"/>
    <property name="user.name" value="krhisnaoyanedelyanez"/>
    <property name="path.separator" value=":"/>
    <property name="os.version" value="15.4.1"/>
    <property name="java.runtime.name" value="OpenJDK Runtime Environment"/>
    <property name="file.encoding" value="UTF-8"/>
    <property name="java.vm.name" value="OpenJDK 64-Bit Server VM"/>
    <property name="java.vendor.version" value="Homebrew"/>
    <property name="localRepository" value="/Users/krhisnaoyanedelyanez/.m2/repository"/>
    <property name="java.vendor.url.bug" value="https://github.com/Homebrew/homebrew-core/issues"/>
    <property name="java.io.tmpdir" value="/var/folders/vy/9lv_s96x1zq699h2mzyvgdrr0000gn/T/"/>
    <property name="com.zaxxer.hikari.pool_number" value="2"/>
    <property name="java.version" value="17.0.15"/>
    <property name="user.dir" value="/Users/krhisnaoyanedelyanez/Desktop/EFT_GESTIONENVIOS"/>
    <property name="os.arch" value="aarch64"/>
    <property name="java.vm.specification.name" value="Java Virtual Machine Specification"/>
    <property name="PID" value="13072"/>
    <property name="CONSOLE_LOG_CHARSET" value="UTF-8"/>
    <property name="native.encoding" value="UTF-8"/>
    <property name="java.library.path" value="/Users/krhisnaoyanedelyanez/Library/Java/Extensions:/Library/Java/Extensions:/Network/Library/Java/Extensions:/System/Library/Java/Extensions:/usr/lib/java:."/>
    <property name="java.vm.info" value="mixed mode, sharing"/>
    <property name="java.vendor" value="Homebrew"/>
    <property name="java.vm.version" value="17.0.15+0"/>
    <property name="java.specification.maintenance.version" value="1"/>
    <property name="sun.io.unicode.encoding" value="UnicodeBig"/>
    <property name="socksNonProxyHosts" value="local|*.local|169.254/16|*.169.254/16"/>
    <property name="java.class.version" value="61.0"/>
    <property name="LOGGED_APPLICATION_NAME" value="[gestionenvios] "/>
  </properties>
  <testcase name="testNoEncontrarEnvioPorId" classname="com.example.gestionenvios.repository.EnviosRepositoryTest" time="0.082">
    <system-out><![CDATA[2025-05-11T16:29:43.099-04:00 DEBUG 13072 --- [gestionenvios] [           main] b.t.a.o.j.DataJpaTestContextBootstrapper : Neither @ContextConfiguration nor @ContextHierarchy found for test class [EnviosRepositoryTest]: using SpringBootContextLoader
2025-05-11T16:29:43.100-04:00 DEBUG 13072 --- [gestionenvios] [           main] o.s.t.c.support.AbstractContextLoader    : Could not detect default resource locations for test class [com.example.gestionenvios.repository.EnviosRepositoryTest]: no resource found for suffixes {-context.xml, Context.groovy}.
2025-05-11T16:29:43.100-04:00  INFO 13072 --- [gestionenvios] [           main] t.c.s.AnnotationConfigContextLoaderUtils : Could not detect default configuration classes for test class [com.example.gestionenvios.repository.EnviosRepositoryTest]: EnviosRepositoryTest does not declare any static, non-private, non-final, nested classes annotated with @Configuration.
2025-05-11T16:29:43.101-04:00 DEBUG 13072 --- [gestionenvios] [           main] b.t.a.o.j.DataJpaTestContextBootstrapper : Using ContextCustomizerFactory implementations for test class [EnviosRepositoryTest]: [ImportsContextCustomizerFactory, ExcludeFilterContextCustomizerFactory, HttpGraphQlTesterContextCustomizerFactory, DuplicateJsonObjectContextCustomizerFactory, MockitoContextCustomizerFactory, TestRestTemplateContextCustomizerFactory, WebTestClientContextCustomizerFactory, DisableReactorResourceFactoryGlobalResourcesContextCustomizerFactory, OnFailureConditionReportContextCustomizerFactory, OverrideAutoConfigurationContextCustomizerFactory, ObservabilityContextCustomizerFactory, TypeExcludeFiltersContextCustomizerFactory, PropertyMappingContextCustomizerFactory, WebDriverContextCustomizerFactory, BeanOverrideContextCustomizerFactory, MockServerContainerContextCustomizerFactory, DynamicPropertiesContextCustomizerFactory]
2025-05-11T16:29:43.119-04:00 DEBUG 13072 --- [gestionenvios] [           main] b.t.a.o.j.DataJpaTestContextBootstrapper : Using ContextCustomizers for test class [EnviosRepositoryTest]: [ImportsContextCustomizer, ExcludeFilterContextCustomizer, DuplicateJsonObjectContextCustomizer, MockitoContextCustomizer, DisableReactorResourceFactoryGlobalResourcesContextCustomizerCustomizer, OnFailureConditionReportContextCustomizer, DisableAutoConfigurationContextCustomizer, DisableObservabilityContextCustomizer, TypeExcludeFiltersContextCustomizer, PropertyMappingContextCustomizer, WebDriverContextCustomizer, DynamicPropertiesContextCustomizer]
2025-05-11T16:29:43.124-04:00 DEBUG 13072 --- [gestionenvios] [           main] ssPathScanningCandidateComponentProvider : Identified candidate component class: file [/Users/krhisnaoyanedelyanez/Desktop/EFT_GESTIONENVIOS/target/classes/com/example/gestionenvios/GestionenviosApplication.class]
2025-05-11T16:29:43.124-04:00  INFO 13072 --- [gestionenvios] [           main] .b.t.c.SpringBootTestContextBootstrapper : Found @SpringBootConfiguration com.example.gestionenvios.GestionenviosApplication for test class com.example.gestionenvios.repository.EnviosRepositoryTest
2025-05-11T16:29:43.125-04:00 DEBUG 13072 --- [gestionenvios] [           main] .s.t.c.u.TestContextSpringFactoriesUtils : Skipping candidate TestExecutionListener [org.springframework.test.context.observation.MicrometerObservationRegistryTestExecutionListener] due to a missing dependency. Specify custom TestExecutionListener classes or make the default TestExecutionListener classes and their required dependencies available. Offending class: io.micrometer.context.ThreadLocalAccessor. MicrometerObservationRegistryTestExecutionListener requires io.micrometer:micrometer-observation:1.10.8 or higher and io.micrometer:context-propagation:1.0.3 or higher.
2025-05-11T16:29:43.126-04:00 DEBUG 13072 --- [gestionenvios] [           main] b.t.a.o.j.DataJpaTestContextBootstrapper : Using TestExecutionListeners for test class [EnviosRepositoryTest]: [ServletTestExecutionListener, DirtiesContextBeforeModesTestExecutionListener, ApplicationEventsTestExecutionListener, MockitoTestExecutionListener, BeanOverrideTestExecutionListener, DependencyInjectionTestExecutionListener, DirtiesContextTestExecutionListener, CommonCachesTestExecutionListener, TransactionalTestExecutionListener, SqlScriptsTestExecutionListener, EventPublishingTestExecutionListener, ResetMocksTestExecutionListener, RestDocsTestExecutionListener, MockRestServiceServerResetTestExecutionListener, MockMvcPrintOnlyOnFailureTestExecutionListener, WebDriverTestExecutionListener, MockWebServiceServerTestExecutionListener, MockitoResetTestExecutionListener]
2025-05-11T16:29:43.126-04:00 DEBUG 13072 --- [gestionenvios] [           main] sContextBeforeModesTestExecutionListener : Before test class: class [EnviosRepositoryTest], class annotated with @DirtiesContext [false] with mode [null]
2025-05-11T16:29:43.126-04:00 DEBUG 13072 --- [gestionenvios] [           main] DependencyInjectionTestExecutionListener : Performing dependency injection for test class com.example.gestionenvios.repository.EnviosRepositoryTest
2025-05-11T16:29:43.129-04:00  INFO 13072 --- [gestionenvios] [           main] o.s.b.d.r.RestartApplicationListener     : Restart disabled due to context in which it is running
2025-05-11T16:29:43.144-04:00 DEBUG 13072 --- [gestionenvios] [           main] o.s.boot.ApplicationEnvironment          : Activating profiles []
2025-05-11T16:29:43.146-04:00 DEBUG 13072 --- [gestionenvios] [           main] o.s.c.e.PropertySourcesPropertyResolver  : Found key 'spring.application.name' in PropertySource 'configurationProperties' with value of type String

  .   ____          _            __ _ _
 /\\ / ___'_ __ _ _(_)_ __  __ _ \ \ \ \
( ( )\___ | '_ | '_| | '_ \/ _` | \ \ \ \
 \\/  ___)| |_)| | | | | || (_| |  ) ) ) )
  '  |____| .__|_| |_|_| |_\__, | / / / /
 =========|_|==============|___/=/_/_/_/

 :: Spring Boot ::                (v3.4.4)

2025-05-11T16:29:43.154-04:00  INFO 13072 --- [gestionenvios] [           main] c.e.g.repository.EnviosRepositoryTest    : Starting EnviosRepositoryTest using Java 17.0.15 with PID 13072 (started by krhisnaoyanedelyanez in /Users/krhisnaoyanedelyanez/Desktop/EFT_GESTIONENVIOS)
2025-05-11T16:29:43.154-04:00  INFO 13072 --- [gestionenvios] [           main] c.e.g.repository.EnviosRepositoryTest    : No active profile set, falling back to 1 default profile: "default"
2025-05-11T16:29:43.154-04:00 DEBUG 13072 --- [gestionenvios] [           main] o.s.boot.SpringApplication               : Loading source class com.example.gestionenvios.GestionenviosApplication
2025-05-11T16:29:43.156-04:00 DEBUG 13072 --- [gestionenvios] [           main] s.c.a.AnnotationConfigApplicationContext : Refreshing org.springframework.context.annotation.AnnotationConfigApplicationContext@776e4088
2025-05-11T16:29:43.156-04:00 DEBUG 13072 --- [gestionenvios] [           main] o.s.b.f.s.DefaultListableBeanFactory     : Creating shared instance of singleton bean 'org.springframework.context.annotation.internalConfigurationAnnotationProcessor'
2025-05-11T16:29:43.156-04:00 DEBUG 13072 --- [gestionenvios] [           main] o.s.b.f.s.DefaultListableBeanFactory     : Creating shared instance of singleton bean 'org.springframework.boot.autoconfigure.internalCachingMetadataReaderFactory'
2025-05-11T16:29:43.234-04:00  INFO 13072 --- [gestionenvios] [           main] .s.d.r.c.RepositoryConfigurationDelegate : Bootstrapping Spring Data JPA repositories in DEFAULT mode.
2025-05-11T16:29:43.235-04:00 DEBUG 13072 --- [gestionenvios] [           main] o.s.b.f.s.DefaultListableBeanFactory     : Creating shared instance of singleton bean 'org.springframework.boot.autoconfigure.AutoConfigurationPackages'
2025-05-11T16:29:43.236-04:00 DEBUG 13072 --- [gestionenvios] [           main] o.s.b.a.AutoConfigurationPackages        : @EnableAutoConfiguration was declared on a class in the package 'com.example.gestionenvios'. Automatic @Repository and @Entity scanning is enabled.
2025-05-11T16:29:43.236-04:00 DEBUG 13072 --- [gestionenvios] [           main] .s.d.r.c.RepositoryConfigurationDelegate : Scanning for JPA repositories in packages com.example.gestionenvios.
2025-05-11T16:29:43.238-04:00 DEBUG 13072 --- [gestionenvios] [           main] o.s.d.r.c.RepositoryComponentProvider    : Identified candidate component class: file [/Users/krhisnaoyanedelyanez/Desktop/EFT_GESTIONENVIOS/target/classes/com/example/gestionenvios/repository/EnviosRepository.class]
2025-05-11T16:29:43.240-04:00 DEBUG 13072 --- [gestionenvios] [           main] ssPathScanningCandidateComponentProvider : Identified candidate component class: file [/Users/krhisnaoyanedelyanez/Desktop/EFT_GESTIONENVIOS/target/classes/com/example/gestionenvios/service/EnviosServiceImpl.class]
2025-05-11T16:29:43.241-04:00  INFO 13072 --- [gestionenvios] [           main] .s.d.r.c.RepositoryConfigurationDelegate : Finished Spring Data repository scanning in 4 ms. Found 1 JPA repository interface.
2025-05-11T16:29:43.249-04:00 DEBUG 13072 --- [gestionenvios] [           main] o.s.b.f.s.DefaultListableBeanFactory     : Creating shared instance of singleton bean 'org.springframework.boot.test.context.ImportsContextCustomizer$ImportsCleanupPostProcessor'
2025-05-11T16:29:43.250-04:00 DEBUG 13072 --- [gestionenvios] [           main] o.s.b.f.s.DefaultListableBeanFactory     : Creating shared instance of singleton bean 'org.springframework.boot.test.mock.mockito.MockitoPostProcessor'
2025-05-11T16:29:43.250-04:00 DEBUG 13072 --- [gestionenvios] [           main] o.s.b.f.s.DefaultListableBeanFactory     : Creating shared instance of singleton bean 'emBeanDefinitionRegistrarPostProcessor'
2025-05-11T16:29:43.250-04:00 DEBUG 13072 --- [gestionenvios] [           main] o.s.b.f.s.DefaultListableBeanFactory     : Creating shared instance of singleton bean 'org.springframework.boot.sql.init.dependency.DatabaseInitializationDependencyConfigurer$DependsOnDatabaseInitializationPostProcessor'
2025-05-11T16:29:43.254-04:00 DEBUG 13072 --- [gestionenvios] [           main] o.s.b.f.s.DefaultListableBeanFactory     : Creating shared instance of singleton bean 'org.springframework.context.event.internalEventListenerProcessor'
2025-05-11T16:29:43.254-04:00 DEBUG 13072 --- [gestionenvios] [           main] o.s.b.f.s.DefaultListableBeanFactory     : Creating shared instance of singleton bean 'org.springframework.context.event.internalEventListenerFactory'
2025-05-11T16:29:43.254-04:00 DEBUG 13072 --- [gestionenvios] [           main] o.s.b.f.s.DefaultListableBeanFactory     : Creating shared instance of singleton bean 'org.springframework.transaction.config.internalTransactionalEventListenerFactory'
2025-05-11T16:29:43.255-04:00 DEBUG 13072 --- [gestionenvios] [           main] o.s.b.f.s.DefaultListableBeanFactory     : Creating shared instance of singleton bean 'org.springframework.context.annotation.internalAutowiredAnnotationProcessor'
2025-05-11T16:29:43.255-04:00 DEBUG 13072 --- [gestionenvios] [           main] o.s.b.f.s.DefaultListableBeanFactory     : Creating shared instance of singleton bean 'org.springframework.context.annotation.internalCommonAnnotationProcessor'
2025-05-11T16:29:43.255-04:00 DEBUG 13072 --- [gestionenvios] [           main] o.s.b.f.s.DefaultListableBeanFactory     : Creating shared instance of singleton bean 'org.springframework.context.annotation.internalPersistenceAnnotationProcessor'
2025-05-11T16:29:43.255-04:00 DEBUG 13072 --- [gestionenvios] [           main] o.s.b.f.s.DefaultListableBeanFactory     : Creating shared instance of singleton bean 'org.springframework.boot.test.mock.mockito.MockitoPostProcessor$SpyPostProcessor'
2025-05-11T16:29:43.255-04:00 DEBUG 13072 --- [gestionenvios] [           main] o.s.b.f.s.DefaultListableBeanFactory     : Creating shared instance of singleton bean 'jdbcConnectionDetailsHikariBeanPostProcessor'
2025-05-11T16:29:43.255-04:00 DEBUG 13072 --- [gestionenvios] [           main] o.s.b.f.s.DefaultListableBeanFactory     : Creating shared instance of singleton bean 'org.springframework.boot.context.properties.ConfigurationPropertiesBindingPostProcessor'
2025-05-11T16:29:43.255-04:00 DEBUG 13072 --- [gestionenvios] [           main] o.s.b.f.s.DefaultListableBeanFactory     : Creating shared instance of singleton bean 'org.springframework.boot.context.internalConfigurationPropertiesBinder'
2025-05-11T16:29:43.255-04:00 DEBUG 13072 --- [gestionenvios] [           main] o.s.b.f.s.DefaultListableBeanFactory     : Creating shared instance of singleton bean 'org.springframework.aop.config.internalAutoProxyCreator'
2025-05-11T16:29:43.258-04:00 DEBUG 13072 --- [gestionenvios] [           main] o.s.b.f.s.DefaultListableBeanFactory     : Creating shared instance of singleton bean 'org.springframework.test.context.support.internalDynamicPropertyRegistrarBeanInitializer'
2025-05-11T16:29:43.259-04:00 DEBUG 13072 --- [gestionenvios] [           main] o.s.b.f.s.DefaultListableBeanFactory     : Creating shared instance of singleton bean 'org.springframework.transaction.config.internalTransactionAdvisor'
2025-05-11T16:29:43.259-04:00 DEBUG 13072 --- [gestionenvios] [           main] o.s.b.f.s.DefaultListableBeanFactory     : Creating shared instance of singleton bean 'org.springframework.transaction.annotation.ProxyTransactionManagementConfiguration'
2025-05-11T16:29:43.260-04:00 DEBUG 13072 --- [gestionenvios] [           main] o.s.b.f.s.DefaultListableBeanFactory     : Creating shared instance of singleton bean 'transactionAttributeSource'
2025-05-11T16:29:43.260-04:00 DEBUG 13072 --- [gestionenvios] [           main] o.s.b.f.s.DefaultListableBeanFactory     : Creating shared instance of singleton bean 'transactionInterceptor'
2025-05-11T16:29:43.261-04:00 DEBUG 13072 --- [gestionenvios] [           main] o.s.b.f.s.DefaultListableBeanFactory     : Autowiring by type from bean name 'transactionInterceptor' via factory method to bean named 'transactionAttributeSource'
2025-05-11T16:29:43.261-04:00 DEBUG 13072 --- [gestionenvios] [           main] o.s.b.f.s.DefaultListableBeanFactory     : Autowiring by type from bean name 'org.springframework.transaction.config.internalTransactionAdvisor' via factory method to bean named 'transactionAttributeSource'
2025-05-11T16:29:43.261-04:00 DEBUG 13072 --- [gestionenvios] [           main] o.s.b.f.s.DefaultListableBeanFactory     : Autowiring by type from bean name 'org.springframework.transaction.config.internalTransactionAdvisor' via factory method to bean named 'transactionInterceptor'
2025-05-11T16:29:43.261-04:00 DEBUG 13072 --- [gestionenvios] [           main] o.s.b.f.s.DefaultListableBeanFactory     : Creating shared instance of singleton bean 'dataSourceScriptDatabaseInitializer'
2025-05-11T16:29:43.261-04:00 DEBUG 13072 --- [gestionenvios] [           main] o.s.b.f.s.DefaultListableBeanFactory     : Creating shared instance of singleton bean 'org.springframework.boot.autoconfigure.sql.init.DataSourceInitializationConfiguration'
2025-05-11T16:29:43.261-04:00 DEBUG 13072 --- [gestionenvios] [           main] o.s.b.f.s.DefaultListableBeanFactory     : Creating shared instance of singleton bean 'dataSource'
2025-05-11T16:29:43.261-04:00 DEBUG 13072 --- [gestionenvios] [           main] o.s.b.f.s.DefaultListableBeanFactory     : Creating shared instance of singleton bean 'org.springframework.boot.autoconfigure.jdbc.DataSourceConfiguration$Hikari'
2025-05-11T16:29:43.262-04:00 DEBUG 13072 --- [gestionenvios] [           main] o.s.b.f.s.DefaultListableBeanFactory     : Creating shared instance of singleton bean 'spring.datasource-org.springframework.boot.autoconfigure.jdbc.DataSourceProperties'
2025-05-11T16:29:43.262-04:00 DEBUG 13072 --- [gestionenvios] [           main] o.s.b.f.s.DefaultListableBeanFactory     : Creating shared instance of singleton bean 'org.springframework.boot.context.properties.BoundConfigurationProperties'
2025-05-11T16:29:43.265-04:00 DEBUG 13072 --- [gestionenvios] [           main] o.s.b.f.s.DefaultListableBeanFactory     : Creating shared instance of singleton bean 'jdbcConnectionDetails'
2025-05-11T16:29:43.265-04:00 DEBUG 13072 --- [gestionenvios] [           main] o.s.b.f.s.DefaultListableBeanFactory     : Creating shared instance of singleton bean 'org.springframework.boot.autoconfigure.jdbc.DataSourceAutoConfiguration$PooledDataSourceConfiguration'
2025-05-11T16:29:43.265-04:00 DEBUG 13072 --- [gestionenvios] [           main] o.s.b.f.s.DefaultListableBeanFactory     : Autowiring by type from bean name 'jdbcConnectionDetails' via factory method to bean named 'spring.datasource-org.springframework.boot.autoconfigure.jdbc.DataSourceProperties'
2025-05-11T16:29:43.265-04:00 DEBUG 13072 --- [gestionenvios] [           main] o.s.b.f.s.DefaultListableBeanFactory     : Autowiring by type from bean name 'dataSource' via factory method to bean named 'spring.datasource-org.springframework.boot.autoconfigure.jdbc.DataSourceProperties'
2025-05-11T16:29:43.265-04:00 DEBUG 13072 --- [gestionenvios] [           main] o.s.b.f.s.DefaultListableBeanFactory     : Autowiring by type from bean name 'dataSource' via factory method to bean named 'jdbcConnectionDetails'
2025-05-11T16:29:43.273-04:00 DEBUG 13072 --- [gestionenvios] [           main] o.s.b.f.s.DefaultListableBeanFactory     : Creating shared instance of singleton bean 'spring.sql.init-org.springframework.boot.autoconfigure.sql.init.SqlInitializationProperties'
2025-05-11T16:29:43.274-04:00 DEBUG 13072 --- [gestionenvios] [           main] o.s.b.f.s.DefaultListableBeanFactory     : Autowiring by type from bean name 'dataSourceScriptDatabaseInitializer' via factory method to bean named 'dataSource'
2025-05-11T16:29:43.275-04:00 DEBUG 13072 --- [gestionenvios] [           main] o.s.b.f.s.DefaultListableBeanFactory     : Autowiring by type from bean name 'dataSourceScriptDatabaseInitializer' via factory method to bean named 'spring.sql.init-org.springframework.boot.autoconfigure.sql.init.SqlInitializationProperties'
2025-05-11T16:29:43.275-04:00 DEBUG 13072 --- [gestionenvios] [           main] o.s.b.f.s.DefaultListableBeanFactory     : Creating shared instance of singleton bean 'entityManagerFactory'
2025-05-11T16:29:43.275-04:00 DEBUG 13072 --- [gestionenvios] [           main] o.s.b.f.s.DefaultListableBeanFactory     : Creating shared instance of singleton bean 'org.springframework.boot.autoconfigure.orm.jpa.HibernateJpaConfiguration'
2025-05-11T16:29:43.276-04:00 DEBUG 13072 --- [gestionenvios] [           main] o.s.b.f.s.DefaultListableBeanFactory     : Creating shared instance of singleton bean 'spring.jpa-org.springframework.boot.autoconfigure.orm.jpa.JpaProperties'
2025-05-11T16:29:43.277-04:00 DEBUG 13072 --- [gestionenvios] [           main] o.s.b.f.s.DefaultListableBeanFactory     : Creating shared instance of singleton bean 'spring.jpa.hibernate-org.springframework.boot.autoconfigure.orm.jpa.HibernateProperties'
2025-05-11T16:29:43.278-04:00 DEBUG 13072 --- [gestionenvios] [           main] o.s.b.f.s.DefaultListableBeanFactory     : Autowiring by type from bean name 'org.springframework.boot.autoconfigure.orm.jpa.HibernateJpaConfiguration' via constructor to bean named 'dataSource'
2025-05-11T16:29:43.278-04:00 DEBUG 13072 --- [gestionenvios] [           main] o.s.b.f.s.DefaultListableBeanFactory     : Autowiring by type from bean name 'org.springframework.boot.autoconfigure.orm.jpa.HibernateJpaConfiguration' via constructor to bean named 'spring.jpa-org.springframework.boot.autoconfigure.orm.jpa.JpaProperties'
2025-05-11T16:29:43.278-04:00 DEBUG 13072 --- [gestionenvios] [           main] o.s.b.f.s.DefaultListableBeanFactory     : Autowiring by type from bean name 'org.springframework.boot.autoconfigure.orm.jpa.HibernateJpaConfiguration' via constructor to bean named 'org.springframework.beans.factory.support.DefaultListableBeanFactory@1ac65143'
2025-05-11T16:29:43.278-04:00 DEBUG 13072 --- [gestionenvios] [           main] o.s.b.f.s.DefaultListableBeanFactory     : Autowiring by type from bean name 'org.springframework.boot.autoconfigure.orm.jpa.HibernateJpaConfiguration' via constructor to bean named 'spring.jpa.hibernate-org.springframework.boot.autoconfigure.orm.jpa.HibernateProperties'
2025-05-11T16:29:43.278-04:00 DEBUG 13072 --- [gestionenvios] [           main] o.s.b.f.s.DefaultListableBeanFactory     : Creating shared instance of singleton bean 'oracleUcpPoolDataSourceMetadataProvider'
2025-05-11T16:29:43.278-04:00 DEBUG 13072 --- [gestionenvios] [           main] o.s.b.f.s.DefaultListableBeanFactory     : Creating shared instance of singleton bean 'org.springframework.boot.autoconfigure.jdbc.metadata.DataSourcePoolMetadataProvidersConfiguration$OracleUcpPoolDataSourceMetadataProviderConfiguration'
2025-05-11T16:29:43.278-04:00 DEBUG 13072 --- [gestionenvios] [           main] o.s.b.f.s.DefaultListableBeanFactory     : Creating shared instance of singleton bean 'hikariPoolDataSourceMetadataProvider'
2025-05-11T16:29:43.278-04:00 DEBUG 13072 --- [gestionenvios] [           main] o.s.b.f.s.DefaultListableBeanFactory     : Creating shared instance of singleton bean 'org.springframework.boot.autoconfigure.jdbc.metadata.DataSourcePoolMetadataProvidersConfiguration$HikariPoolDataSourceMetadataProviderConfiguration'
2025-05-11T16:29:43.280-04:00 DEBUG 13072 --- [gestionenvios] [           main] o.s.b.f.s.DefaultListableBeanFactory     : Creating shared instance of singleton bean 'entityManagerFactoryBuilder'
2025-05-11T16:29:43.280-04:00 DEBUG 13072 --- [gestionenvios] [           main] o.s.b.f.s.DefaultListableBeanFactory     : Creating shared instance of singleton bean 'jpaVendorAdapter'
2025-05-11T16:29:43.281-04:00 DEBUG 13072 --- [gestionenvios] [           main] o.s.b.f.s.DefaultListableBeanFactory     : Autowiring by type from bean name 'entityManagerFactoryBuilder' via factory method to bean named 'jpaVendorAdapter'
2025-05-11T16:29:43.281-04:00 DEBUG 13072 --- [gestionenvios] [           main] o.s.b.f.s.DefaultListableBeanFactory     : Creating shared instance of singleton bean 'persistenceManagedTypes'
2025-05-11T16:29:43.282-04:00 DEBUG 13072 --- [gestionenvios] [           main] o.s.b.f.s.DefaultListableBeanFactory     : Autowiring by type from bean name 'persistenceManagedTypes' via factory method to bean named 'org.springframework.beans.factory.support.DefaultListableBeanFactory@1ac65143'
2025-05-11T16:29:43.282-04:00 DEBUG 13072 --- [gestionenvios] [           main] o.s.b.f.s.DefaultListableBeanFactory     : Autowiring by type from bean name 'persistenceManagedTypes' via factory method to bean named 'org.springframework.context.annotation.AnnotationConfigApplicationContext@776e4088'
2025-05-11T16:29:43.284-04:00 DEBUG 13072 --- [gestionenvios] [           main] o.s.b.f.s.DefaultListableBeanFactory     : Autowiring by type from bean name 'entityManagerFactory' via factory method to bean named 'entityManagerFactoryBuilder'
2025-05-11T16:29:43.284-04:00 DEBUG 13072 --- [gestionenvios] [           main] o.s.b.f.s.DefaultListableBeanFactory     : Autowiring by type from bean name 'entityManagerFactory' via factory method to bean named 'persistenceManagedTypes'
2025-05-11T16:29:43.285-04:00 DEBUG 13072 --- [gestionenvios] [           main] j.LocalContainerEntityManagerFactoryBean : Building JPA container EntityManagerFactory for persistence unit 'default'
2025-05-11T16:29:43.285-04:00 DEBUG 13072 --- [gestionenvios] [           main] o.hibernate.jpa.internal.util.LogHelper  : PersistenceUnitInfo [
	name: default
	persistence provider classname: null
	classloader: jdk.internal.loader.ClassLoaders$AppClassLoader@42110406
	excludeUnlistedClasses: true
	JTA datasource: null
	Non JTA datasource: HikariDataSource (null)
	Transaction type: RESOURCE_LOCAL
	PU root URL: file:/Users/krhisnaoyanedelyanez/Desktop/EFT_GESTIONENVIOS/target/test-classes/
	Shared Cache Mode: UNSPECIFIED
	Validation Mode: AUTO
	Jar files URLs []
	Managed classes names [
		com.example.gestionenvios.model.Envios]
	Mapping files names []
	Properties []
2025-05-11T16:29:43.285-04:00 DEBUG 13072 --- [gestionenvios] [           main] o.h.i.internal.IntegratorServiceImpl     : Adding Integrator [org.hibernate.boot.beanvalidation.BeanValidationIntegrator].
2025-05-11T16:29:43.285-04:00 DEBUG 13072 --- [gestionenvios] [           main] o.h.i.internal.IntegratorServiceImpl     : Adding Integrator [org.hibernate.cache.internal.CollectionCacheInvalidator].
2025-05-11T16:29:43.287-04:00 DEBUG 13072 --- [gestionenvios] [           main] org.hibernate.orm.idgen.factory          : Registering IdentifierGenerator strategy [uuid2] -> [org.hibernate.id.UUIDGenerator]
2025-05-11T16:29:43.287-04:00 DEBUG 13072 --- [gestionenvios] [           main] org.hibernate.orm.idgen.factory          : Registering IdentifierGenerator strategy [guid] -> [org.hibernate.id.GUIDGenerator]
2025-05-11T16:29:43.287-04:00 DEBUG 13072 --- [gestionenvios] [           main] org.hibernate.orm.idgen.factory          : Registering IdentifierGenerator strategy [uuid] -> [org.hibernate.id.UUIDHexGenerator]
2025-05-11T16:29:43.287-04:00 DEBUG 13072 --- [gestionenvios] [           main] org.hibernate.orm.idgen.factory          : Registering IdentifierGenerator strategy [uuid.hex] -> [org.hibernate.id.UUIDHexGenerator]
2025-05-11T16:29:43.287-04:00 DEBUG 13072 --- [gestionenvios] [           main] org.hibernate.orm.idgen.factory          : Registering IdentifierGenerator strategy [assigned] -> [org.hibernate.id.Assigned]
2025-05-11T16:29:43.287-04:00 DEBUG 13072 --- [gestionenvios] [           main] org.hibernate.orm.idgen.factory          : Registering IdentifierGenerator strategy [identity] -> [org.hibernate.id.IdentityGenerator]
2025-05-11T16:29:43.287-04:00 DEBUG 13072 --- [gestionenvios] [           main] org.hibernate.orm.idgen.factory          : Registering IdentifierGenerator strategy [select] -> [org.hibernate.id.SelectGenerator]
2025-05-11T16:29:43.287-04:00 DEBUG 13072 --- [gestionenvios] [           main] org.hibernate.orm.idgen.factory          : Registering IdentifierGenerator strategy [sequence] -> [org.hibernate.id.enhanced.SequenceStyleGenerator]
2025-05-11T16:29:43.287-04:00 DEBUG 13072 --- [gestionenvios] [           main] org.hibernate.orm.idgen.factory          : Registering IdentifierGenerator strategy [increment] -> [org.hibernate.id.IncrementGenerator]
2025-05-11T16:29:43.287-04:00 DEBUG 13072 --- [gestionenvios] [           main] org.hibernate.orm.idgen.factory          : Registering IdentifierGenerator strategy [foreign] -> [org.hibernate.id.ForeignGenerator]
2025-05-11T16:29:43.287-04:00 DEBUG 13072 --- [gestionenvios] [           main] org.hibernate.orm.idgen.factory          : Registering IdentifierGenerator strategy [enhanced-sequence] -> [org.hibernate.id.enhanced.SequenceStyleGenerator]
2025-05-11T16:29:43.287-04:00 DEBUG 13072 --- [gestionenvios] [           main] org.hibernate.orm.idgen.factory          : Registering IdentifierGenerator strategy [enhanced-table] -> [org.hibernate.id.enhanced.TableGenerator]
2025-05-11T16:29:43.287-04:00 DEBUG 13072 --- [gestionenvios] [           main] o.h.c.internal.RegionFactoryInitiator    : Cannot default RegionFactory based on registered strategies as `[]` RegionFactory strategies were registered
2025-05-11T16:29:43.287-04:00  INFO 13072 --- [gestionenvios] [           main] o.h.c.internal.RegionFactoryInitiator    : HHH000026: Second-level cache disabled
2025-05-11T16:29:43.287-04:00 DEBUG 13072 --- [gestionenvios] [           main] org.hibernate.type.BasicTypeRegistry     : Adding type registration boolean -> org.hibernate.type.BasicTypeReference@5a899811
2025-05-11T16:29:43.287-04:00 DEBUG 13072 --- [gestionenvios] [           main] org.hibernate.type.BasicTypeRegistry     : Adding type registration boolean -> org.hibernate.type.BasicTypeReference@5a899811
2025-05-11T16:29:43.287-04:00 DEBUG 13072 --- [gestionenvios] [           main] org.hibernate.type.BasicTypeRegistry     : Adding type registration java.lang.Boolean -> org.hibernate.type.BasicTypeReference@5a899811
2025-05-11T16:29:43.287-04:00 DEBUG 13072 --- [gestionenvios] [           main] org.hibernate.type.BasicTypeRegistry     : Adding type registration numeric_boolean -> org.hibernate.type.BasicTypeReference@6a51ae7c
2025-05-11T16:29:43.287-04:00 DEBUG 13072 --- [gestionenvios] [           main] org.hibernate.type.BasicTypeRegistry     : Adding type registration org.hibernate.type.NumericBooleanConverter -> org.hibernate.type.BasicTypeReference@6a51ae7c
2025-05-11T16:29:43.288-04:00 DEBUG 13072 --- [gestionenvios] [           main] org.hibernate.type.BasicTypeRegistry     : Adding type registration true_false -> org.hibernate.type.BasicTypeReference@171aa66
2025-05-11T16:29:43.288-04:00 DEBUG 13072 --- [gestionenvios] [           main] org.hibernate.type.BasicTypeRegistry     : Adding type registration org.hibernate.type.TrueFalseConverter -> org.hibernate.type.BasicTypeReference@171aa66
2025-05-11T16:29:43.288-04:00 DEBUG 13072 --- [gestionenvios] [           main] org.hibernate.type.BasicTypeRegistry     : Adding type registration yes_no -> org.hibernate.type.BasicTypeReference@58739e5e
2025-05-11T16:29:43.288-04:00 DEBUG 13072 --- [gestionenvios] [           main] org.hibernate.type.BasicTypeRegistry     : Adding type registration org.hibernate.type.YesNoConverter -> org.hibernate.type.BasicTypeReference@58739e5e
2025-05-11T16:29:43.288-04:00 DEBUG 13072 --- [gestionenvios] [           main] org.hibernate.type.BasicTypeRegistry     : Adding type registration byte -> org.hibernate.type.BasicTypeReference@4e2cdc51
2025-05-11T16:29:43.288-04:00 DEBUG 13072 --- [gestionenvios] [           main] org.hibernate.type.BasicTypeRegistry     : Adding type registration byte -> org.hibernate.type.BasicTypeReference@4e2cdc51
2025-05-11T16:29:43.288-04:00 DEBUG 13072 --- [gestionenvios] [           main] org.hibernate.type.BasicTypeRegistry     : Adding type registration java.lang.Byte -> org.hibernate.type.BasicTypeReference@4e2cdc51
2025-05-11T16:29:43.288-04:00 DEBUG 13072 --- [gestionenvios] [           main] org.hibernate.type.BasicTypeRegistry     : Adding type registration binary -> org.hibernate.type.BasicTypeReference@2969a9a6
2025-05-11T16:29:43.288-04:00 DEBUG 13072 --- [gestionenvios] [           main] org.hibernate.type.BasicTypeRegistry     : Adding type registration byte[] -> org.hibernate.type.BasicTypeReference@2969a9a6
2025-05-11T16:29:43.288-04:00 DEBUG 13072 --- [gestionenvios] [           main] org.hibernate.type.BasicTypeRegistry     : Adding type registration [B -> org.hibernate.type.BasicTypeReference@2969a9a6
2025-05-11T16:29:43.288-04:00 DEBUG 13072 --- [gestionenvios] [           main] org.hibernate.type.BasicTypeRegistry     : Adding type registration binary_wrapper -> org.hibernate.type.BasicTypeReference@25470477
2025-05-11T16:29:43.288-04:00 DEBUG 13072 --- [gestionenvios] [           main] org.hibernate.type.BasicTypeRegistry     : Adding type registration wrapper-binary -> org.hibernate.type.BasicTypeReference@25470477
2025-05-11T16:29:43.288-04:00 DEBUG 13072 --- [gestionenvios] [           main] org.hibernate.type.BasicTypeRegistry     : Adding type registration image -> org.hibernate.type.BasicTypeReference@6182ffef
2025-05-11T16:29:43.288-04:00 DEBUG 13072 --- [gestionenvios] [           main] org.hibernate.type.BasicTypeRegistry     : Adding type registration blob -> org.hibernate.type.BasicTypeReference@49e479da
2025-05-11T16:29:43.288-04:00 DEBUG 13072 --- [gestionenvios] [           main] org.hibernate.type.BasicTypeRegistry     : Adding type registration java.sql.Blob -> org.hibernate.type.BasicTypeReference@49e479da
2025-05-11T16:29:43.288-04:00 DEBUG 13072 --- [gestionenvios] [           main] org.hibernate.type.BasicTypeRegistry     : Adding type registration materialized_blob -> org.hibernate.type.BasicTypeReference@2d24cdd9
2025-05-11T16:29:43.288-04:00 DEBUG 13072 --- [gestionenvios] [           main] org.hibernate.type.BasicTypeRegistry     : Adding type registration materialized_blob_wrapper -> org.hibernate.type.BasicTypeReference@30dd00b6
2025-05-11T16:29:43.288-04:00 DEBUG 13072 --- [gestionenvios] [           main] org.hibernate.type.BasicTypeRegistry     : Adding type registration short -> org.hibernate.type.BasicTypeReference@4656fcc5
2025-05-11T16:29:43.288-04:00 DEBUG 13072 --- [gestionenvios] [           main] org.hibernate.type.BasicTypeRegistry     : Adding type registration short -> org.hibernate.type.BasicTypeReference@4656fcc5
2025-05-11T16:29:43.288-04:00 DEBUG 13072 --- [gestionenvios] [           main] org.hibernate.type.BasicTypeRegistry     : Adding type registration java.lang.Short -> org.hibernate.type.BasicTypeReference@4656fcc5
2025-05-11T16:29:43.288-04:00 DEBUG 13072 --- [gestionenvios] [           main] org.hibernate.type.BasicTypeRegistry     : Adding type registration integer -> org.hibernate.type.BasicTypeReference@2c16677c
2025-05-11T16:29:43.288-04:00 DEBUG 13072 --- [gestionenvios] [           main] org.hibernate.type.BasicTypeRegistry     : Adding type registration int -> org.hibernate.type.BasicTypeReference@2c16677c
2025-05-11T16:29:43.288-04:00 DEBUG 13072 --- [gestionenvios] [           main] org.hibernate.type.BasicTypeRegistry     : Adding type registration java.lang.Integer -> org.hibernate.type.BasicTypeReference@2c16677c
2025-05-11T16:29:43.288-04:00 DEBUG 13072 --- [gestionenvios] [           main] org.hibernate.type.BasicTypeRegistry     : Adding type registration long -> org.hibernate.type.BasicTypeReference@27d73d22
2025-05-11T16:29:43.288-04:00 DEBUG 13072 --- [gestionenvios] [           main] org.hibernate.type.BasicTypeRegistry     : Adding type registration long -> org.hibernate.type.BasicTypeReference@27d73d22
2025-05-11T16:29:43.288-04:00 DEBUG 13072 --- [gestionenvios] [           main] org.hibernate.type.BasicTypeRegistry     : Adding type registration java.lang.Long -> org.hibernate.type.BasicTypeReference@27d73d22
2025-05-11T16:29:43.288-04:00 DEBUG 13072 --- [gestionenvios] [           main] org.hibernate.type.BasicTypeRegistry     : Adding type registration float -> org.hibernate.type.BasicTypeReference@7fd751de
2025-05-11T16:29:43.288-04:00 DEBUG 13072 --- [gestionenvios] [           main] org.hibernate.type.BasicTypeRegistry     : Adding type registration float -> org.hibernate.type.BasicTypeReference@7fd751de
2025-05-11T16:29:43.288-04:00 DEBUG 13072 --- [gestionenvios] [           main] org.hibernate.type.BasicTypeRegistry     : Adding type registration java.lang.Float -> org.hibernate.type.BasicTypeReference@7fd751de
2025-05-11T16:29:43.288-04:00 DEBUG 13072 --- [gestionenvios] [           main] org.hibernate.type.BasicTypeRegistry     : Adding type registration double -> org.hibernate.type.BasicTypeReference@e162a35
2025-05-11T16:29:43.288-04:00 DEBUG 13072 --- [gestionenvios] [           main] org.hibernate.type.BasicTypeRegistry     : Adding type registration double -> org.hibernate.type.BasicTypeReference@e162a35
2025-05-11T16:29:43.288-04:00 DEBUG 13072 --- [gestionenvios] [           main] org.hibernate.type.BasicTypeRegistry     : Adding type registration java.lang.Double -> org.hibernate.type.BasicTypeReference@e162a35
2025-05-11T16:29:43.303-04:00 DEBUG 13072 --- [gestionenvios] [           main] org.hibernate.type.BasicTypeRegistry     : Adding type registration big_integer -> org.hibernate.type.BasicTypeReference@1124910c
2025-05-11T16:29:43.303-04:00 DEBUG 13072 --- [gestionenvios] [           main] org.hibernate.type.BasicTypeRegistry     : Adding type registration java.math.BigInteger -> org.hibernate.type.BasicTypeReference@1124910c
2025-05-11T16:29:43.303-04:00 DEBUG 13072 --- [gestionenvios] [           main] org.hibernate.type.BasicTypeRegistry     : Adding type registration big_decimal -> org.hibernate.type.BasicTypeReference@f849027
2025-05-11T16:29:43.303-04:00 DEBUG 13072 --- [gestionenvios] [           main] org.hibernate.type.BasicTypeRegistry     : Adding type registration java.math.BigDecimal -> org.hibernate.type.BasicTypeReference@f849027
2025-05-11T16:29:43.303-04:00 DEBUG 13072 --- [gestionenvios] [           main] org.hibernate.type.BasicTypeRegistry     : Adding type registration character -> org.hibernate.type.BasicTypeReference@4a9869a8
2025-05-11T16:29:43.303-04:00 DEBUG 13072 --- [gestionenvios] [           main] org.hibernate.type.BasicTypeRegistry     : Adding type registration char -> org.hibernate.type.BasicTypeReference@4a9869a8
2025-05-11T16:29:43.303-04:00 DEBUG 13072 --- [gestionenvios] [           main] org.hibernate.type.BasicTypeRegistry     : Adding type registration java.lang.Character -> org.hibernate.type.BasicTypeReference@4a9869a8
2025-05-11T16:29:43.303-04:00 DEBUG 13072 --- [gestionenvios] [           main] org.hibernate.type.BasicTypeRegistry     : Adding type registration character_nchar -> org.hibernate.type.BasicTypeReference@75e0a54c
2025-05-11T16:29:43.303-04:00 DEBUG 13072 --- [gestionenvios] [           main] org.hibernate.type.BasicTypeRegistry     : Adding type registration string -> org.hibernate.type.BasicTypeReference@40f9f60d
2025-05-11T16:29:43.303-04:00 DEBUG 13072 --- [gestionenvios] [           main] org.hibernate.type.BasicTypeRegistry     : Adding type registration java.lang.String -> org.hibernate.type.BasicTypeReference@40f9f60d
2025-05-11T16:29:43.303-04:00 DEBUG 13072 --- [gestionenvios] [           main] org.hibernate.type.BasicTypeRegistry     : Adding type registration nstring -> org.hibernate.type.BasicTypeReference@6bd7439d
2025-05-11T16:29:43.303-04:00 DEBUG 13072 --- [gestionenvios] [           main] org.hibernate.type.BasicTypeRegistry     : Adding type registration characters -> org.hibernate.type.BasicTypeReference@628ba266
2025-05-11T16:29:43.303-04:00 DEBUG 13072 --- [gestionenvios] [           main] org.hibernate.type.BasicTypeRegistry     : Adding type registration char[] -> org.hibernate.type.BasicTypeReference@628ba266
2025-05-11T16:29:43.303-04:00 DEBUG 13072 --- [gestionenvios] [           main] org.hibernate.type.BasicTypeRegistry     : Adding type registration [C -> org.hibernate.type.BasicTypeReference@628ba266
2025-05-11T16:29:43.303-04:00 DEBUG 13072 --- [gestionenvios] [           main] org.hibernate.type.BasicTypeRegistry     : Adding type registration wrapper-characters -> org.hibernate.type.BasicTypeReference@1231a1be
2025-05-11T16:29:43.303-04:00 DEBUG 13072 --- [gestionenvios] [           main] org.hibernate.type.BasicTypeRegistry     : Adding type registration text -> org.hibernate.type.BasicTypeReference@1d77746b
2025-05-11T16:29:43.303-04:00 DEBUG 13072 --- [gestionenvios] [           main] org.hibernate.type.BasicTypeRegistry     : Adding type registration ntext -> org.hibernate.type.BasicTypeReference@4ced17f3
2025-05-11T16:29:43.303-04:00 DEBUG 13072 --- [gestionenvios] [           main] org.hibernate.type.BasicTypeRegistry     : Adding type registration clob -> org.hibernate.type.BasicTypeReference@734a149a
2025-05-11T16:29:43.303-04:00 DEBUG 13072 --- [gestionenvios] [           main] org.hibernate.type.BasicTypeRegistry     : Adding type registration java.sql.Clob -> org.hibernate.type.BasicTypeReference@734a149a
2025-05-11T16:29:43.303-04:00 DEBUG 13072 --- [gestionenvios] [           main] org.hibernate.type.BasicTypeRegistry     : Adding type registration nclob -> org.hibernate.type.BasicTypeReference@6ce9771c
2025-05-11T16:29:43.303-04:00 DEBUG 13072 --- [gestionenvios] [           main] org.hibernate.type.BasicTypeRegistry     : Adding type registration java.sql.NClob -> org.hibernate.type.BasicTypeReference@6ce9771c
2025-05-11T16:29:43.303-04:00 DEBUG 13072 --- [gestionenvios] [           main] org.hibernate.type.BasicTypeRegistry     : Adding type registration materialized_clob -> org.hibernate.type.BasicTypeReference@4a9b92c6
2025-05-11T16:29:43.303-04:00 DEBUG 13072 --- [gestionenvios] [           main] org.hibernate.type.BasicTypeRegistry     : Adding type registration materialized_clob_char_array -> org.hibernate.type.BasicTypeReference@6eed46e9
2025-05-11T16:29:43.303-04:00 DEBUG 13072 --- [gestionenvios] [           main] org.hibernate.type.BasicTypeRegistry     : Adding type registration materialized_clob_character_array -> org.hibernate.type.BasicTypeReference@4d20616a
2025-05-11T16:29:43.303-04:00 DEBUG 13072 --- [gestionenvios] [           main] org.hibernate.type.BasicTypeRegistry     : Adding type registration materialized_nclob -> org.hibernate.type.BasicTypeReference@6ad6ae45
2025-05-11T16:29:43.303-04:00 DEBUG 13072 --- [gestionenvios] [           main] org.hibernate.type.BasicTypeRegistry     : Adding type registration materialized_nclob_character_array -> org.hibernate.type.BasicTypeReference@7c4d1c7b
2025-05-11T16:29:43.303-04:00 DEBUG 13072 --- [gestionenvios] [           main] org.hibernate.type.BasicTypeRegistry     : Adding type registration materialized_nclob_char_array -> org.hibernate.type.BasicTypeReference@7893c715
2025-05-11T16:29:43.303-04:00 DEBUG 13072 --- [gestionenvios] [           main] org.hibernate.type.BasicTypeRegistry     : Adding type registration Duration -> org.hibernate.type.BasicTypeReference@36f6d25c
2025-05-11T16:29:43.303-04:00 DEBUG 13072 --- [gestionenvios] [           main] org.hibernate.type.BasicTypeRegistry     : Adding type registration java.time.Duration -> org.hibernate.type.BasicTypeReference@36f6d25c
2025-05-11T16:29:43.303-04:00 DEBUG 13072 --- [gestionenvios] [           main] org.hibernate.type.BasicTypeRegistry     : Adding type registration LocalDateTime -> org.hibernate.type.BasicTypeReference@690df641
2025-05-11T16:29:43.303-04:00 DEBUG 13072 --- [gestionenvios] [           main] org.hibernate.type.BasicTypeRegistry     : Adding type registration java.time.LocalDateTime -> org.hibernate.type.BasicTypeReference@690df641
2025-05-11T16:29:43.303-04:00 DEBUG 13072 --- [gestionenvios] [           main] org.hibernate.type.BasicTypeRegistry     : Adding type registration LocalDate -> org.hibernate.type.BasicTypeReference@7db791df
2025-05-11T16:29:43.303-04:00 DEBUG 13072 --- [gestionenvios] [           main] org.hibernate.type.BasicTypeRegistry     : Adding type registration java.time.LocalDate -> org.hibernate.type.BasicTypeReference@7db791df
2025-05-11T16:29:43.303-04:00 DEBUG 13072 --- [gestionenvios] [           main] org.hibernate.type.BasicTypeRegistry     : Adding type registration LocalTime -> org.hibernate.type.BasicTypeReference@1bfa5a13
2025-05-11T16:29:43.303-04:00 DEBUG 13072 --- [gestionenvios] [           main] org.hibernate.type.BasicTypeRegistry     : Adding type registration java.time.LocalTime -> org.hibernate.type.BasicTypeReference@1bfa5a13
2025-05-11T16:29:43.303-04:00 DEBUG 13072 --- [gestionenvios] [           main] org.hibernate.type.BasicTypeRegistry     : Adding type registration OffsetDateTime -> org.hibernate.type.BasicTypeReference@1b1e1f02
2025-05-11T16:29:43.303-04:00 DEBUG 13072 --- [gestionenvios] [           main] org.hibernate.type.BasicTypeRegistry     : Adding type registration java.time.OffsetDateTime -> org.hibernate.type.BasicTypeReference@1b1e1f02
2025-05-11T16:29:43.303-04:00 DEBUG 13072 --- [gestionenvios] [           main] org.hibernate.type.BasicTypeRegistry     : Adding type registration OffsetDateTimeWithTimezone -> org.hibernate.type.BasicTypeReference@1da75dde
2025-05-11T16:29:43.303-04:00 DEBUG 13072 --- [gestionenvios] [           main] org.hibernate.type.BasicTypeRegistry     : Adding type registration OffsetDateTimeWithoutTimezone -> org.hibernate.type.BasicTypeReference@5c5f0edc
2025-05-11T16:29:43.303-04:00 DEBUG 13072 --- [gestionenvios] [           main] org.hibernate.type.BasicTypeRegistry     : Adding type registration OffsetTime -> org.hibernate.type.BasicTypeReference@153cfd86
2025-05-11T16:29:43.304-04:00 DEBUG 13072 --- [gestionenvios] [           main] org.hibernate.type.BasicTypeRegistry     : Adding type registration java.time.OffsetTime -> org.hibernate.type.BasicTypeReference@153cfd86
2025-05-11T16:29:43.304-04:00 DEBUG 13072 --- [gestionenvios] [           main] org.hibernate.type.BasicTypeRegistry     : Adding type registration OffsetTimeUtc -> org.hibernate.type.BasicTypeReference@7e31062c
2025-05-11T16:29:43.304-04:00 DEBUG 13072 --- [gestionenvios] [           main] org.hibernate.type.BasicTypeRegistry     : Adding type registration OffsetTimeWithTimezone -> org.hibernate.type.BasicTypeReference@595fed99
2025-05-11T16:29:43.304-04:00 DEBUG 13072 --- [gestionenvios] [           main] org.hibernate.type.BasicTypeRegistry     : Adding type registration OffsetTimeWithoutTimezone -> org.hibernate.type.BasicTypeReference@7d522180
2025-05-11T16:29:43.304-04:00 DEBUG 13072 --- [gestionenvios] [           main] org.hibernate.type.BasicTypeRegistry     : Adding type registration ZonedDateTime -> org.hibernate.type.BasicTypeReference@ff03361
2025-05-11T16:29:43.304-04:00 DEBUG 13072 --- [gestionenvios] [           main] org.hibernate.type.BasicTypeRegistry     : Adding type registration java.time.ZonedDateTime -> org.hibernate.type.BasicTypeReference@ff03361
2025-05-11T16:29:43.304-04:00 DEBUG 13072 --- [gestionenvios] [           main] org.hibernate.type.BasicTypeRegistry     : Adding type registration ZonedDateTimeWithTimezone -> org.hibernate.type.BasicTypeReference@790654d5
2025-05-11T16:29:43.304-04:00 DEBUG 13072 --- [gestionenvios] [           main] org.hibernate.type.BasicTypeRegistry     : Adding type registration ZonedDateTimeWithoutTimezone -> org.hibernate.type.BasicTypeReference@5f935d49
2025-05-11T16:29:43.304-04:00 DEBUG 13072 --- [gestionenvios] [           main] org.hibernate.type.BasicTypeRegistry     : Adding type registration date -> org.hibernate.type.BasicTypeReference@3321291a
2025-05-11T16:29:43.304-04:00 DEBUG 13072 --- [gestionenvios] [           main] org.hibernate.type.BasicTypeRegistry     : Adding type registration java.sql.Date -> org.hibernate.type.BasicTypeReference@3321291a
2025-05-11T16:29:43.304-04:00 DEBUG 13072 --- [gestionenvios] [           main] org.hibernate.type.BasicTypeRegistry     : Adding type registration time -> org.hibernate.type.BasicTypeReference@3dc46f24
2025-05-11T16:29:43.304-04:00 DEBUG 13072 --- [gestionenvios] [           main] org.hibernate.type.BasicTypeRegistry     : Adding type registration java.sql.Time -> org.hibernate.type.BasicTypeReference@3dc46f24
2025-05-11T16:29:43.304-04:00 DEBUG 13072 --- [gestionenvios] [           main] org.hibernate.type.BasicTypeRegistry     : Adding type registration timestamp -> org.hibernate.type.BasicTypeReference@76af34b5
2025-05-11T16:29:43.304-04:00 DEBUG 13072 --- [gestionenvios] [           main] org.hibernate.type.BasicTypeRegistry     : Adding type registration java.sql.Timestamp -> org.hibernate.type.BasicTypeReference@76af34b5
2025-05-11T16:29:43.304-04:00 DEBUG 13072 --- [gestionenvios] [           main] org.hibernate.type.BasicTypeRegistry     : Adding type registration java.util.Date -> org.hibernate.type.BasicTypeReference@76af34b5
2025-05-11T16:29:43.304-04:00 DEBUG 13072 --- [gestionenvios] [           main] org.hibernate.type.BasicTypeRegistry     : Adding type registration calendar -> org.hibernate.type.BasicTypeReference@3313463c
2025-05-11T16:29:43.304-04:00 DEBUG 13072 --- [gestionenvios] [           main] org.hibernate.type.BasicTypeRegistry     : Adding type registration java.util.Calendar -> org.hibernate.type.BasicTypeReference@3313463c
2025-05-11T16:29:43.304-04:00 DEBUG 13072 --- [gestionenvios] [           main] org.hibernate.type.BasicTypeRegistry     : Adding type registration java.util.GregorianCalendar -> org.hibernate.type.BasicTypeReference@3313463c
2025-05-11T16:29:43.304-04:00 DEBUG 13072 --- [gestionenvios] [           main] org.hibernate.type.BasicTypeRegistry     : Adding type registration calendar_date -> org.hibernate.type.BasicTypeReference@9c0d0bd
2025-05-11T16:29:43.304-04:00 DEBUG 13072 --- [gestionenvios] [           main] org.hibernate.type.BasicTypeRegistry     : Adding type registration calendar_time -> org.hibernate.type.BasicTypeReference@176333ee
2025-05-11T16:29:43.304-04:00 DEBUG 13072 --- [gestionenvios] [           main] org.hibernate.type.BasicTypeRegistry     : Adding type registration instant -> org.hibernate.type.BasicTypeReference@18e6b72b
2025-05-11T16:29:43.304-04:00 DEBUG 13072 --- [gestionenvios] [           main] org.hibernate.type.BasicTypeRegistry     : Adding type registration java.time.Instant -> org.hibernate.type.BasicTypeReference@18e6b72b
2025-05-11T16:29:43.304-04:00 DEBUG 13072 --- [gestionenvios] [           main] org.hibernate.type.BasicTypeRegistry     : Adding type registration uuid -> org.hibernate.type.BasicTypeReference@316d30ad
2025-05-11T16:29:43.304-04:00 DEBUG 13072 --- [gestionenvios] [           main] org.hibernate.type.BasicTypeRegistry     : Adding type registration java.util.UUID -> org.hibernate.type.BasicTypeReference@316d30ad
2025-05-11T16:29:43.304-04:00 DEBUG 13072 --- [gestionenvios] [           main] org.hibernate.type.BasicTypeRegistry     : Adding type registration pg-uuid -> org.hibernate.type.BasicTypeReference@316d30ad
2025-05-11T16:29:43.304-04:00 DEBUG 13072 --- [gestionenvios] [           main] org.hibernate.type.BasicTypeRegistry     : Adding type registration uuid-binary -> org.hibernate.type.BasicTypeReference@3ea75b05
2025-05-11T16:29:43.304-04:00 DEBUG 13072 --- [gestionenvios] [           main] org.hibernate.type.BasicTypeRegistry     : Adding type registration uuid-char -> org.hibernate.type.BasicTypeReference@30d5e37c
2025-05-11T16:29:43.304-04:00 DEBUG 13072 --- [gestionenvios] [           main] org.hibernate.type.BasicTypeRegistry     : Adding type registration class -> org.hibernate.type.BasicTypeReference@1da745a2
2025-05-11T16:29:43.304-04:00 DEBUG 13072 --- [gestionenvios] [           main] org.hibernate.type.BasicTypeRegistry     : Adding type registration java.lang.Class -> org.hibernate.type.BasicTypeReference@1da745a2
2025-05-11T16:29:43.304-04:00 DEBUG 13072 --- [gestionenvios] [           main] org.hibernate.type.BasicTypeRegistry     : Adding type registration currency -> org.hibernate.type.BasicTypeReference@4597e6e3
2025-05-11T16:29:43.304-04:00 DEBUG 13072 --- [gestionenvios] [           main] org.hibernate.type.BasicTypeRegistry     : Adding type registration Currency -> org.hibernate.type.BasicTypeReference@4597e6e3
2025-05-11T16:29:43.304-04:00 DEBUG 13072 --- [gestionenvios] [           main] org.hibernate.type.BasicTypeRegistry     : Adding type registration java.util.Currency -> org.hibernate.type.BasicTypeReference@4597e6e3
2025-05-11T16:29:43.304-04:00 DEBUG 13072 --- [gestionenvios] [           main] org.hibernate.type.BasicTypeRegistry     : Adding type registration locale -> org.hibernate.type.BasicTypeReference@41ece227
2025-05-11T16:29:43.304-04:00 DEBUG 13072 --- [gestionenvios] [           main] org.hibernate.type.BasicTypeRegistry     : Adding type registration java.util.Locale -> org.hibernate.type.BasicTypeReference@41ece227
2025-05-11T16:29:43.304-04:00 DEBUG 13072 --- [gestionenvios] [           main] org.hibernate.type.BasicTypeRegistry     : Adding type registration serializable -> org.hibernate.type.BasicTypeReference@5e3d2765
2025-05-11T16:29:43.304-04:00 DEBUG 13072 --- [gestionenvios] [           main] org.hibernate.type.BasicTypeRegistry     : Adding type registration java.io.Serializable -> org.hibernate.type.BasicTypeReference@5e3d2765
2025-05-11T16:29:43.304-04:00 DEBUG 13072 --- [gestionenvios] [           main] org.hibernate.type.BasicTypeRegistry     : Adding type registration timezone -> org.hibernate.type.BasicTypeReference@7910f355
2025-05-11T16:29:43.304-04:00 DEBUG 13072 --- [gestionenvios] [           main] org.hibernate.type.BasicTypeRegistry     : Adding type registration java.util.TimeZone -> org.hibernate.type.BasicTypeReference@7910f355
2025-05-11T16:29:43.304-04:00 DEBUG 13072 --- [gestionenvios] [           main] org.hibernate.type.BasicTypeRegistry     : Adding type registration ZoneOffset -> org.hibernate.type.BasicTypeReference@34ab26a
2025-05-11T16:29:43.304-04:00 DEBUG 13072 --- [gestionenvios] [           main] org.hibernate.type.BasicTypeRegistry     : Adding type registration java.time.ZoneOffset -> org.hibernate.type.BasicTypeReference@34ab26a
2025-05-11T16:29:43.304-04:00 DEBUG 13072 --- [gestionenvios] [           main] org.hibernate.type.BasicTypeRegistry     : Adding type registration url -> org.hibernate.type.BasicTypeReference@259195fe
2025-05-11T16:29:43.304-04:00 DEBUG 13072 --- [gestionenvios] [           main] org.hibernate.type.BasicTypeRegistry     : Adding type registration java.net.URL -> org.hibernate.type.BasicTypeReference@259195fe
2025-05-11T16:29:43.304-04:00 DEBUG 13072 --- [gestionenvios] [           main] org.hibernate.type.BasicTypeRegistry     : Adding type registration vector -> org.hibernate.type.BasicTypeReference@12209826
2025-05-11T16:29:43.304-04:00 DEBUG 13072 --- [gestionenvios] [           main] org.hibernate.type.BasicTypeRegistry     : Adding type registration float_vector -> org.hibernate.type.BasicTypeReference@6cd45b6c
2025-05-11T16:29:43.304-04:00 DEBUG 13072 --- [gestionenvios] [           main] org.hibernate.type.BasicTypeRegistry     : Adding type registration double_vector -> org.hibernate.type.BasicTypeReference@3a5b7d7e
2025-05-11T16:29:43.304-04:00 DEBUG 13072 --- [gestionenvios] [           main] org.hibernate.type.BasicTypeRegistry     : Adding type registration byte_vector -> org.hibernate.type.BasicTypeReference@13cc31ae
2025-05-11T16:29:43.304-04:00 DEBUG 13072 --- [gestionenvios] [           main] org.hibernate.type.BasicTypeRegistry     : Adding type registration row_version -> org.hibernate.type.BasicTypeReference@5bb7a59
2025-05-11T16:29:43.304-04:00 DEBUG 13072 --- [gestionenvios] [           main] org.hibernate.type.BasicTypeRegistry     : Adding type registration object -> org.hibernate.type.JavaObjectType@1d4cc7
2025-05-11T16:29:43.304-04:00 DEBUG 13072 --- [gestionenvios] [           main] org.hibernate.type.BasicTypeRegistry     : Adding type registration java.lang.Object -> org.hibernate.type.JavaObjectType@1d4cc7
2025-05-11T16:29:43.304-04:00 DEBUG 13072 --- [gestionenvios] [           main] org.hibernate.type.BasicTypeRegistry     : Adding type registration null -> org.hibernate.type.NullType@43c0c13a
2025-05-11T16:29:43.304-04:00 DEBUG 13072 --- [gestionenvios] [           main] org.hibernate.type.BasicTypeRegistry     : Adding type registration imm_date -> org.hibernate.type.BasicTypeReference@7ee45cbe
2025-05-11T16:29:43.304-04:00 DEBUG 13072 --- [gestionenvios] [           main] org.hibernate.type.BasicTypeRegistry     : Adding type registration imm_time -> org.hibernate.type.BasicTypeReference@5634f627
2025-05-11T16:29:43.304-04:00 DEBUG 13072 --- [gestionenvios] [           main] org.hibernate.type.BasicTypeRegistry     : Adding type registration imm_timestamp -> org.hibernate.type.BasicTypeReference@380ea757
2025-05-11T16:29:43.304-04:00 DEBUG 13072 --- [gestionenvios] [           main] org.hibernate.type.BasicTypeRegistry     : Adding type registration imm_calendar -> org.hibernate.type.BasicTypeReference@721e5f57
2025-05-11T16:29:43.305-04:00 DEBUG 13072 --- [gestionenvios] [           main] org.hibernate.type.BasicTypeRegistry     : Adding type registration imm_calendar_date -> org.hibernate.type.BasicTypeReference@2e43fc06
2025-05-11T16:29:43.305-04:00 DEBUG 13072 --- [gestionenvios] [           main] org.hibernate.type.BasicTypeRegistry     : Adding type registration imm_calendar_time -> org.hibernate.type.BasicTypeReference@5fb7b227
2025-05-11T16:29:43.305-04:00 DEBUG 13072 --- [gestionenvios] [           main] org.hibernate.type.BasicTypeRegistry     : Adding type registration imm_binary -> org.hibernate.type.BasicTypeReference@12ce9299
2025-05-11T16:29:43.305-04:00 DEBUG 13072 --- [gestionenvios] [           main] org.hibernate.type.BasicTypeRegistry     : Adding type registration imm_serializable -> org.hibernate.type.BasicTypeReference@12aa9370
2025-05-11T16:29:43.306-04:00 DEBUG 13072 --- [gestionenvios] [           main] o.h.boot.internal.BootstrapContextImpl   : Injecting JPA temp ClassLoader [org.springframework.instrument.classloading.SimpleThrowawayClassLoader@41fc5625] into BootstrapContext; was [null]
2025-05-11T16:29:43.306-04:00 DEBUG 13072 --- [gestionenvios] [           main] o.h.boot.internal.ClassLoaderAccessImpl  : ClassLoaderAccessImpl#injectTempClassLoader(org.springframework.instrument.classloading.SimpleThrowawayClassLoader@41fc5625) [was null]
2025-05-11T16:29:43.306-04:00 DEBUG 13072 --- [gestionenvios] [           main] o.h.boot.internal.BootstrapContextImpl   : Injecting ScanEnvironment [org.hibernate.jpa.boot.internal.StandardJpaScanEnvironmentImpl@27c05ed9] into BootstrapContext; was [null]
2025-05-11T16:29:43.306-04:00 DEBUG 13072 --- [gestionenvios] [           main] o.h.boot.internal.BootstrapContextImpl   : Injecting ScanOptions [org.hibernate.boot.archive.scan.internal.StandardScanOptions@61377842] into BootstrapContext; was [org.hibernate.boot.archive.scan.internal.StandardScanOptions@51cbd1d]
2025-05-11T16:29:43.306-04:00 DEBUG 13072 --- [gestionenvios] [           main] o.h.j.b.i.PersistenceUnitInfoDescriptor  : Pushing class transformers for PU named 'default' on loading classloader jdk.internal.loader.ClassLoaders$AppClassLoader@42110406
2025-05-11T16:29:43.313-04:00  INFO 13072 --- [gestionenvios] [           main] o.s.o.j.p.SpringPersistenceUnitInfo      : No LoadTimeWeaver setup: ignoring JPA class transformer
2025-05-11T16:29:43.313-04:00 DEBUG 13072 --- [gestionenvios] [           main] o.h.boot.internal.BootstrapContextImpl   : Injecting JPA temp ClassLoader [null] into BootstrapContext; was [org.springframework.instrument.classloading.SimpleThrowawayClassLoader@41fc5625]
2025-05-11T16:29:43.313-04:00 DEBUG 13072 --- [gestionenvios] [           main] o.h.boot.internal.ClassLoaderAccessImpl  : ClassLoaderAccessImpl#injectTempClassLoader(null) [was org.springframework.instrument.classloading.SimpleThrowawayClassLoader@41fc5625]
2025-05-11T16:29:43.313-04:00  INFO 13072 --- [gestionenvios] [           main] com.zaxxer.hikari.HikariDataSource       : HikariPool-2 - Starting...
2025-05-11T16:29:43.999-04:00  INFO 13072 --- [gestionenvios] [           main] com.zaxxer.hikari.pool.HikariPool        : HikariPool-2 - Added connection oracle.jdbc.driver.T4CConnection@6818c0a6
2025-05-11T16:29:43.999-04:00  INFO 13072 --- [gestionenvios] [           main] com.zaxxer.hikari.HikariDataSource       : HikariPool-2 - Start completed.
2025-05-11T16:29:44.009-04:00 DEBUG 13072 --- [gestionenvios] [           main] o.h.e.j.e.i.JdbcEnvironmentInitiator     : Database ->
	   name : Oracle
	version : Oracle Database 19c Enterprise Edition Release 19.0.0.0.0 - Production
Version 19.27.0.1.0
	  major : 19
	  minor : 27
2025-05-11T16:29:44.009-04:00 DEBUG 13072 --- [gestionenvios] [           main] o.h.e.j.e.i.JdbcEnvironmentInitiator     : Driver ->
	   name : Oracle JDBC driver
	version : 23.5.0.24.07
	  major : 23
	  minor : 5
2025-05-11T16:29:44.009-04:00 DEBUG 13072 --- [gestionenvios] [           main] o.h.e.j.e.i.JdbcEnvironmentInitiator     : JDBC version : 4.3
2025-05-11T16:29:44.019-04:00  WARN 13072 --- [gestionenvios] [           main] org.hibernate.orm.deprecation            : HHH90000025: OracleDialect does not need to be specified explicitly using 'hibernate.dialect' (remove the property setting and it will be selected by default)
2025-05-11T16:29:44.019-04:00 DEBUG 13072 --- [gestionenvios] [           main] org.hibernate.orm.dialect                : HHH035001: Using dialect: org.hibernate.dialect.OracleDialect, version: 19.27
2025-05-11T16:29:44.085-04:00  INFO 13072 --- [gestionenvios] [           main] org.hibernate.orm.connections.pooling    : HHH10001005: Database info:
	Database JDBC URL [Connecting through datasource 'HikariDataSource (HikariPool-2)']
	Database driver: undefined/unknown
	Database version: 19.27
	Autocommit mode: undefined/unknown
	Isolation level: undefined/unknown
	Minimum pool size: undefined/unknown
	Maximum pool size: undefined/unknown
2025-05-11T16:29:44.085-04:00 DEBUG 13072 --- [gestionenvios] [           main] o.h.t.d.jdbc.spi.JdbcTypeRegistry        : addDescriptor(NCharTypeDescriptor) replaced previous registration(CharTypeDescriptor)
2025-05-11T16:29:44.085-04:00 DEBUG 13072 --- [gestionenvios] [           main] o.h.t.d.jdbc.spi.JdbcTypeRegistry        : addDescriptor(NVarcharTypeDescriptor) replaced previous registration(VarcharTypeDescriptor)
2025-05-11T16:29:44.085-04:00 DEBUG 13072 --- [gestionenvios] [           main] o.h.t.d.jdbc.spi.JdbcTypeRegistry        : addDescriptor(LongNVarcharTypeDescriptor) replaced previous registration(LongVarcharTypeDescriptor)
2025-05-11T16:29:44.085-04:00 DEBUG 13072 --- [gestionenvios] [           main] o.h.t.d.jdbc.spi.JdbcTypeRegistry        : addDescriptor(NClobTypeDescriptor(DEFAULT)) replaced previous registration(ClobTypeDescriptor(DEFAULT))
2025-05-11T16:29:44.085-04:00 DEBUG 13072 --- [gestionenvios] [           main] o.h.t.d.jdbc.spi.JdbcTypeRegistry        : addDescriptor(BooleanTypeDescriptor) replaced previous registration(BooleanTypeDescriptor)
2025-05-11T16:29:44.086-04:00 DEBUG 13072 --- [gestionenvios] [           main] org.hibernate.type.BasicTypeRegistry     : Adding type registration null -> org.hibernate.type.NullType@4f7bb581
2025-05-11T16:29:44.086-04:00 DEBUG 13072 --- [gestionenvios] [           main] org.hibernate.type.BasicTypeRegistry     : Type registration key [null] overrode previous entry : `org.hibernate.type.NullType@43c0c13a`
2025-05-11T16:29:44.086-04:00 DEBUG 13072 --- [gestionenvios] [           main] org.hibernate.type.BasicTypeRegistry     : Adding type registration JAVA_OBJECT -> org.hibernate.type.JavaObjectType@5168f69d
2025-05-11T16:29:44.086-04:00 DEBUG 13072 --- [gestionenvios] [           main] org.hibernate.type.BasicTypeRegistry     : Adding type registration java.lang.Object -> org.hibernate.type.JavaObjectType@5168f69d
2025-05-11T16:29:44.086-04:00 DEBUG 13072 --- [gestionenvios] [           main] org.hibernate.type.BasicTypeRegistry     : Type registration key [java.lang.Object] overrode previous entry : `org.hibernate.type.JavaObjectType@1d4cc7`
2025-05-11T16:29:44.086-04:00 DEBUG 13072 --- [gestionenvios] [           main] org.hibernate.type.BasicTypeRegistry     : Adding type registration org.hibernate.type.DurationType -> basicType@20(java.time.Duration,3015)
2025-05-11T16:29:44.086-04:00 DEBUG 13072 --- [gestionenvios] [           main] org.hibernate.type.BasicTypeRegistry     : Adding type registration Duration -> basicType@20(java.time.Duration,3015)
2025-05-11T16:29:44.086-04:00 DEBUG 13072 --- [gestionenvios] [           main] org.hibernate.type.BasicTypeRegistry     : Adding type registration java.time.Duration -> basicType@20(java.time.Duration,3015)
2025-05-11T16:29:44.086-04:00 DEBUG 13072 --- [gestionenvios] [           main] o.h.type.spi.TypeConfiguration$Scope     : Scoping TypeConfiguration [org.hibernate.type.spi.TypeConfiguration@6c6a7553] to MetadataBuildingContext [org.hibernate.boot.internal.MetadataBuildingContextRootImpl@2242dd2b]
2025-05-11T16:29:44.086-04:00 DEBUG 13072 --- [gestionenvios] [           main] o.h.boot.model.relational.Namespace      : Created database namespace [logicalName=Name{catalog=null, schema=null}, physicalName=Name{catalog=null, schema=null}]
2025-05-11T16:29:44.086-04:00 DEBUG 13072 --- [gestionenvios] [           main] o.h.boot.model.internal.EntityBinder     : Binding entity from annotated class: com.example.gestionenvios.model.Envios
2025-05-11T16:29:44.086-04:00 DEBUG 13072 --- [gestionenvios] [           main] o.h.boot.model.internal.EntityBinder     : Import with entity name Envios
2025-05-11T16:29:44.086-04:00 DEBUG 13072 --- [gestionenvios] [           main] o.h.boot.model.internal.EntityBinder     : Bind entity com.example.gestionenvios.model.Envios on table envios
2025-05-11T16:29:44.086-04:00 DEBUG 13072 --- [gestionenvios] [           main] o.h.boot.model.internal.AnnotatedColumn  : Binding column: AnnotatedDiscriminatorColumn(column='DTYPE')
2025-05-11T16:29:44.087-04:00 DEBUG 13072 --- [gestionenvios] [           main] o.h.boot.model.internal.AnnotatedColumn  : Binding column: AnnotatedColumn(column='nSeguimiento')
2025-05-11T16:29:44.087-04:00 DEBUG 13072 --- [gestionenvios] [           main] o.h.boot.internal.ClassLoaderAccessImpl  : Not known whether passed class name [com.example.gestionenvios.model.Envios] is safe
2025-05-11T16:29:44.087-04:00 DEBUG 13072 --- [gestionenvios] [           main] o.h.boot.internal.ClassLoaderAccessImpl  : No temp ClassLoader provided; using live ClassLoader for loading potentially unsafe class : com.example.gestionenvios.model.Envios
2025-05-11T16:29:44.087-04:00 DEBUG 13072 --- [gestionenvios] [           main] o.h.boot.model.internal.PropertyBinder   : MetadataSourceProcessor property nSeguimiento with lazy=false
2025-05-11T16:29:44.087-04:00 DEBUG 13072 --- [gestionenvios] [           main] o.h.b.m.internal.AbstractPropertyHolder  : Attempting to locate auto-apply AttributeConverter for property [com.example.gestionenvios.model.Envios:nSeguimiento]
2025-05-11T16:29:44.087-04:00 DEBUG 13072 --- [gestionenvios] [           main] o.h.b.model.internal.BasicValueBinder    : building BasicValue for nSeguimiento
2025-05-11T16:29:44.087-04:00 DEBUG 13072 --- [gestionenvios] [           main] org.hibernate.mapping.BasicValue         : Skipping column re-registration: envios.n_seguimiento
2025-05-11T16:29:44.087-04:00 DEBUG 13072 --- [gestionenvios] [           main] o.h.boot.model.internal.PropertyBinder   : Building property nSeguimiento
2025-05-11T16:29:44.087-04:00 DEBUG 13072 --- [gestionenvios] [           main] o.h.boot.model.internal.BinderHelper     : #makeIdGenerator(BasicValue([Column(n_seguimiento)]), nSeguimiento, identity, , ...)
2025-05-11T16:29:44.088-04:00 DEBUG 13072 --- [gestionenvios] [           main] o.h.boot.model.internal.AnnotatedColumn  : Binding column: AnnotatedColumn(column='destinatario')
2025-05-11T16:29:44.088-04:00 DEBUG 13072 --- [gestionenvios] [           main] o.h.boot.model.internal.PropertyBinder   : MetadataSourceProcessor property destinatario with lazy=false
2025-05-11T16:29:44.088-04:00 DEBUG 13072 --- [gestionenvios] [           main] o.h.b.m.internal.AbstractPropertyHolder  : Attempting to locate auto-apply AttributeConverter for property [com.example.gestionenvios.model.Envios:destinatario]
2025-05-11T16:29:44.088-04:00 DEBUG 13072 --- [gestionenvios] [           main] o.h.b.model.internal.BasicValueBinder    : building BasicValue for destinatario
2025-05-11T16:29:44.088-04:00 DEBUG 13072 --- [gestionenvios] [           main] org.hibernate.mapping.BasicValue         : Skipping column re-registration: envios.destinatario
2025-05-11T16:29:44.088-04:00 DEBUG 13072 --- [gestionenvios] [           main] o.h.boot.model.internal.PropertyBinder   : Building property destinatario
2025-05-11T16:29:44.088-04:00 DEBUG 13072 --- [gestionenvios] [           main] o.h.boot.model.internal.AnnotatedColumn  : Binding column: AnnotatedColumn(column='empresaEnvio')
2025-05-11T16:29:44.088-04:00 DEBUG 13072 --- [gestionenvios] [           main] o.h.boot.model.internal.PropertyBinder   : MetadataSourceProcessor property empresaEnvio with lazy=false
2025-05-11T16:29:44.088-04:00 DEBUG 13072 --- [gestionenvios] [           main] o.h.b.m.internal.AbstractPropertyHolder  : Attempting to locate auto-apply AttributeConverter for property [com.example.gestionenvios.model.Envios:empresaEnvio]
2025-05-11T16:29:44.088-04:00 DEBUG 13072 --- [gestionenvios] [           main] o.h.b.model.internal.BasicValueBinder    : building BasicValue for empresaEnvio
2025-05-11T16:29:44.088-04:00 DEBUG 13072 --- [gestionenvios] [           main] org.hibernate.mapping.BasicValue         : Skipping column re-registration: envios.empresa_envio
2025-05-11T16:29:44.088-04:00 DEBUG 13072 --- [gestionenvios] [           main] o.h.boot.model.internal.PropertyBinder   : Building property empresaEnvio
2025-05-11T16:29:44.088-04:00 DEBUG 13072 --- [gestionenvios] [           main] o.h.boot.model.internal.AnnotatedColumn  : Binding column: AnnotatedColumn(column='estado')
2025-05-11T16:29:44.088-04:00 DEBUG 13072 --- [gestionenvios] [           main] o.h.boot.model.internal.PropertyBinder   : MetadataSourceProcessor property estado with lazy=false
2025-05-11T16:29:44.088-04:00 DEBUG 13072 --- [gestionenvios] [           main] o.h.b.m.internal.AbstractPropertyHolder  : Attempting to locate auto-apply AttributeConverter for property [com.example.gestionenvios.model.Envios:estado]
2025-05-11T16:29:44.088-04:00 DEBUG 13072 --- [gestionenvios] [           main] o.h.b.model.internal.BasicValueBinder    : building BasicValue for estado
2025-05-11T16:29:44.088-04:00 DEBUG 13072 --- [gestionenvios] [           main] org.hibernate.mapping.BasicValue         : Skipping column re-registration: envios.estado
2025-05-11T16:29:44.088-04:00 DEBUG 13072 --- [gestionenvios] [           main] o.h.boot.model.internal.PropertyBinder   : Building property estado
2025-05-11T16:29:44.088-04:00 DEBUG 13072 --- [gestionenvios] [           main] o.h.boot.model.internal.AnnotatedColumn  : Binding column: AnnotatedColumn(column='fechaEntrega')
2025-05-11T16:29:44.088-04:00 DEBUG 13072 --- [gestionenvios] [           main] o.h.boot.model.internal.PropertyBinder   : MetadataSourceProcessor property fechaEntrega with lazy=false
2025-05-11T16:29:44.088-04:00 DEBUG 13072 --- [gestionenvios] [           main] o.h.b.m.internal.AbstractPropertyHolder  : Attempting to locate auto-apply AttributeConverter for property [com.example.gestionenvios.model.Envios:fechaEntrega]
2025-05-11T16:29:44.088-04:00 DEBUG 13072 --- [gestionenvios] [           main] o.h.b.model.internal.BasicValueBinder    : building BasicValue for fechaEntrega
2025-05-11T16:29:44.088-04:00 DEBUG 13072 --- [gestionenvios] [           main] org.hibernate.mapping.BasicValue         : Skipping column re-registration: envios.fecha_entrega
2025-05-11T16:29:44.088-04:00 DEBUG 13072 --- [gestionenvios] [           main] o.h.boot.model.internal.PropertyBinder   : Building property fechaEntrega
2025-05-11T16:29:44.088-04:00 DEBUG 13072 --- [gestionenvios] [           main] o.h.boot.model.internal.AnnotatedColumn  : Binding column: AnnotatedColumn(column='fechaSalida')
2025-05-11T16:29:44.088-04:00 DEBUG 13072 --- [gestionenvios] [           main] o.h.boot.model.internal.PropertyBinder   : MetadataSourceProcessor property fechaSalida with lazy=false
2025-05-11T16:29:44.088-04:00 DEBUG 13072 --- [gestionenvios] [           main] o.h.b.m.internal.AbstractPropertyHolder  : Attempting to locate auto-apply AttributeConverter for property [com.example.gestionenvios.model.Envios:fechaSalida]
2025-05-11T16:29:44.089-04:00 DEBUG 13072 --- [gestionenvios] [           main] o.h.b.model.internal.BasicValueBinder    : building BasicValue for fechaSalida
2025-05-11T16:29:44.089-04:00 DEBUG 13072 --- [gestionenvios] [           main] org.hibernate.mapping.BasicValue         : Skipping column re-registration: envios.fecha_salida
2025-05-11T16:29:44.089-04:00 DEBUG 13072 --- [gestionenvios] [           main] o.h.boot.model.internal.PropertyBinder   : Building property fechaSalida
2025-05-11T16:29:44.089-04:00 DEBUG 13072 --- [gestionenvios] [           main] o.h.boot.model.internal.AnnotatedColumn  : Binding column: AnnotatedColumn(column='paisDestino')
2025-05-11T16:29:44.089-04:00 DEBUG 13072 --- [gestionenvios] [           main] o.h.boot.model.internal.PropertyBinder   : MetadataSourceProcessor property paisDestino with lazy=false
2025-05-11T16:29:44.089-04:00 DEBUG 13072 --- [gestionenvios] [           main] o.h.b.m.internal.AbstractPropertyHolder  : Attempting to locate auto-apply AttributeConverter for property [com.example.gestionenvios.model.Envios:paisDestino]
2025-05-11T16:29:44.089-04:00 DEBUG 13072 --- [gestionenvios] [           main] o.h.b.model.internal.BasicValueBinder    : building BasicValue for paisDestino
2025-05-11T16:29:44.089-04:00 DEBUG 13072 --- [gestionenvios] [           main] org.hibernate.mapping.BasicValue         : Skipping column re-registration: envios.pais_destino
2025-05-11T16:29:44.089-04:00 DEBUG 13072 --- [gestionenvios] [           main] o.h.boot.model.internal.PropertyBinder   : Building property paisDestino
2025-05-11T16:29:44.089-04:00 DEBUG 13072 --- [gestionenvios] [           main] o.h.boot.model.internal.AnnotatedColumn  : Binding column: AnnotatedColumn(column='paisOrigen')
2025-05-11T16:29:44.089-04:00 DEBUG 13072 --- [gestionenvios] [           main] o.h.boot.model.internal.PropertyBinder   : MetadataSourceProcessor property paisOrigen with lazy=false
2025-05-11T16:29:44.089-04:00 DEBUG 13072 --- [gestionenvios] [           main] o.h.b.m.internal.AbstractPropertyHolder  : Attempting to locate auto-apply AttributeConverter for property [com.example.gestionenvios.model.Envios:paisOrigen]
2025-05-11T16:29:44.089-04:00 DEBUG 13072 --- [gestionenvios] [           main] o.h.b.model.internal.BasicValueBinder    : building BasicValue for paisOrigen
2025-05-11T16:29:44.089-04:00 DEBUG 13072 --- [gestionenvios] [           main] org.hibernate.mapping.BasicValue         : Skipping column re-registration: envios.pais_origen
2025-05-11T16:29:44.089-04:00 DEBUG 13072 --- [gestionenvios] [           main] o.h.boot.model.internal.PropertyBinder   : Building property paisOrigen
2025-05-11T16:29:44.089-04:00 DEBUG 13072 --- [gestionenvios] [           main] o.h.boot.model.internal.AnnotatedColumn  : Binding column: AnnotatedColumn(column='ubicacionActual')
2025-05-11T16:29:44.089-04:00 DEBUG 13072 --- [gestionenvios] [           main] o.h.boot.model.internal.PropertyBinder   : MetadataSourceProcessor property ubicacionActual with lazy=false
2025-05-11T16:29:44.089-04:00 DEBUG 13072 --- [gestionenvios] [           main] o.h.b.m.internal.AbstractPropertyHolder  : Attempting to locate auto-apply AttributeConverter for property [com.example.gestionenvios.model.Envios:ubicacionActual]
2025-05-11T16:29:44.089-04:00 DEBUG 13072 --- [gestionenvios] [           main] o.h.b.model.internal.BasicValueBinder    : building BasicValue for ubicacionActual
2025-05-11T16:29:44.089-04:00 DEBUG 13072 --- [gestionenvios] [           main] org.hibernate.mapping.BasicValue         : Skipping column re-registration: envios.ubicacion_actual
2025-05-11T16:29:44.089-04:00 DEBUG 13072 --- [gestionenvios] [           main] o.h.boot.model.internal.PropertyBinder   : Building property ubicacionActual
2025-05-11T16:29:44.090-04:00 DEBUG 13072 --- [gestionenvios] [           main] o.h.b.r.c.i.ClassLoaderServiceImpl       : HHH000194: Package not found or no package-info.java: com.example.gestionenvios.model
2025-05-11T16:29:44.090-04:00 DEBUG 13072 --- [gestionenvios] [           main] o.h.b.model.internal.BasicValueBinder    : Starting `BasicValueBinder#fillSimpleValue` for nSeguimiento
2025-05-11T16:29:44.090-04:00 DEBUG 13072 --- [gestionenvios] [           main] o.h.b.model.internal.BasicValueBinder    : Starting `BasicValueBinder#fillSimpleValue` for destinatario
2025-05-11T16:29:44.090-04:00 DEBUG 13072 --- [gestionenvios] [           main] o.h.b.model.internal.BasicValueBinder    : Starting `BasicValueBinder#fillSimpleValue` for empresaEnvio
2025-05-11T16:29:44.090-04:00 DEBUG 13072 --- [gestionenvios] [           main] o.h.b.model.internal.BasicValueBinder    : Starting `BasicValueBinder#fillSimpleValue` for estado
2025-05-11T16:29:44.090-04:00 DEBUG 13072 --- [gestionenvios] [           main] o.h.b.model.internal.BasicValueBinder    : Starting `BasicValueBinder#fillSimpleValue` for fechaEntrega
2025-05-11T16:29:44.091-04:00 DEBUG 13072 --- [gestionenvios] [           main] o.h.b.model.internal.BasicValueBinder    : Starting `BasicValueBinder#fillSimpleValue` for fechaSalida
2025-05-11T16:29:44.091-04:00 DEBUG 13072 --- [gestionenvios] [           main] o.h.b.model.internal.BasicValueBinder    : Starting `BasicValueBinder#fillSimpleValue` for paisDestino
2025-05-11T16:29:44.091-04:00 DEBUG 13072 --- [gestionenvios] [           main] o.h.b.model.internal.BasicValueBinder    : Starting `BasicValueBinder#fillSimpleValue` for paisOrigen
2025-05-11T16:29:44.091-04:00 DEBUG 13072 --- [gestionenvios] [           main] o.h.b.model.internal.BasicValueBinder    : Starting `BasicValueBinder#fillSimpleValue` for ubicacionActual
2025-05-11T16:29:44.091-04:00 DEBUG 13072 --- [gestionenvios] [           main] org.hibernate.mapping.PrimaryKey         : Forcing column [n_seguimiento] to be non-null as it is part of the primary key for table [envios]
2025-05-11T16:29:44.098-04:00 DEBUG 13072 --- [gestionenvios] [           main] o.hibernate.internal.SessionFactoryImpl  : Building session factory
2025-05-11T16:29:44.099-04:00 DEBUG 13072 --- [gestionenvios] [           main] .h.s.i.SessionFactoryServiceRegistryImpl : EventListenerRegistry access via ServiceRegistry is deprecated.  Use `sessionFactory.getEventEngine().getListenerRegistry()` instead
2025-05-11T16:29:44.099-04:00 DEBUG 13072 --- [gestionenvios] [           main] o.hibernate.internal.SessionFactoryImpl  : Instantiating SessionFactory with settings: {java.specification.version=17, hibernate.resource.beans.container=org.springframework.orm.hibernate5.SpringBeanContainer@4992e34f, hibernate.connection.handling_mode=DELAYED_ACQUISITION_AND_HOLD, sun.jnu.encoding=UTF-8, hibernate.dialect=org.hibernate.dialect.OracleDialect, hibernate.implicit_naming_strategy=org.springframework.boot.orm.jpa.hibernate.SpringImplicitNamingStrategy, java.class.path=/Users/krhisnaoyanedelyanez/Desktop/EFT_GESTIONENVIOS/target/test-classes:/Users/krhisnaoyanedelyanez/Desktop/EFT_GESTIONENVIOS/target/classes:/Users/krhisnaoyanedelyanez/.m2/repository/org/springframework/boot/spring-boot-starter-validation/3.4.4/spring-boot-starter-validation-3.4.4.jar:/Users/krhisnaoyanedelyanez/.m2/repository/org/springframework/boot/spring-boot-starter/3.4.4/spring-boot-starter-3.4.4.jar:/Users/krhisnaoyanedelyanez/.m2/repository/org/springframework/boot/spring-boot-starter-logging/3.4.4/spring-boot-starter-logging-3.4.4.jar:/Users/krhisnaoyanedelyanez/.m2/repository/ch/qos/logback/logback-classic/1.5.18/logback-classic-1.5.18.jar:/Users/krhisnaoyanedelyanez/.m2/repository/ch/qos/logback/logback-core/1.5.18/logback-core-1.5.18.jar:/Users/krhisnaoyanedelyanez/.m2/repository/org/apache/logging/log4j/log4j-to-slf4j/2.24.3/log4j-to-slf4j-2.24.3.jar:/Users/krhisnaoyanedelyanez/.m2/repository/org/apache/logging/log4j/log4j-api/2.24.3/log4j-api-2.24.3.jar:/Users/krhisnaoyanedelyanez/.m2/repository/org/slf4j/jul-to-slf4j/2.0.17/jul-to-slf4j-2.0.17.jar:/Users/krhisnaoyanedelyanez/.m2/repository/jakarta/annotation/jakarta.annotation-api/2.1.1/jakarta.annotation-api-2.1.1.jar:/Users/krhisnaoyanedelyanez/.m2/repository/org/yaml/snakeyaml/2.3/snakeyaml-2.3.jar:/Users/krhisnaoyanedelyanez/.m2/repository/org/apache/tomcat/embed/tomcat-embed-el/10.1.39/tomcat-embed-el-10.1.39.jar:/Users/krhisnaoyanedelyanez/.m2/repository/org/hibernate/validator/hibernate-validator/8.0.2.Final/hibernate-validator-8.0.2.Final.jar:/Users/krhisnaoyanedelyanez/.m2/repository/jakarta/validation/jakarta.validation-api/3.0.2/jakarta.validation-api-3.0.2.jar:/Users/krhisnaoyanedelyanez/.m2/repository/org/jboss/logging/jboss-logging/3.6.1.Final/jboss-logging-3.6.1.Final.jar:/Users/krhisnaoyanedelyanez/.m2/repository/com/fasterxml/classmate/1.7.0/classmate-1.7.0.jar:/Users/krhisnaoyanedelyanez/.m2/repository/com/h2database/h2/2.3.232/h2-2.3.232.jar:/Users/krhisnaoyanedelyanez/.m2/repository/org/hamcrest/hamcrest/2.2/hamcrest-2.2.jar:/Users/krhisnaoyanedelyanez/.m2/repository/org/springframework/boot/spring-boot-starter-actuator/3.4.4/spring-boot-starter-actuator-3.4.4.jar:/Users/krhisnaoyanedelyanez/.m2/repository/org/springframework/boot/spring-boot-actuator-autoconfigure/3.4.4/spring-boot-actuator-autoconfigure-3.4.4.jar:/Users/krhisnaoyanedelyanez/.m2/repository/org/springframework/boot/spring-boot-actuator/3.4.4/spring-boot-actuator-3.4.4.jar:/Users/krhisnaoyanedelyanez/.m2/repository/com/fasterxml/jackson/core/jackson-databind/2.18.3/jackson-databind-2.18.3.jar:/Users/krhisnaoyanedelyanez/.m2/repository/com/fasterxml/jackson/core/jackson-annotations/2.18.3/jackson-annotations-2.18.3.jar:/Users/krhisnaoyanedelyanez/.m2/repository/com/fasterxml/jackson/core/jackson-core/2.18.3/jackson-core-2.18.3.jar:/Users/krhisnaoyanedelyanez/.m2/repository/com/fasterxml/jackson/datatype/jackson-datatype-jsr310/2.18.3/jackson-datatype-jsr310-2.18.3.jar:/Users/krhisnaoyanedelyanez/.m2/repository/io/micrometer/micrometer-observation/1.14.5/micrometer-observation-1.14.5.jar:/Users/krhisnaoyanedelyanez/.m2/repository/io/micrometer/micrometer-commons/1.14.5/micrometer-commons-1.14.5.jar:/Users/krhisnaoyanedelyanez/.m2/repository/io/micrometer/micrometer-jakarta9/1.14.5/micrometer-jakarta9-1.14.5.jar:/Users/krhisnaoyanedelyanez/.m2/repository/io/micrometer/micrometer-core/1.14.5/micrometer-core-1.14.5.jar:/Users/krhisnaoyanedelyanez/.m2/repository/org/hdrhistogram/HdrHistogram/2.2.2/HdrHistogram-2.2.2.jar:/Users/krhisnaoyanedelyanez/.m2/repository/org/latencyutils/LatencyUtils/2.0.3/LatencyUtils-2.0.3.jar:/Users/krhisnaoyanedelyanez/.m2/repository/org/springframework/boot/spring-boot-starter-data-jpa/3.4.4/spring-boot-starter-data-jpa-3.4.4.jar:/Users/krhisnaoyanedelyanez/.m2/repository/org/springframework/boot/spring-boot-starter-jdbc/3.4.4/spring-boot-starter-jdbc-3.4.4.jar:/Users/krhisnaoyanedelyanez/.m2/repository/com/zaxxer/HikariCP/5.1.0/HikariCP-5.1.0.jar:/Users/krhisnaoyanedelyanez/.m2/repository/org/springframework/spring-jdbc/6.2.5/spring-jdbc-6.2.5.jar:/Users/krhisnaoyanedelyanez/.m2/repository/org/hibernate/orm/hibernate-core/6.6.11.Final/hibernate-core-6.6.11.Final.jar:/Users/krhisnaoyanedelyanez/.m2/repository/jakarta/persistence/jakarta.persistence-api/3.1.0/jakarta.persistence-api-3.1.0.jar:/Users/krhisnaoyanedelyanez/.m2/repository/jakarta/transaction/jakarta.transaction-api/2.0.1/jakarta.transaction-api-2.0.1.jar:/Users/krhisnaoyanedelyanez/.m2/repository/org/hibernate/common/hibernate-commons-annotations/7.0.3.Final/hibernate-commons-annotations-7.0.3.Final.jar:/Users/krhisnaoyanedelyanez/.m2/repository/io/smallrye/jandex/3.2.0/jandex-3.2.0.jar:/Users/krhisnaoyanedelyanez/.m2/repository/net/bytebuddy/byte-buddy/1.15.11/byte-buddy-1.15.11.jar:/Users/krhisnaoyanedelyanez/.m2/repository/org/glassfish/jaxb/jaxb-runtime/4.0.5/jaxb-runtime-4.0.5.jar:/Users/krhisnaoyanedelyanez/.m2/repository/org/glassfish/jaxb/jaxb-core/4.0.5/jaxb-core-4.0.5.jar:/Users/krhisnaoyanedelyanez/.m2/repository/org/eclipse/angus/angus-activation/2.0.2/angus-activation-2.0.2.jar:/Users/krhisnaoyanedelyanez/.m2/repository/org/glassfish/jaxb/txw2/4.0.5/txw2-4.0.5.jar:/Users/krhisnaoyanedelyanez/.m2/repository/com/sun/istack/istack-commons-runtime/4.1.2/istack-commons-runtime-4.1.2.jar:/Users/krhisnaoyanedelyanez/.m2/repository/jakarta/inject/jakarta.inject-api/2.0.1/jakarta.inject-api-2.0.1.jar:/Users/krhisnaoyanedelyanez/.m2/repository/org/antlr/antlr4-runtime/4.13.0/antlr4-runtime-4.13.0.jar:/Users/krhisnaoyanedelyanez/.m2/repository/org/springframework/data/spring-data-jpa/3.4.4/spring-data-jpa-3.4.4.jar:/Users/krhisnaoyanedelyanez/.m2/repository/org/springframework/data/spring-data-commons/3.4.4/spring-data-commons-3.4.4.jar:/Users/krhisnaoyanedelyanez/.m2/repository/org/springframework/spring-orm/6.2.5/spring-orm-6.2.5.jar:/Users/krhisnaoyanedelyanez/.m2/repository/org/springframework/spring-context/6.2.5/spring-context-6.2.5.jar:/Users/krhisnaoyanedelyanez/.m2/repository/org/springframework/spring-aop/6.2.5/spring-aop-6.2.5.jar:/Users/krhisnaoyanedelyanez/.m2/repository/org/springframework/spring-tx/6.2.5/spring-tx-6.2.5.jar:/Users/krhisnaoyanedelyanez/.m2/repository/org/springframework/spring-beans/6.2.5/spring-beans-6.2.5.jar:/Users/krhisnaoyanedelyanez/.m2/repository/org/slf4j/slf4j-api/2.0.17/slf4j-api-2.0.17.jar:/Users/krhisnaoyanedelyanez/.m2/repository/org/springframework/spring-aspects/6.2.5/spring-aspects-6.2.5.jar:/Users/krhisnaoyanedelyanez/.m2/repository/org/aspectj/aspectjweaver/1.9.23/aspectjweaver-1.9.23.jar:/Users/krhisnaoyanedelyanez/.m2/repository/org/springframework/boot/spring-boot-starter-web/3.4.4/spring-boot-starter-web-3.4.4.jar:/Users/krhisnaoyanedelyanez/.m2/repository/org/springframework/boot/spring-boot-starter-json/3.4.4/spring-boot-starter-json-3.4.4.jar:/Users/krhisnaoyanedelyanez/.m2/repository/com/fasterxml/jackson/datatype/jackson-datatype-jdk8/2.18.3/jackson-datatype-jdk8-2.18.3.jar:/Users/krhisnaoyanedelyanez/.m2/repository/com/fasterxml/jackson/module/jackson-module-parameter-names/2.18.3/jackson-module-parameter-names-2.18.3.jar:/Users/krhisnaoyanedelyanez/.m2/repository/org/springframework/boot/spring-boot-starter-tomcat/3.4.4/spring-boot-starter-tomcat-3.4.4.jar:/Users/krhisnaoyanedelyanez/.m2/repository/org/apache/tomcat/embed/tomcat-embed-core/10.1.39/tomcat-embed-core-10.1.39.jar:/Users/krhisnaoyanedelyanez/.m2/repository/org/apache/tomcat/embed/tomcat-embed-websocket/10.1.39/tomcat-embed-websocket-10.1.39.jar:/Users/krhisnaoyanedelyanez/.m2/repository/org/springframework/spring-web/6.2.5/spring-web-6.2.5.jar:/Users/krhisnaoyanedelyanez/.m2/repository/org/springframework/spring-webmvc/6.2.5/spring-webmvc-6.2.5.jar:/Users/krhisnaoyanedelyanez/.m2/repository/org/springframework/spring-expression/6.2.5/spring-expression-6.2.5.jar:/Users/krhisnaoyanedelyanez/.m2/repository/org/springframework/boot/spring-boot-devtools/3.4.4/spring-boot-devtools-3.4.4.jar:/Users/krhisnaoyanedelyanez/.m2/repository/org/springframework/boot/spring-boot/3.4.4/spring-boot-3.4.4.jar:/Users/krhisnaoyanedelyanez/.m2/repository/org/springframework/boot/spring-boot-autoconfigure/3.4.4/spring-boot-autoconfigure-3.4.4.jar:/Users/krhisnaoyanedelyanez/.m2/repository/com/oracle/database/jdbc/ojdbc11/23.5.0.24.07/ojdbc11-23.5.0.24.07.jar:/Users/krhisnaoyanedelyanez/.m2/repository/com/oracle/database/jdbc/ucp11/23.5.0.24.07/ucp11-23.5.0.24.07.jar:/Users/krhisnaoyanedelyanez/.m2/repository/com/oracle/database/jdbc/rsi/23.5.0.24.07/rsi-23.5.0.24.07.jar:/Users/krhisnaoyanedelyanez/.m2/repository/com/oracle/database/ha/simplefan/23.5.0.24.07/simplefan-23.5.0.24.07.jar:/Users/krhisnaoyanedelyanez/.m2/repository/com/oracle/database/ha/ons/23.5.0.24.07/ons-23.5.0.24.07.jar:/Users/krhisnaoyanedelyanez/.m2/repository/com/oracle/database/nls/orai18n/23.5.0.24.07/orai18n-23.5.0.24.07.jar:/Users/krhisnaoyanedelyanez/.m2/repository/com/oracle/database/xml/xdb/23.5.0.24.07/xdb-23.5.0.24.07.jar:/Users/krhisnaoyanedelyanez/.m2/repository/com/oracle/database/xml/xmlparserv2/23.5.0.24.07/xmlparserv2-23.5.0.24.07.jar:/Users/krhisnaoyanedelyanez/.m2/repository/com/oracle/database/security/oraclepki/21.5.0.0/oraclepki-21.5.0.0.jar:/Users/krhisnaoyanedelyanez/.m2/repository/com/oracle/database/security/osdt_cert/21.5.0.0/osdt_cert-21.5.0.0.jar:/Users/krhisnaoyanedelyanez/.m2/repository/com/oracle/database/security/osdt_core/21.5.0.0/osdt_core-21.5.0.0.jar:/Users/krhisnaoyanedelyanez/.m2/repository/org/springframework/boot/spring-boot-starter-hateoas/3.4.4/spring-boot-starter-hateoas-3.4.4.jar:/Users/krhisnaoyanedelyanez/.m2/repository/org/springframework/hateoas/spring-hateoas/2.4.1/spring-hateoas-2.4.1.jar:/Users/krhisnaoyanedelyanez/.m2/repository/org/springframework/plugin/spring-plugin-core/3.0.0/spring-plugin-core-3.0.0.jar:/Users/krhisnaoyanedelyanez/.m2/repository/org/projectlombok/lombok/1.18.36/lombok-1.18.36.jar:/Users/krhisnaoyanedelyanez/.m2/repository/org/springframework/boot/spring-boot-starter-test/3.4.4/spring-boot-starter-test-3.4.4.jar:/Users/krhisnaoyanedelyanez/.m2/repository/org/springframework/boot/spring-boot-test/3.4.4/spring-boot-test-3.4.4.jar:/Users/krhisnaoyanedelyanez/.m2/repository/org/springframework/boot/spring-boot-test-autoconfigure/3.4.4/spring-boot-test-autoconfigure-3.4.4.jar:/Users/krhisnaoyanedelyanez/.m2/repository/com/jayway/jsonpath/json-path/2.9.0/json-path-2.9.0.jar:/Users/krhisnaoyanedelyanez/.m2/repository/jakarta/xml/bind/jakarta.xml.bind-api/4.0.2/jakarta.xml.bind-api-4.0.2.jar:/Users/krhisnaoyanedelyanez/.m2/repository/jakarta/activation/jakarta.activation-api/2.1.3/jakarta.activation-api-2.1.3.jar:/Users/krhisnaoyanedelyanez/.m2/repository/net/minidev/json-smart/2.5.2/json-smart-2.5.2.jar:/Users/krhisnaoyanedelyanez/.m2/repository/net/minidev/accessors-smart/2.5.2/accessors-smart-2.5.2.jar:/Users/krhisnaoyanedelyanez/.m2/repository/org/ow2/asm/asm/9.7.1/asm-9.7.1.jar:/Users/krhisnaoyanedelyanez/.m2/repository/org/assertj/assertj-core/3.26.3/assertj-core-3.26.3.jar:/Users/krhisnaoyanedelyanez/.m2/repository/org/awaitility/awaitility/4.2.2/awaitility-4.2.2.jar:/Users/krhisnaoyanedelyanez/.m2/repository/org/junit/jupiter/junit-jupiter/5.11.4/junit-jupiter-5.11.4.jar:/Users/krhisnaoyanedelyanez/.m2/repository/org/junit/jupiter/junit-jupiter-api/5.11.4/junit-jupiter-api-5.11.4.jar:/Users/krhisnaoyanedelyanez/.m2/repository/org/opentest4j/opentest4j/1.3.0/opentest4j-1.3.0.jar:/Users/krhisnaoyanedelyanez/.m2/repository/org/junit/platform/junit-platform-commons/1.11.4/junit-platform-commons-1.11.4.jar:/Users/krhisnaoyanedelyanez/.m2/repository/org/apiguardian/apiguardian-api/1.1.2/apiguardian-api-1.1.2.jar:/Users/krhisnaoyanedelyanez/.m2/repository/org/junit/jupiter/junit-jupiter-params/5.11.4/junit-jupiter-params-5.11.4.jar:/Users/krhisnaoyanedelyanez/.m2/repository/org/junit/jupiter/junit-jupiter-engine/5.11.4/junit-jupiter-engine-5.11.4.jar:/Users/krhisnaoyanedelyanez/.m2/repository/org/junit/platform/junit-platform-engine/1.11.4/junit-platform-engine-1.11.4.jar:/Users/krhisnaoyanedelyanez/.m2/repository/org/mockito/mockito-core/5.14.2/mockito-core-5.14.2.jar:/Users/krhisnaoyanedelyanez/.m2/repository/net/bytebuddy/byte-buddy-agent/1.15.11/byte-buddy-agent-1.15.11.jar:/Users/krhisnaoyanedelyanez/.m2/repository/org/objenesis/objenesis/3.3/objenesis-3.3.jar:/Users/krhisnaoyanedelyanez/.m2/repository/org/mockito/mockito-junit-jupiter/5.14.2/mockito-junit-jupiter-5.14.2.jar:/Users/krhisnaoyanedelyanez/.m2/repository/org/skyscreamer/jsonassert/1.5.3/jsonassert-1.5.3.jar:/Users/krhisnaoyanedelyanez/.m2/repository/com/vaadin/external/google/android-json/0.0.20131108.vaadin1/android-json-0.0.20131108.vaadin1.jar:/Users/krhisnaoyanedelyanez/.m2/repository/org/springframework/spring-core/6.2.5/spring-core-6.2.5.jar:/Users/krhisnaoyanedelyanez/.m2/repository/org/springframework/spring-jcl/6.2.5/spring-jcl-6.2.5.jar:/Users/krhisnaoyanedelyanez/.m2/repository/org/springframework/spring-test/6.2.5/spring-test-6.2.5.jar:/Users/krhisnaoyanedelyanez/.m2/repository/org/xmlunit/xmlunit-core/2.10.0/xmlunit-core-2.10.0.jar:, java.vm.vendor=Homebrew, sun.arch.data.model=64, java.vendor.url=https://github.com/Homebrew/homebrew-core/issues, user.timezone=America/Santiago, jakarta.persistence.sharedCache.mode=UNSPECIFIED, org.jboss.logging.provider=slf4j, java.vm.specification.version=17, os.name=Mac OS X, APPLICATION_NAME=gestionenvios, jakarta.persistence.nonJtaDataSource=HikariDataSource (HikariPool-2), sun.java.launcher=SUN_STANDARD, user.country=419, sun.boot.library.path=/opt/homebrew/Cellar/openjdk@17/17.0.15/libexec/openjdk.jdk/Contents/Home/lib, sun.java.command=/Users/krhisnaoyanedelyanez/Desktop/EFT_GESTIONENVIOS/target/surefire/surefirebooter-20250511162931250_3.jar /Users/krhisnaoyanedelyanez/Desktop/EFT_GESTIONENVIOS/target/surefire 2025-05-11T16-29-31_172-jvmRun1 surefire-20250511162931250_1tmp surefire_0-20250511162931250_2tmp, javax.persistence.nonJtaDataSource=HikariDataSource (HikariPool-2), hibernate.transaction.jta.platform=org.hibernate.engine.transaction.jta.platform.internal.NoJtaPlatform@d6de944, http.nonProxyHosts=local|*.local|169.254/16|*.169.254/16, jdk.debug=release, surefire.test.class.path=/Users/krhisnaoyanedelyanez/Desktop/EFT_GESTIONENVIOS/target/test-classes:/Users/krhisnaoyanedelyanez/Desktop/EFT_GESTIONENVIOS/target/classes:/Users/krhisnaoyanedelyanez/.m2/repository/org/springframework/boot/spring-boot-starter-validation/3.4.4/spring-boot-starter-validation-3.4.4.jar:/Users/krhisnaoyanedelyanez/.m2/repository/org/springframework/boot/spring-boot-starter/3.4.4/spring-boot-starter-3.4.4.jar:/Users/krhisnaoyanedelyanez/.m2/repository/org/springframework/boot/spring-boot-starter-logging/3.4.4/spring-boot-starter-logging-3.4.4.jar:/Users/krhisnaoyanedelyanez/.m2/repository/ch/qos/logback/logback-classic/1.5.18/logback-classic-1.5.18.jar:/Users/krhisnaoyanedelyanez/.m2/repository/ch/qos/logback/logback-core/1.5.18/logback-core-1.5.18.jar:/Users/krhisnaoyanedelyanez/.m2/repository/org/apache/logging/log4j/log4j-to-slf4j/2.24.3/log4j-to-slf4j-2.24.3.jar:/Users/krhisnaoyanedelyanez/.m2/repository/org/apache/logging/log4j/log4j-api/2.24.3/log4j-api-2.24.3.jar:/Users/krhisnaoyanedelyanez/.m2/repository/org/slf4j/jul-to-slf4j/2.0.17/jul-to-slf4j-2.0.17.jar:/Users/krhisnaoyanedelyanez/.m2/repository/jakarta/annotation/jakarta.annotation-api/2.1.1/jakarta.annotation-api-2.1.1.jar:/Users/krhisnaoyanedelyanez/.m2/repository/org/yaml/snakeyaml/2.3/snakeyaml-2.3.jar:/Users/krhisnaoyanedelyanez/.m2/repository/org/apache/tomcat/embed/tomcat-embed-el/10.1.39/tomcat-embed-el-10.1.39.jar:/Users/krhisnaoyanedelyanez/.m2/repository/org/hibernate/validator/hibernate-validator/8.0.2.Final/hibernate-validator-8.0.2.Final.jar:/Users/krhisnaoyanedelyanez/.m2/repository/jakarta/validation/jakarta.validation-api/3.0.2/jakarta.validation-api-3.0.2.jar:/Users/krhisnaoyanedelyanez/.m2/repository/org/jboss/logging/jboss-logging/3.6.1.Final/jboss-logging-3.6.1.Final.jar:/Users/krhisnaoyanedelyanez/.m2/repository/com/fasterxml/classmate/1.7.0/classmate-1.7.0.jar:/Users/krhisnaoyanedelyanez/.m2/repository/com/h2database/h2/2.3.232/h2-2.3.232.jar:/Users/krhisnaoyanedelyanez/.m2/repository/org/hamcrest/hamcrest/2.2/hamcrest-2.2.jar:/Users/krhisnaoyanedelyanez/.m2/repository/org/springframework/boot/spring-boot-starter-actuator/3.4.4/spring-boot-starter-actuator-3.4.4.jar:/Users/krhisnaoyanedelyanez/.m2/repository/org/springframework/boot/spring-boot-actuator-autoconfigure/3.4.4/spring-boot-actuator-autoconfigure-3.4.4.jar:/Users/krhisnaoyanedelyanez/.m2/repository/org/springframework/boot/spring-boot-actuator/3.4.4/spring-boot-actuator-3.4.4.jar:/Users/krhisnaoyanedelyanez/.m2/repository/com/fasterxml/jackson/core/jackson-databind/2.18.3/jackson-databind-2.18.3.jar:/Users/krhisnaoyanedelyanez/.m2/repository/com/fasterxml/jackson/core/jackson-annotations/2.18.3/jackson-annotations-2.18.3.jar:/Users/krhisnaoyanedelyanez/.m2/repository/com/fasterxml/jackson/core/jackson-core/2.18.3/jackson-core-2.18.3.jar:/Users/krhisnaoyanedelyanez/.m2/repository/com/fasterxml/jackson/datatype/jackson-datatype-jsr310/2.18.3/jackson-datatype-jsr310-2.18.3.jar:/Users/krhisnaoyanedelyanez/.m2/repository/io/micrometer/micrometer-observation/1.14.5/micrometer-observation-1.14.5.jar:/Users/krhisnaoyanedelyanez/.m2/repository/io/micrometer/micrometer-commons/1.14.5/micrometer-commons-1.14.5.jar:/Users/krhisnaoyanedelyanez/.m2/repository/io/micrometer/micrometer-jakarta9/1.14.5/micrometer-jakarta9-1.14.5.jar:/Users/krhisnaoyanedelyanez/.m2/repository/io/micrometer/micrometer-core/1.14.5/micrometer-core-1.14.5.jar:/Users/krhisnaoyanedelyanez/.m2/repository/org/hdrhistogram/HdrHistogram/2.2.2/HdrHistogram-2.2.2.jar:/Users/krhisnaoyanedelyanez/.m2/repository/org/latencyutils/LatencyUtils/2.0.3/LatencyUtils-2.0.3.jar:/Users/krhisnaoyanedelyanez/.m2/repository/org/springframework/boot/spring-boot-starter-data-jpa/3.4.4/spring-boot-starter-data-jpa-3.4.4.jar:/Users/krhisnaoyanedelyanez/.m2/repository/org/springframework/boot/spring-boot-starter-jdbc/3.4.4/spring-boot-starter-jdbc-3.4.4.jar:/Users/krhisnaoyanedelyanez/.m2/repository/com/zaxxer/HikariCP/5.1.0/HikariCP-5.1.0.jar:/Users/krhisnaoyanedelyanez/.m2/repository/org/springframework/spring-jdbc/6.2.5/spring-jdbc-6.2.5.jar:/Users/krhisnaoyanedelyanez/.m2/repository/org/hibernate/orm/hibernate-core/6.6.11.Final/hibernate-core-6.6.11.Final.jar:/Users/krhisnaoyanedelyanez/.m2/repository/jakarta/persistence/jakarta.persistence-api/3.1.0/jakarta.persistence-api-3.1.0.jar:/Users/krhisnaoyanedelyanez/.m2/repository/jakarta/transaction/jakarta.transaction-api/2.0.1/jakarta.transaction-api-2.0.1.jar:/Users/krhisnaoyanedelyanez/.m2/repository/org/hibernate/common/hibernate-commons-annotations/7.0.3.Final/hibernate-commons-annotations-7.0.3.Final.jar:/Users/krhisnaoyanedelyanez/.m2/repository/io/smallrye/jandex/3.2.0/jandex-3.2.0.jar:/Users/krhisnaoyanedelyanez/.m2/repository/net/bytebuddy/byte-buddy/1.15.11/byte-buddy-1.15.11.jar:/Users/krhisnaoyanedelyanez/.m2/repository/org/glassfish/jaxb/jaxb-runtime/4.0.5/jaxb-runtime-4.0.5.jar:/Users/krhisnaoyanedelyanez/.m2/repository/org/glassfish/jaxb/jaxb-core/4.0.5/jaxb-core-4.0.5.jar:/Users/krhisnaoyanedelyanez/.m2/repository/org/eclipse/angus/angus-activation/2.0.2/angus-activation-2.0.2.jar:/Users/krhisnaoyanedelyanez/.m2/repository/org/glassfish/jaxb/txw2/4.0.5/txw2-4.0.5.jar:/Users/krhisnaoyanedelyanez/.m2/repository/com/sun/istack/istack-commons-runtime/4.1.2/istack-commons-runtime-4.1.2.jar:/Users/krhisnaoyanedelyanez/.m2/repository/jakarta/inject/jakarta.inject-api/2.0.1/jakarta.inject-api-2.0.1.jar:/Users/krhisnaoyanedelyanez/.m2/repository/org/antlr/antlr4-runtime/4.13.0/antlr4-runtime-4.13.0.jar:/Users/krhisnaoyanedelyanez/.m2/repository/org/springframework/data/spring-data-jpa/3.4.4/spring-data-jpa-3.4.4.jar:/Users/krhisnaoyanedelyanez/.m2/repository/org/springframework/data/spring-data-commons/3.4.4/spring-data-commons-3.4.4.jar:/Users/krhisnaoyanedelyanez/.m2/repository/org/springframework/spring-orm/6.2.5/spring-orm-6.2.5.jar:/Users/krhisnaoyanedelyanez/.m2/repository/org/springframework/spring-context/6.2.5/spring-context-6.2.5.jar:/Users/krhisnaoyanedelyanez/.m2/repository/org/springframework/spring-aop/6.2.5/spring-aop-6.2.5.jar:/Users/krhisnaoyanedelyanez/.m2/repository/org/springframework/spring-tx/6.2.5/spring-tx-6.2.5.jar:/Users/krhisnaoyanedelyanez/.m2/repository/org/springframework/spring-beans/6.2.5/spring-beans-6.2.5.jar:/Users/krhisnaoyanedelyanez/.m2/repository/org/slf4j/slf4j-api/2.0.17/slf4j-api-2.0.17.jar:/Users/krhisnaoyanedelyanez/.m2/repository/org/springframework/spring-aspects/6.2.5/spring-aspects-6.2.5.jar:/Users/krhisnaoyanedelyanez/.m2/repository/org/aspectj/aspectjweaver/1.9.23/aspectjweaver-1.9.23.jar:/Users/krhisnaoyanedelyanez/.m2/repository/org/springframework/boot/spring-boot-starter-web/3.4.4/spring-boot-starter-web-3.4.4.jar:/Users/krhisnaoyanedelyanez/.m2/repository/org/springframework/boot/spring-boot-starter-json/3.4.4/spring-boot-starter-json-3.4.4.jar:/Users/krhisnaoyanedelyanez/.m2/repository/com/fasterxml/jackson/datatype/jackson-datatype-jdk8/2.18.3/jackson-datatype-jdk8-2.18.3.jar:/Users/krhisnaoyanedelyanez/.m2/repository/com/fasterxml/jackson/module/jackson-module-parameter-names/2.18.3/jackson-module-parameter-names-2.18.3.jar:/Users/krhisnaoyanedelyanez/.m2/repository/org/springframework/boot/spring-boot-starter-tomcat/3.4.4/spring-boot-starter-tomcat-3.4.4.jar:/Users/krhisnaoyanedelyanez/.m2/repository/org/apache/tomcat/embed/tomcat-embed-core/10.1.39/tomcat-embed-core-10.1.39.jar:/Users/krhisnaoyanedelyanez/.m2/repository/org/apache/tomcat/embed/tomcat-embed-websocket/10.1.39/tomcat-embed-websocket-10.1.39.jar:/Users/krhisnaoyanedelyanez/.m2/repository/org/springframework/spring-web/6.2.5/spring-web-6.2.5.jar:/Users/krhisnaoyanedelyanez/.m2/repository/org/springframework/spring-webmvc/6.2.5/spring-webmvc-6.2.5.jar:/Users/krhisnaoyanedelyanez/.m2/repository/org/springframework/spring-expression/6.2.5/spring-expression-6.2.5.jar:/Users/krhisnaoyanedelyanez/.m2/repository/org/springframework/boot/spring-boot-devtools/3.4.4/spring-boot-devtools-3.4.4.jar:/Users/krhisnaoyanedelyanez/.m2/repository/org/springframework/boot/spring-boot/3.4.4/spring-boot-3.4.4.jar:/Users/krhisnaoyanedelyanez/.m2/repository/org/springframework/boot/spring-boot-autoconfigure/3.4.4/spring-boot-autoconfigure-3.4.4.jar:/Users/krhisnaoyanedelyanez/.m2/repository/com/oracle/database/jdbc/ojdbc11/23.5.0.24.07/ojdbc11-23.5.0.24.07.jar:/Users/krhisnaoyanedelyanez/.m2/repository/com/oracle/database/jdbc/ucp11/23.5.0.24.07/ucp11-23.5.0.24.07.jar:/Users/krhisnaoyanedelyanez/.m2/repository/com/oracle/database/jdbc/rsi/23.5.0.24.07/rsi-23.5.0.24.07.jar:/Users/krhisnaoyanedelyanez/.m2/repository/com/oracle/database/ha/simplefan/23.5.0.24.07/simplefan-23.5.0.24.07.jar:/Users/krhisnaoyanedelyanez/.m2/repository/com/oracle/database/ha/ons/23.5.0.24.07/ons-23.5.0.24.07.jar:/Users/krhisnaoyanedelyanez/.m2/repository/com/oracle/database/nls/orai18n/23.5.0.24.07/orai18n-23.5.0.24.07.jar:/Users/krhisnaoyanedelyanez/.m2/repository/com/oracle/database/xml/xdb/23.5.0.24.07/xdb-23.5.0.24.07.jar:/Users/krhisnaoyanedelyanez/.m2/repository/com/oracle/database/xml/xmlparserv2/23.5.0.24.07/xmlparserv2-23.5.0.24.07.jar:/Users/krhisnaoyanedelyanez/.m2/repository/com/oracle/database/security/oraclepki/21.5.0.0/oraclepki-21.5.0.0.jar:/Users/krhisnaoyanedelyanez/.m2/repository/com/oracle/database/security/osdt_cert/21.5.0.0/osdt_cert-21.5.0.0.jar:/Users/krhisnaoyanedelyanez/.m2/repository/com/oracle/database/security/osdt_core/21.5.0.0/osdt_core-21.5.0.0.jar:/Users/krhisnaoyanedelyanez/.m2/repository/org/springframework/boot/spring-boot-starter-hateoas/3.4.4/spring-boot-starter-hateoas-3.4.4.jar:/Users/krhisnaoyanedelyanez/.m2/repository/org/springframework/hateoas/spring-hateoas/2.4.1/spring-hateoas-2.4.1.jar:/Users/krhisnaoyanedelyanez/.m2/repository/org/springframework/plugin/spring-plugin-core/3.0.0/spring-plugin-core-3.0.0.jar:/Users/krhisnaoyanedelyanez/.m2/repository/org/projectlombok/lombok/1.18.36/lombok-1.18.36.jar:/Users/krhisnaoyanedelyanez/.m2/repository/org/springframework/boot/spring-boot-starter-test/3.4.4/spring-boot-starter-test-3.4.4.jar:/Users/krhisnaoyanedelyanez/.m2/repository/org/springframework/boot/spring-boot-test/3.4.4/spring-boot-test-3.4.4.jar:/Users/krhisnaoyanedelyanez/.m2/repository/org/springframework/boot/spring-boot-test-autoconfigure/3.4.4/spring-boot-test-autoconfigure-3.4.4.jar:/Users/krhisnaoyanedelyanez/.m2/repository/com/jayway/jsonpath/json-path/2.9.0/json-path-2.9.0.jar:/Users/krhisnaoyanedelyanez/.m2/repository/jakarta/xml/bind/jakarta.xml.bind-api/4.0.2/jakarta.xml.bind-api-4.0.2.jar:/Users/krhisnaoyanedelyanez/.m2/repository/jakarta/activation/jakarta.activation-api/2.1.3/jakarta.activation-api-2.1.3.jar:/Users/krhisnaoyanedelyanez/.m2/repository/net/minidev/json-smart/2.5.2/json-smart-2.5.2.jar:/Users/krhisnaoyanedelyanez/.m2/repository/net/minidev/accessors-smart/2.5.2/accessors-smart-2.5.2.jar:/Users/krhisnaoyanedelyanez/.m2/repository/org/ow2/asm/asm/9.7.1/asm-9.7.1.jar:/Users/krhisnaoyanedelyanez/.m2/repository/org/assertj/assertj-core/3.26.3/assertj-core-3.26.3.jar:/Users/krhisnaoyanedelyanez/.m2/repository/org/awaitility/awaitility/4.2.2/awaitility-4.2.2.jar:/Users/krhisnaoyanedelyanez/.m2/repository/org/junit/jupiter/junit-jupiter/5.11.4/junit-jupiter-5.11.4.jar:/Users/krhisnaoyanedelyanez/.m2/repository/org/junit/jupiter/junit-jupiter-api/5.11.4/junit-jupiter-api-5.11.4.jar:/Users/krhisnaoyanedelyanez/.m2/repository/org/opentest4j/opentest4j/1.3.0/opentest4j-1.3.0.jar:/Users/krhisnaoyanedelyanez/.m2/repository/org/junit/platform/junit-platform-commons/1.11.4/junit-platform-commons-1.11.4.jar:/Users/krhisnaoyanedelyanez/.m2/repository/org/apiguardian/apiguardian-api/1.1.2/apiguardian-api-1.1.2.jar:/Users/krhisnaoyanedelyanez/.m2/repository/org/junit/jupiter/junit-jupiter-params/5.11.4/junit-jupiter-params-5.11.4.jar:/Users/krhisnaoyanedelyanez/.m2/repository/org/junit/jupiter/junit-jupiter-engine/5.11.4/junit-jupiter-engine-5.11.4.jar:/Users/krhisnaoyanedelyanez/.m2/repository/org/junit/platform/junit-platform-engine/1.11.4/junit-platform-engine-1.11.4.jar:/Users/krhisnaoyanedelyanez/.m2/repository/org/mockito/mockito-core/5.14.2/mockito-core-5.14.2.jar:/Users/krhisnaoyanedelyanez/.m2/repository/net/bytebuddy/byte-buddy-agent/1.15.11/byte-buddy-agent-1.15.11.jar:/Users/krhisnaoyanedelyanez/.m2/repository/org/objenesis/objenesis/3.3/objenesis-3.3.jar:/Users/krhisnaoyanedelyanez/.m2/repository/org/mockito/mockito-junit-jupiter/5.14.2/mockito-junit-jupiter-5.14.2.jar:/Users/krhisnaoyanedelyanez/.m2/repository/org/skyscreamer/jsonassert/1.5.3/jsonassert-1.5.3.jar:/Users/krhisnaoyanedelyanez/.m2/repository/com/vaadin/external/google/android-json/0.0.20131108.vaadin1/android-json-0.0.20131108.vaadin1.jar:/Users/krhisnaoyanedelyanez/.m2/repository/org/springframework/spring-core/6.2.5/spring-core-6.2.5.jar:/Users/krhisnaoyanedelyanez/.m2/repository/org/springframework/spring-jcl/6.2.5/spring-jcl-6.2.5.jar:/Users/krhisnaoyanedelyanez/.m2/repository/org/springframework/spring-test/6.2.5/spring-test-6.2.5.jar:/Users/krhisnaoyanedelyanez/.m2/repository/org/xmlunit/xmlunit-core/2.10.0/xmlunit-core-2.10.0.jar:, sun.cpu.endian=little, hibernate.cdi.extensions=true, user.home=/Users/krhisnaoyanedelyanez, user.language=es, java.specification.vendor=Oracle Corporation, java.version.date=2025-04-15, java.home=/opt/homebrew/Cellar/openjdk@17/17.0.15/libexec/openjdk.jdk/Contents/Home, file.separator=/, basedir=/Users/krhisnaoyanedelyanez/Desktop/EFT_GESTIONENVIOS, java.vm.compressedOopsMode=Zero based, line.separator=
, hibernate.persistenceUnitName=default, java.vm.specification.vendor=Oracle Corporation, java.specification.name=Java Platform API Specification, FILE_LOG_CHARSET=UTF-8, hibernate.transaction.coordinator_class=class org.hibernate.resource.transaction.backend.jdbc.internal.JdbcResourceLocalTransactionCoordinatorBuilderImpl, java.awt.headless=true, surefire.real.class.path=/Users/krhisnaoyanedelyanez/Desktop/EFT_GESTIONENVIOS/target/surefire/surefirebooter-20250511162931250_3.jar, jakarta.persistence.validation.mode=AUTO, hibernate.hbm2ddl.auto=update, sun.management.compiler=HotSpot 64-Bit Tiered Compilers, ftp.nonProxyHosts=local|*.local|169.254/16|*.169.254/16, java.runtime.version=17.0.15+0, user.name=krhisnaoyanedelyanez, path.separator=:, os.version=15.4.1, java.runtime.name=OpenJDK Runtime Environment, file.encoding=UTF-8, java.vm.name=OpenJDK 64-Bit Server VM, hibernate.show_sql=true, java.vendor.version=Homebrew, localRepository=/Users/krhisnaoyanedelyanez/.m2/repository, java.vendor.url.bug=https://github.com/Homebrew/homebrew-core/issues, java.io.tmpdir=/var/folders/vy/9lv_s96x1zq699h2mzyvgdrr0000gn/T/, java.version=17.0.15, hibernate.physical_naming_strategy=org.hibernate.boot.model.naming.CamelCaseToUnderscoresNamingStrategy, user.dir=/Users/krhisnaoyanedelyanez/Desktop/EFT_GESTIONENVIOS, os.arch=aarch64, java.vm.specification.name=Java Virtual Machine Specification, PID=13072, CONSOLE_LOG_CHARSET=UTF-8, hibernate.boot.CfgXmlAccessService.key=org.hibernate.boot.registry.StandardServiceRegistryBuilder$1@49a6b730, native.encoding=UTF-8, java.library.path=/Users/krhisnaoyanedelyanez/Library/Java/Extensions:/Library/Java/Extensions:/Network/Library/Java/Extensions:/System/Library/Java/Extensions:/usr/lib/java:., java.vendor=Homebrew, java.vm.info=mixed mode, sharing, java.vm.version=17.0.15+0, java.specification.maintenance.version=1, sun.io.unicode.encoding=UnicodeBig, hibernate.archive.scanner=org.hibernate.boot.archive.scan.internal.DisabledScanner, hibernate.connection.datasource=HikariDataSource (HikariPool-2), socksNonProxyHosts=local|*.local|169.254/16|*.169.254/16, java.class.version=61.0, LOGGED_APPLICATION_NAME=[gestionenvios] }
2025-05-11T16:29:44.099-04:00 DEBUG 13072 --- [gestionenvios] [           main] o.hibernate.internal.SessionFactoryImpl  : Session factory constructed with filter configurations : {}
2025-05-11T16:29:44.099-04:00 DEBUG 13072 --- [gestionenvios] [           main] o.h.v.i.xml.config.ValidationXmlParser   : Trying to load META-INF/validation.xml for XML based Validator configuration.
2025-05-11T16:29:44.099-04:00 DEBUG 13072 --- [gestionenvios] [           main] o.h.v.i.xml.config.ResourceLoaderHelper  : Trying to load META-INF/validation.xml via TCCL
2025-05-11T16:29:44.100-04:00 DEBUG 13072 --- [gestionenvios] [           main] o.h.v.i.xml.config.ResourceLoaderHelper  : Trying to load META-INF/validation.xml via Hibernate Validator's class loader
2025-05-11T16:29:44.100-04:00 DEBUG 13072 --- [gestionenvios] [           main] o.h.v.i.xml.config.ValidationXmlParser   : No META-INF/validation.xml found. Using annotation based configuration only.
2025-05-11T16:29:44.100-04:00 DEBUG 13072 --- [gestionenvios] [           main] o.h.v.i.e.resolver.TraversableResolvers  : Found jakarta.persistence.Persistence on classpath containing 'getPersistenceUtil'. Assuming JPA 2 environment. Trying to instantiate JPA aware TraversableResolver
2025-05-11T16:29:44.100-04:00 DEBUG 13072 --- [gestionenvios] [           main] o.h.v.i.e.resolver.TraversableResolvers  : Instantiated JPA aware TraversableResolver of type org.hibernate.validator.internal.engine.resolver.JPATraversableResolver.
2025-05-11T16:29:44.100-04:00 DEBUG 13072 --- [gestionenvios] [           main] .h.v.m.ResourceBundleMessageInterpolator : Loaded expression factory via original TCCL
2025-05-11T16:29:44.101-04:00 DEBUG 13072 --- [gestionenvios] [           main] .i.e.ValidatorFactoryConfigurationHelper : HV000252: Using org.hibernate.validator.internal.engine.DefaultPropertyNodeNameProvider as property node name provider.
2025-05-11T16:29:44.101-04:00 DEBUG 13072 --- [gestionenvios] [           main] .i.e.ValidatorFactoryConfigurationHelper : HV000234: Using org.hibernate.validator.messageinterpolation.ResourceBundleMessageInterpolator as ValidatorFactory-scoped message interpolator.
2025-05-11T16:29:44.101-04:00 DEBUG 13072 --- [gestionenvios] [           main] .i.e.ValidatorFactoryConfigurationHelper : HV000234: Using org.hibernate.validator.internal.engine.resolver.JPATraversableResolver as ValidatorFactory-scoped traversable resolver.
2025-05-11T16:29:44.101-04:00 DEBUG 13072 --- [gestionenvios] [           main] .i.e.ValidatorFactoryConfigurationHelper : HV000234: Using org.hibernate.validator.internal.util.ExecutableParameterNameProvider as ValidatorFactory-scoped parameter name provider.
2025-05-11T16:29:44.101-04:00 DEBUG 13072 --- [gestionenvios] [           main] .i.e.ValidatorFactoryConfigurationHelper : HV000234: Using org.hibernate.validator.internal.engine.DefaultClockProvider as ValidatorFactory-scoped clock provider.
2025-05-11T16:29:44.101-04:00 DEBUG 13072 --- [gestionenvios] [           main] .i.e.ValidatorFactoryConfigurationHelper : HV000234: Using org.hibernate.validator.internal.engine.scripting.DefaultScriptEvaluatorFactory as ValidatorFactory-scoped script evaluator factory.
2025-05-11T16:29:44.101-04:00 DEBUG 13072 --- [gestionenvios] [           main] o.h.boot.internal.ClassLoaderAccessImpl  : Not known whether passed class name [com.example.gestionenvios.model.Envios] is safe
2025-05-11T16:29:44.101-04:00 DEBUG 13072 --- [gestionenvios] [           main] o.h.boot.internal.ClassLoaderAccessImpl  : No temp ClassLoader provided; using live ClassLoader for loading potentially unsafe class : com.example.gestionenvios.model.Envios
2025-05-11T16:29:44.105-04:00 DEBUG 13072 --- [gestionenvios] [           main] .h.s.i.SessionFactoryServiceRegistryImpl : EventListenerRegistry access via ServiceRegistry is deprecated.  Use `sessionFactory.getEventEngine().getListenerRegistry()` instead
2025-05-11T16:29:44.105-04:00 DEBUG 13072 --- [gestionenvios] [           main] o.h.q.sqm.function.SqmFunctionRegistry   : Registered SqmFunctionTemplate [NamedSqmFunctionTemplate(max)] under max; prior registration was null
2025-05-11T16:29:44.105-04:00 DEBUG 13072 --- [gestionenvios] [           main] o.h.q.sqm.function.SqmFunctionRegistry   : Registered SqmFunctionTemplate [NamedSqmFunctionTemplate(min)] under min; prior registration was null
2025-05-11T16:29:44.105-04:00 DEBUG 13072 --- [gestionenvios] [           main] o.h.q.sqm.function.SqmFunctionRegistry   : Registered SqmFunctionTemplate [NamedSqmFunctionTemplate(sum)] under sum; prior registration was null
2025-05-11T16:29:44.105-04:00 DEBUG 13072 --- [gestionenvios] [           main] o.h.q.sqm.function.SqmFunctionRegistry   : Registered SqmFunctionTemplate [NamedSqmFunctionTemplate(avg)] under avg; prior registration was null
2025-05-11T16:29:44.105-04:00 DEBUG 13072 --- [gestionenvios] [           main] o.h.q.sqm.function.SqmFunctionRegistry   : Registered SqmFunctionTemplate [org.hibernate.dialect.function.CountFunction@385ff04e] under count; prior registration was null
2025-05-11T16:29:44.105-04:00 DEBUG 13072 --- [gestionenvios] [           main] o.h.q.sqm.function.SqmFunctionRegistry   : Registered SqmFunctionTemplate [org.hibernate.dialect.function.EveryAnyEmulation@42ff5c92] under every; prior registration was null
2025-05-11T16:29:44.105-04:00 DEBUG 13072 --- [gestionenvios] [           main] o.h.q.sqm.function.SqmFunctionRegistry   : Registered SqmFunctionTemplate [org.hibernate.dialect.function.EveryAnyEmulation@c9cd06e] under any; prior registration was null
2025-05-11T16:29:44.106-04:00 DEBUG 13072 --- [gestionenvios] [           main] o.h.q.sqm.function.SqmFunctionRegistry   : Registered SqmFunctionTemplate [NamedSqmFunctionTemplate(floor)] under floor; prior registration was null
2025-05-11T16:29:44.106-04:00 DEBUG 13072 --- [gestionenvios] [           main] o.h.q.sqm.function.SqmFunctionRegistry   : Registered SqmFunctionTemplate [NamedSqmFunctionTemplate(ceiling)] under ceiling; prior registration was null
2025-05-11T16:29:44.106-04:00 DEBUG 13072 --- [gestionenvios] [           main] o.h.q.sqm.function.SqmFunctionRegistry   : Registered SqmFunctionTemplate [NamedSqmFunctionTemplate(mod)] under mod; prior registration was null
2025-05-11T16:29:44.106-04:00 DEBUG 13072 --- [gestionenvios] [           main] o.h.q.sqm.function.SqmFunctionRegistry   : Registered SqmFunctionTemplate [NamedSqmFunctionTemplate(abs)] under abs; prior registration was null
2025-05-11T16:29:44.106-04:00 DEBUG 13072 --- [gestionenvios] [           main] o.h.q.sqm.function.SqmFunctionRegistry   : Registered SqmFunctionTemplate [NamedSqmFunctionTemplate(sign)] under sign; prior registration was null
2025-05-11T16:29:44.106-04:00 DEBUG 13072 --- [gestionenvios] [           main] o.h.q.sqm.function.SqmFunctionRegistry   : Registered SqmFunctionTemplate [NamedSqmFunctionTemplate(sqrt)] under sqrt; prior registration was null
2025-05-11T16:29:44.106-04:00 DEBUG 13072 --- [gestionenvios] [           main] o.h.q.sqm.function.SqmFunctionRegistry   : Registered SqmFunctionTemplate [NamedSqmFunctionTemplate(ln)] under ln; prior registration was null
2025-05-11T16:29:44.106-04:00 DEBUG 13072 --- [gestionenvios] [           main] o.h.q.sqm.function.SqmFunctionRegistry   : Registered SqmFunctionTemplate [NamedSqmFunctionTemplate(exp)] under exp; prior registration was null
2025-05-11T16:29:44.106-04:00 DEBUG 13072 --- [gestionenvios] [           main] o.h.q.sqm.function.SqmFunctionRegistry   : Registered SqmFunctionTemplate [NamedSqmFunctionTemplate(power)] under power; prior registration was null
2025-05-11T16:29:44.106-04:00 DEBUG 13072 --- [gestionenvios] [           main] o.h.q.sqm.function.SqmFunctionRegistry   : Registered SqmFunctionTemplate [NamedSqmFunctionTemplate(round)] under round; prior registration was null
2025-05-11T16:29:44.106-04:00 DEBUG 13072 --- [gestionenvios] [           main] o.h.q.sqm.function.SqmFunctionRegistry   : Registered SqmFunctionTemplate [NamedSqmFunctionTemplate(sin)] under sin; prior registration was null
2025-05-11T16:29:44.106-04:00 DEBUG 13072 --- [gestionenvios] [           main] o.h.q.sqm.function.SqmFunctionRegistry   : Registered SqmFunctionTemplate [NamedSqmFunctionTemplate(cos)] under cos; prior registration was null
2025-05-11T16:29:44.106-04:00 DEBUG 13072 --- [gestionenvios] [           main] o.h.q.sqm.function.SqmFunctionRegistry   : Registered SqmFunctionTemplate [NamedSqmFunctionTemplate(tan)] under tan; prior registration was null
2025-05-11T16:29:44.106-04:00 DEBUG 13072 --- [gestionenvios] [           main] o.h.q.sqm.function.SqmFunctionRegistry   : Registered SqmFunctionTemplate [NamedSqmFunctionTemplate(asin)] under asin; prior registration was null
2025-05-11T16:29:44.106-04:00 DEBUG 13072 --- [gestionenvios] [           main] o.h.q.sqm.function.SqmFunctionRegistry   : Registered SqmFunctionTemplate [NamedSqmFunctionTemplate(acos)] under acos; prior registration was null
2025-05-11T16:29:44.106-04:00 DEBUG 13072 --- [gestionenvios] [           main] o.h.q.sqm.function.SqmFunctionRegistry   : Registered SqmFunctionTemplate [NamedSqmFunctionTemplate(atan)] under atan; prior registration was null
2025-05-11T16:29:44.106-04:00 DEBUG 13072 --- [gestionenvios] [           main] o.h.q.sqm.function.SqmFunctionRegistry   : Registered SqmFunctionTemplate [NamedSqmFunctionTemplate(atan2)] under atan2; prior registration was null
2025-05-11T16:29:44.106-04:00 DEBUG 13072 --- [gestionenvios] [           main] o.h.q.sqm.function.SqmFunctionRegistry   : Registered SqmFunctionTemplate [org.hibernate.query.sqm.function.PatternBasedSqmFunctionDescriptor@4afad6bd] under sinh; prior registration was null
2025-05-11T16:29:44.106-04:00 DEBUG 13072 --- [gestionenvios] [           main] o.h.q.sqm.function.SqmFunctionRegistry   : Registered SqmFunctionTemplate [org.hibernate.query.sqm.function.PatternBasedSqmFunctionDescriptor@de0922c] under cosh; prior registration was null
2025-05-11T16:29:44.106-04:00 DEBUG 13072 --- [gestionenvios] [           main] o.h.q.sqm.function.SqmFunctionRegistry   : Registered SqmFunctionTemplate [org.hibernate.query.sqm.function.PatternBasedSqmFunctionDescriptor@35c344ce] under tanh; prior registration was null
2025-05-11T16:29:44.106-04:00 DEBUG 13072 --- [gestionenvios] [           main] o.h.q.sqm.function.SqmFunctionRegistry   : Registered SqmFunctionTemplate [org.hibernate.query.sqm.function.PatternBasedSqmFunctionDescriptor@5fb6fdb8] under pi; prior registration was null
2025-05-11T16:29:44.106-04:00 DEBUG 13072 --- [gestionenvios] [           main] o.h.q.sqm.function.SqmFunctionRegistry   : Registered SqmFunctionTemplate [org.hibernate.query.sqm.function.PatternBasedSqmFunctionDescriptor@43e587cd] under log; prior registration was null
2025-05-11T16:29:44.106-04:00 DEBUG 13072 --- [gestionenvios] [           main] o.h.q.sqm.function.SqmFunctionRegistry   : Registered SqmFunctionTemplate [NamedSqmFunctionTemplate(coalesce)] under coalesce; prior registration was null
2025-05-11T16:29:44.106-04:00 DEBUG 13072 --- [gestionenvios] [           main] o.h.q.sqm.function.SqmFunctionRegistry   : Registered SqmFunctionTemplate [NamedSqmFunctionTemplate(nullif)] under nullif; prior registration was null
2025-05-11T16:29:44.106-04:00 DEBUG 13072 --- [gestionenvios] [           main] o.h.q.sqm.function.SqmFunctionRegistry   : Registered SqmFunctionTemplate [NamedSqmFunctionTemplate(left)] under left; prior registration was null
2025-05-11T16:29:44.106-04:00 DEBUG 13072 --- [gestionenvios] [           main] o.h.q.sqm.function.SqmFunctionRegistry   : Registered SqmFunctionTemplate [NamedSqmFunctionTemplate(right)] under right; prior registration was null
2025-05-11T16:29:44.106-04:00 DEBUG 13072 --- [gestionenvios] [           main] o.h.q.sqm.function.SqmFunctionRegistry   : Registered SqmFunctionTemplate [NamedSqmFunctionTemplate(replace)] under replace; prior registration was null
2025-05-11T16:29:44.106-04:00 DEBUG 13072 --- [gestionenvios] [           main] o.h.q.sqm.function.SqmFunctionRegistry   : Registered SqmFunctionTemplate [NamedSqmFunctionTemplate(concat)] under concat; prior registration was null
2025-05-11T16:29:44.106-04:00 DEBUG 13072 --- [gestionenvios] [           main] o.h.q.sqm.function.SqmFunctionRegistry   : Registered SqmFunctionTemplate [NamedSqmFunctionTemplate(lower)] under lower; prior registration was null
2025-05-11T16:29:44.106-04:00 DEBUG 13072 --- [gestionenvios] [           main] o.h.q.sqm.function.SqmFunctionRegistry   : Registered SqmFunctionTemplate [NamedSqmFunctionTemplate(upper)] under upper; prior registration was null
2025-05-11T16:29:44.106-04:00 DEBUG 13072 --- [gestionenvios] [           main] o.h.q.sqm.function.SqmFunctionRegistry   : Registered SqmFunctionTemplate [NamedSqmFunctionTemplate(substring)] under substring; prior registration was null
2025-05-11T16:29:44.106-04:00 DEBUG 13072 --- [gestionenvios] [           main] o.h.q.sqm.function.SqmFunctionRegistry   : Registered SqmFunctionTemplate [NamedSqmFunctionTemplate(locate)] under locate; prior registration was null
2025-05-11T16:29:44.106-04:00 DEBUG 13072 --- [gestionenvios] [           main] o.h.q.sqm.function.SqmFunctionRegistry   : Registered SqmFunctionTemplate [NamedSqmFunctionTemplate(character_length)] under character_length; prior registration was null
2025-05-11T16:29:44.106-04:00 DEBUG 13072 --- [gestionenvios] [           main] o.h.q.sqm.function.SqmFunctionRegistry   : Registering alternate key : length -> character_length
2025-05-11T16:29:44.106-04:00 DEBUG 13072 --- [gestionenvios] [           main] o.h.q.sqm.function.SqmFunctionRegistry   : Registered SqmFunctionTemplate [org.hibernate.dialect.function.LocatePositionEmulation@4a9d0c6f] under position; prior registration was null
2025-05-11T16:29:44.106-04:00 DEBUG 13072 --- [gestionenvios] [           main] o.h.q.sqm.function.SqmFunctionRegistry   : Registered SqmFunctionTemplate [org.hibernate.dialect.function.InsertSubstringOverlayEmulation@6557d4c6] under overlay; prior registration was null
2025-05-11T16:29:44.106-04:00 DEBUG 13072 --- [gestionenvios] [           main] o.h.q.sqm.function.SqmFunctionRegistry   : Registered SqmFunctionTemplate [org.hibernate.dialect.function.TrimFunction@de4bee9] under trim; prior registration was null
2025-05-11T16:29:44.106-04:00 DEBUG 13072 --- [gestionenvios] [           main] o.h.q.sqm.function.SqmFunctionRegistry   : Registered SqmFunctionTemplate [org.hibernate.dialect.function.CastFunction@62509b77] under cast; prior registration was null
2025-05-11T16:29:44.106-04:00 DEBUG 13072 --- [gestionenvios] [           main] o.h.q.sqm.function.SqmFunctionRegistry   : Registered SqmFunctionTemplate [org.hibernate.query.sqm.function.PatternBasedSqmFunctionDescriptor@400c0d26] under collate; prior registration was null
2025-05-11T16:29:44.106-04:00 DEBUG 13072 --- [gestionenvios] [           main] o.h.q.sqm.function.SqmFunctionRegistry   : Registered SqmFunctionTemplate [org.hibernate.dialect.function.ExtractFunction@1b261005] under extract; prior registration was null
2025-05-11T16:29:44.106-04:00 DEBUG 13072 --- [gestionenvios] [           main] o.h.q.sqm.function.SqmFunctionRegistry   : Registered SqmFunctionTemplate [NamedSqmFunctionTemplate(least)] under least; prior registration was null
2025-05-11T16:29:44.106-04:00 DEBUG 13072 --- [gestionenvios] [           main] o.h.q.sqm.function.SqmFunctionRegistry   : Registered SqmFunctionTemplate [NamedSqmFunctionTemplate(greatest)] under greatest; prior registration was null
2025-05-11T16:29:44.106-04:00 DEBUG 13072 --- [gestionenvios] [           main] o.h.q.sqm.function.SqmFunctionRegistry   : Registered SqmFunctionTemplate [org.hibernate.dialect.function.CoalesceIfnullEmulation@339de67e] under ifnull; prior registration was null
2025-05-11T16:29:44.106-04:00 DEBUG 13072 --- [gestionenvios] [           main] o.h.q.sqm.function.SqmFunctionRegistry   : Registered SqmFunctionTemplate [NamedSqmFunctionTemplate(lpad)] under lpad; prior registration was null
2025-05-11T16:29:44.106-04:00 DEBUG 13072 --- [gestionenvios] [           main] o.h.q.sqm.function.SqmFunctionRegistry   : Registered SqmFunctionTemplate [NamedSqmFunctionTemplate(rpad)] under rpad; prior registration was null
2025-05-11T16:29:44.106-04:00 DEBUG 13072 --- [gestionenvios] [           main] o.h.q.sqm.function.SqmFunctionRegistry   : Registered SqmFunctionTemplate [org.hibernate.dialect.function.LpadRpadPadEmulation@55704859] under pad; prior registration was null
2025-05-11T16:29:44.106-04:00 DEBUG 13072 --- [gestionenvios] [           main] o.h.q.sqm.function.SqmFunctionRegistry   : Registered SqmFunctionTemplate [org.hibernate.dialect.function.CastStrEmulation@75351aec] under str; prior registration was null
2025-05-11T16:29:44.106-04:00 DEBUG 13072 --- [gestionenvios] [           main] o.h.q.sqm.function.SqmFunctionRegistry   : Registered SqmFunctionTemplate [org.hibernate.dialect.function.FormatFunction@5e388a77] under format; prior registration was null
2025-05-11T16:29:44.106-04:00 DEBUG 13072 --- [gestionenvios] [           main] o.h.q.sqm.function.SqmFunctionRegistry   : Registered SqmFunctionTemplate [org.hibernate.dialect.function.TimestampaddFunction@24a29d8] under timestampadd; prior registration was null
2025-05-11T16:29:44.106-04:00 DEBUG 13072 --- [gestionenvios] [           main] o.h.q.sqm.function.SqmFunctionRegistry   : Registered SqmFunctionTemplate [org.hibernate.dialect.function.TimestampdiffFunction@55af9b48] under timestampdiff; prior registration was null
2025-05-11T16:29:44.106-04:00 DEBUG 13072 --- [gestionenvios] [           main] o.h.q.sqm.function.SqmFunctionRegistry   : Registering alternate key : dateadd -> timestampadd
2025-05-11T16:29:44.106-04:00 DEBUG 13072 --- [gestionenvios] [           main] o.h.q.sqm.function.SqmFunctionRegistry   : Registering alternate key : datediff -> timestampdiff
2025-05-11T16:29:44.106-04:00 DEBUG 13072 --- [gestionenvios] [           main] o.h.q.sqm.function.SqmFunctionRegistry   : Registered SqmFunctionTemplate [org.hibernate.dialect.function.CurrentFunction@890196b] under current_date; prior registration was null
2025-05-11T16:29:44.106-04:00 DEBUG 13072 --- [gestionenvios] [           main] o.h.q.sqm.function.SqmFunctionRegistry   : Registered SqmFunctionTemplate [org.hibernate.dialect.function.CurrentFunction@12e1413c] under current_time; prior registration was null
2025-05-11T16:29:44.106-04:00 DEBUG 13072 --- [gestionenvios] [           main] o.h.q.sqm.function.SqmFunctionRegistry   : Registered SqmFunctionTemplate [org.hibernate.dialect.function.CurrentFunction@41b6ae51] under current_timestamp; prior registration was null
2025-05-11T16:29:44.106-04:00 DEBUG 13072 --- [gestionenvios] [           main] o.h.q.sqm.function.SqmFunctionRegistry   : Registering alternate key : current date -> current_date
2025-05-11T16:29:44.106-04:00 DEBUG 13072 --- [gestionenvios] [           main] o.h.q.sqm.function.SqmFunctionRegistry   : Registering alternate key : current time -> current_time
2025-05-11T16:29:44.106-04:00 DEBUG 13072 --- [gestionenvios] [           main] o.h.q.sqm.function.SqmFunctionRegistry   : Registering alternate key : current timestamp -> current_timestamp
2025-05-11T16:29:44.106-04:00 DEBUG 13072 --- [gestionenvios] [           main] o.h.q.sqm.function.SqmFunctionRegistry   : Registered SqmFunctionTemplate [org.hibernate.dialect.function.CurrentFunction@686a08f4] under local_date; prior registration was null
2025-05-11T16:29:44.106-04:00 DEBUG 13072 --- [gestionenvios] [           main] o.h.q.sqm.function.SqmFunctionRegistry   : Registered SqmFunctionTemplate [org.hibernate.dialect.function.CurrentFunction@60b90fd3] under local_time; prior registration was null
2025-05-11T16:29:44.106-04:00 DEBUG 13072 --- [gestionenvios] [           main] o.h.q.sqm.function.SqmFunctionRegistry   : Registered SqmFunctionTemplate [org.hibernate.dialect.function.CurrentFunction@78494a59] under local_datetime; prior registration was null
2025-05-11T16:29:44.106-04:00 DEBUG 13072 --- [gestionenvios] [           main] o.h.q.sqm.function.SqmFunctionRegistry   : Registered SqmFunctionTemplate [org.hibernate.dialect.function.CurrentFunction@c79a727] under offset_datetime; prior registration was null
2025-05-11T16:29:44.106-04:00 DEBUG 13072 --- [gestionenvios] [           main] o.h.q.sqm.function.SqmFunctionRegistry   : Registering alternate key : local date -> local_date
2025-05-11T16:29:44.106-04:00 DEBUG 13072 --- [gestionenvios] [           main] o.h.q.sqm.function.SqmFunctionRegistry   : Registering alternate key : local time -> local_time
2025-05-11T16:29:44.106-04:00 DEBUG 13072 --- [gestionenvios] [           main] o.h.q.sqm.function.SqmFunctionRegistry   : Registering alternate key : local datetime -> local_datetime
2025-05-11T16:29:44.106-04:00 DEBUG 13072 --- [gestionenvios] [           main] o.h.q.sqm.function.SqmFunctionRegistry   : Registering alternate key : offset datetime -> offset_datetime
2025-05-11T16:29:44.107-04:00 DEBUG 13072 --- [gestionenvios] [           main] o.h.q.sqm.function.SqmFunctionRegistry   : Registered SqmFunctionTemplate [org.hibernate.dialect.function.CurrentFunction@34ec33f4] under instant; prior registration was null
2025-05-11T16:29:44.107-04:00 DEBUG 13072 --- [gestionenvios] [           main] o.h.q.sqm.function.SqmFunctionRegistry   : Registering alternate key : current_instant -> instant
2025-05-11T16:29:44.107-04:00 DEBUG 13072 --- [gestionenvios] [           main] o.h.q.sqm.function.SqmFunctionRegistry   : Registered SqmFunctionTemplate [org.hibernate.dialect.function.SqlFunction@1c83652d] under sql; prior registration was null
2025-05-11T16:29:44.107-04:00 DEBUG 13072 --- [gestionenvios] [           main] o.h.q.sqm.function.SqmFunctionRegistry   : Registered SqmFunctionTemplate [NamedSqmFunctionTemplate(ascii)] under ascii; prior registration was null
2025-05-11T16:29:44.107-04:00 DEBUG 13072 --- [gestionenvios] [           main] o.h.q.sqm.function.SqmFunctionRegistry   : Registered SqmFunctionTemplate [NamedSqmFunctionTemplate(chr)] under chr; prior registration was null
2025-05-11T16:29:44.107-04:00 DEBUG 13072 --- [gestionenvios] [           main] o.h.q.sqm.function.SqmFunctionRegistry   : Registering alternate key : char -> chr
2025-05-11T16:29:44.107-04:00 DEBUG 13072 --- [gestionenvios] [           main] o.h.q.sqm.function.SqmFunctionRegistry   : Registered SqmFunctionTemplate [NamedSqmFunctionTemplate(cosh)] under cosh; prior registration was org.hibernate.query.sqm.function.PatternBasedSqmFunctionDescriptor@de0922c
2025-05-11T16:29:44.107-04:00 DEBUG 13072 --- [gestionenvios] [           main] o.h.q.sqm.function.SqmFunctionRegistry   : Registered SqmFunctionTemplate [NamedSqmFunctionTemplate(sinh)] under sinh; prior registration was org.hibernate.query.sqm.function.PatternBasedSqmFunctionDescriptor@4afad6bd
2025-05-11T16:29:44.107-04:00 DEBUG 13072 --- [gestionenvios] [           main] o.h.q.sqm.function.SqmFunctionRegistry   : Registered SqmFunctionTemplate [NamedSqmFunctionTemplate(tanh)] under tanh; prior registration was org.hibernate.query.sqm.function.PatternBasedSqmFunctionDescriptor@35c344ce
2025-05-11T16:29:44.107-04:00 DEBUG 13072 --- [gestionenvios] [           main] o.h.q.sqm.function.SqmFunctionRegistry   : Registered SqmFunctionTemplate [NamedSqmFunctionTemplate(log)] under log; prior registration was org.hibernate.query.sqm.function.PatternBasedSqmFunctionDescriptor@43e587cd
2025-05-11T16:29:44.107-04:00 DEBUG 13072 --- [gestionenvios] [           main] o.h.q.sqm.function.SqmFunctionRegistry   : Registered SqmFunctionTemplate [org.hibernate.query.sqm.function.PatternBasedSqmFunctionDescriptor@2eaaef66] under log10; prior registration was null
2025-05-11T16:29:44.107-04:00 DEBUG 13072 --- [gestionenvios] [           main] o.h.q.sqm.function.SqmFunctionRegistry   : Registered SqmFunctionTemplate [NamedSqmFunctionTemplate(soundex)] under soundex; prior registration was null
2025-05-11T16:29:44.107-04:00 DEBUG 13072 --- [gestionenvios] [           main] o.h.q.sqm.function.SqmFunctionRegistry   : Registered SqmFunctionTemplate [NamedSqmFunctionTemplate(ltrim)] under ltrim; prior registration was null
2025-05-11T16:29:44.107-04:00 DEBUG 13072 --- [gestionenvios] [           main] o.h.q.sqm.function.SqmFunctionRegistry   : Registered SqmFunctionTemplate [NamedSqmFunctionTemplate(rtrim)] under rtrim; prior registration was null
2025-05-11T16:29:44.107-04:00 DEBUG 13072 --- [gestionenvios] [           main] o.h.q.sqm.function.SqmFunctionRegistry   : Registered SqmFunctionTemplate [NamedSqmFunctionTemplate(initcap)] under initcap; prior registration was null
2025-05-11T16:29:44.107-04:00 DEBUG 13072 --- [gestionenvios] [           main] o.h.q.sqm.function.SqmFunctionRegistry   : Registered SqmFunctionTemplate [NamedSqmFunctionTemplate(instr)] under instr; prior registration was null
2025-05-11T16:29:44.107-04:00 DEBUG 13072 --- [gestionenvios] [           main] o.h.q.sqm.function.SqmFunctionRegistry   : Registered SqmFunctionTemplate [NamedSqmFunctionTemplate(substr)] under substr; prior registration was null
2025-05-11T16:29:44.107-04:00 DEBUG 13072 --- [gestionenvios] [           main] o.h.q.sqm.function.SqmFunctionRegistry   : Registered SqmFunctionTemplate [NamedSqmFunctionTemplate(substr)] under substring; prior registration was NamedSqmFunctionTemplate(substring)
2025-05-11T16:29:44.107-04:00 DEBUG 13072 --- [gestionenvios] [           main] o.h.q.sqm.function.SqmFunctionRegistry   : Registered SqmFunctionTemplate [org.hibernate.query.sqm.function.PatternBasedSqmFunctionDescriptor@6fab250b] under left; prior registration was NamedSqmFunctionTemplate(left)
2025-05-11T16:29:44.107-04:00 DEBUG 13072 --- [gestionenvios] [           main] o.h.q.sqm.function.SqmFunctionRegistry   : Registered SqmFunctionTemplate [org.hibernate.query.sqm.function.PatternBasedSqmFunctionDescriptor@3a8dd899] under right; prior registration was NamedSqmFunctionTemplate(right)
2025-05-11T16:29:44.107-04:00 DEBUG 13072 --- [gestionenvios] [           main] o.h.q.sqm.function.SqmFunctionRegistry   : Registered SqmFunctionTemplate [NamedSqmFunctionTemplate(translate)] under translate; prior registration was null
2025-05-11T16:29:44.107-04:00 DEBUG 13072 --- [gestionenvios] [           main] o.h.q.sqm.function.SqmFunctionRegistry   : Registered SqmFunctionTemplate [NamedSqmFunctionTemplate(bitand)] under bitand; prior registration was null
2025-05-11T16:29:44.107-04:00 DEBUG 13072 --- [gestionenvios] [           main] o.h.q.sqm.function.SqmFunctionRegistry   : Registered SqmFunctionTemplate [NamedSqmFunctionTemplate(last_day)] under last_day; prior registration was null
2025-05-11T16:29:44.107-04:00 DEBUG 13072 --- [gestionenvios] [           main] o.h.q.sqm.function.SqmFunctionRegistry   : Registered SqmFunctionTemplate [NamedSqmFunctionTemplate(to_number)] under to_number; prior registration was null
2025-05-11T16:29:44.107-04:00 DEBUG 13072 --- [gestionenvios] [           main] o.h.q.sqm.function.SqmFunctionRegistry   : Registered SqmFunctionTemplate [NamedSqmFunctionTemplate(to_char)] under to_char; prior registration was null
2025-05-11T16:29:44.107-04:00 DEBUG 13072 --- [gestionenvios] [           main] o.h.q.sqm.function.SqmFunctionRegistry   : Registered SqmFunctionTemplate [NamedSqmFunctionTemplate(to_date)] under to_date; prior registration was null
2025-05-11T16:29:44.107-04:00 DEBUG 13072 --- [gestionenvios] [           main] o.h.q.sqm.function.SqmFunctionRegistry   : Registered SqmFunctionTemplate [NamedSqmFunctionTemplate(to_timestamp)] under to_timestamp; prior registration was null
2025-05-11T16:29:44.107-04:00 DEBUG 13072 --- [gestionenvios] [           main] o.h.q.sqm.function.SqmFunctionRegistry   : Registered SqmFunctionTemplate [NamedSqmFunctionTemplate(ceil)] under ceil; prior registration was null
2025-05-11T16:29:44.107-04:00 DEBUG 13072 --- [gestionenvios] [           main] o.h.q.sqm.function.SqmFunctionRegistry   : Registering alternate key : ceiling -> ceil
2025-05-11T16:29:44.107-04:00 DEBUG 13072 --- [gestionenvios] [           main] o.h.q.sqm.function.SqmFunctionRegistry   : Registered SqmFunctionTemplate [org.hibernate.query.sqm.function.PatternBasedSqmFunctionDescriptor@3da068e8] under concat; prior registration was NamedSqmFunctionTemplate(concat)
2025-05-11T16:29:44.107-04:00 DEBUG 13072 --- [gestionenvios] [           main] o.h.q.sqm.function.SqmFunctionRegistry   : Registered SqmFunctionTemplate [NamedSqmFunctionTemplate(rowid)] under rowid; prior registration was null
2025-05-11T16:29:44.107-04:00 DEBUG 13072 --- [gestionenvios] [           main] o.h.q.sqm.function.SqmFunctionRegistry   : Registered SqmFunctionTemplate [NamedSqmFunctionTemplate(rownum)] under rownum; prior registration was null
2025-05-11T16:29:44.107-04:00 DEBUG 13072 --- [gestionenvios] [           main] o.h.q.sqm.function.SqmFunctionRegistry   : Registered SqmFunctionTemplate [NamedSqmFunctionTemplate(sysdate)] under sysdate; prior registration was null
2025-05-11T16:29:44.107-04:00 DEBUG 13072 --- [gestionenvios] [           main] o.h.q.sqm.function.SqmFunctionRegistry   : Registered SqmFunctionTemplate [NamedSqmFunctionTemplate(systimestamp)] under systimestamp; prior registration was null
2025-05-11T16:29:44.107-04:00 DEBUG 13072 --- [gestionenvios] [           main] o.h.q.sqm.function.SqmFunctionRegistry   : Registered SqmFunctionTemplate [NamedSqmFunctionTemplate(add_months)] under add_months; prior registration was null
2025-05-11T16:29:44.107-04:00 DEBUG 13072 --- [gestionenvios] [           main] o.h.q.sqm.function.SqmFunctionRegistry   : Registered SqmFunctionTemplate [NamedSqmFunctionTemplate(months_between)] under months_between; prior registration was null
2025-05-11T16:29:44.107-04:00 DEBUG 13072 --- [gestionenvios] [           main] o.h.q.sqm.function.SqmFunctionRegistry   : Registered SqmFunctionTemplate [org.hibernate.dialect.function.MinMaxCaseEveryAnyEmulation@448861e5] under every; prior registration was org.hibernate.dialect.function.EveryAnyEmulation@42ff5c92
2025-05-11T16:29:44.107-04:00 DEBUG 13072 --- [gestionenvios] [           main] o.h.q.sqm.function.SqmFunctionRegistry   : Registered SqmFunctionTemplate [org.hibernate.dialect.function.MinMaxCaseEveryAnyEmulation@72bd8702] under any; prior registration was org.hibernate.dialect.function.EveryAnyEmulation@c9cd06e
2025-05-11T16:29:44.107-04:00 DEBUG 13072 --- [gestionenvios] [           main] o.h.q.sqm.function.SqmFunctionRegistry   : Registered SqmFunctionTemplate [org.hibernate.query.sqm.function.PatternBasedSqmFunctionDescriptor@2620d0dc] under repeat; prior registration was null
2025-05-11T16:29:44.107-04:00 DEBUG 13072 --- [gestionenvios] [           main] o.h.q.sqm.function.SqmFunctionRegistry   : Registered SqmFunctionTemplate [org.hibernate.query.sqm.function.PatternBasedSqmFunctionDescriptor@18f90bd8] under radians; prior registration was null
2025-05-11T16:29:44.107-04:00 DEBUG 13072 --- [gestionenvios] [           main] o.h.q.sqm.function.SqmFunctionRegistry   : Registered SqmFunctionTemplate [org.hibernate.query.sqm.function.PatternBasedSqmFunctionDescriptor@1ff9d66b] under degrees; prior registration was null
2025-05-11T16:29:44.107-04:00 DEBUG 13072 --- [gestionenvios] [           main] o.h.q.sqm.function.SqmFunctionRegistry   : Registered SqmFunctionTemplate [NamedSqmFunctionTemplate(median)] under median; prior registration was null
2025-05-11T16:29:44.107-04:00 DEBUG 13072 --- [gestionenvios] [           main] o.h.q.sqm.function.SqmFunctionRegistry   : Registered SqmFunctionTemplate [NamedSqmFunctionTemplate(stddev)] under stddev; prior registration was null
2025-05-11T16:29:44.107-04:00 DEBUG 13072 --- [gestionenvios] [           main] o.h.q.sqm.function.SqmFunctionRegistry   : Registered SqmFunctionTemplate [NamedSqmFunctionTemplate(stddev_pop)] under stddev_pop; prior registration was null
2025-05-11T16:29:44.107-04:00 DEBUG 13072 --- [gestionenvios] [           main] o.h.q.sqm.function.SqmFunctionRegistry   : Registered SqmFunctionTemplate [NamedSqmFunctionTemplate(stddev_samp)] under stddev_samp; prior registration was null
2025-05-11T16:29:44.107-04:00 DEBUG 13072 --- [gestionenvios] [           main] o.h.q.sqm.function.SqmFunctionRegistry   : Registered SqmFunctionTemplate [NamedSqmFunctionTemplate(variance)] under variance; prior registration was null
2025-05-11T16:29:44.107-04:00 DEBUG 13072 --- [gestionenvios] [           main] o.h.q.sqm.function.SqmFunctionRegistry   : Registered SqmFunctionTemplate [NamedSqmFunctionTemplate(var_pop)] under var_pop; prior registration was null
2025-05-11T16:29:44.107-04:00 DEBUG 13072 --- [gestionenvios] [           main] o.h.q.sqm.function.SqmFunctionRegistry   : Registered SqmFunctionTemplate [NamedSqmFunctionTemplate(var_samp)] under var_samp; prior registration was null
2025-05-11T16:29:44.107-04:00 DEBUG 13072 --- [gestionenvios] [           main] o.h.q.sqm.function.SqmFunctionRegistry   : Registered SqmFunctionTemplate [NamedSqmFunctionTemplate(covar_pop)] under covar_pop; prior registration was null
2025-05-11T16:29:44.107-04:00 DEBUG 13072 --- [gestionenvios] [           main] o.h.q.sqm.function.SqmFunctionRegistry   : Registered SqmFunctionTemplate [NamedSqmFunctionTemplate(covar_samp)] under covar_samp; prior registration was null
2025-05-11T16:29:44.107-04:00 DEBUG 13072 --- [gestionenvios] [           main] o.h.q.sqm.function.SqmFunctionRegistry   : Registered SqmFunctionTemplate [NamedSqmFunctionTemplate(corr)] under corr; prior registration was null
2025-05-11T16:29:44.107-04:00 DEBUG 13072 --- [gestionenvios] [           main] o.h.q.sqm.function.SqmFunctionRegistry   : Registered SqmFunctionTemplate [NamedSqmFunctionTemplate(regr_avgx)] under regr_avgx; prior registration was null
2025-05-11T16:29:44.107-04:00 DEBUG 13072 --- [gestionenvios] [           main] o.h.q.sqm.function.SqmFunctionRegistry   : Registered SqmFunctionTemplate [NamedSqmFunctionTemplate(regr_avgy)] under regr_avgy; prior registration was null
2025-05-11T16:29:44.107-04:00 DEBUG 13072 --- [gestionenvios] [           main] o.h.q.sqm.function.SqmFunctionRegistry   : Registered SqmFunctionTemplate [NamedSqmFunctionTemplate(regr_count)] under regr_count; prior registration was null
2025-05-11T16:29:44.107-04:00 DEBUG 13072 --- [gestionenvios] [           main] o.h.q.sqm.function.SqmFunctionRegistry   : Registered SqmFunctionTemplate [NamedSqmFunctionTemplate(regr_intercept)] under regr_intercept; prior registration was null
2025-05-11T16:29:44.107-04:00 DEBUG 13072 --- [gestionenvios] [           main] o.h.q.sqm.function.SqmFunctionRegistry   : Registered SqmFunctionTemplate [NamedSqmFunctionTemplate(regr_r2)] under regr_r2; prior registration was null
2025-05-11T16:29:44.107-04:00 DEBUG 13072 --- [gestionenvios] [           main] o.h.q.sqm.function.SqmFunctionRegistry   : Registered SqmFunctionTemplate [NamedSqmFunctionTemplate(regr_slope)] under regr_slope; prior registration was null
2025-05-11T16:29:44.107-04:00 DEBUG 13072 --- [gestionenvios] [           main] o.h.q.sqm.function.SqmFunctionRegistry   : Registered SqmFunctionTemplate [NamedSqmFunctionTemplate(regr_sxx)] under regr_sxx; prior registration was null
2025-05-11T16:29:44.107-04:00 DEBUG 13072 --- [gestionenvios] [           main] o.h.q.sqm.function.SqmFunctionRegistry   : Registered SqmFunctionTemplate [NamedSqmFunctionTemplate(regr_sxy)] under regr_sxy; prior registration was null
2025-05-11T16:29:44.107-04:00 DEBUG 13072 --- [gestionenvios] [           main] o.h.q.sqm.function.SqmFunctionRegistry   : Registered SqmFunctionTemplate [NamedSqmFunctionTemplate(regr_syy)] under regr_syy; prior registration was null
2025-05-11T16:29:44.107-04:00 DEBUG 13072 --- [gestionenvios] [           main] o.h.q.sqm.function.SqmFunctionRegistry   : Registered SqmFunctionTemplate [org.hibernate.dialect.function.LengthFunction@1e2c701] under character_length; prior registration was NamedSqmFunctionTemplate(character_length)
2025-05-11T16:29:44.107-04:00 DEBUG 13072 --- [gestionenvios] [           main] o.h.q.sqm.function.SqmFunctionRegistry   : Registering alternate key : length -> character_length
2025-05-11T16:29:44.107-04:00 DEBUG 13072 --- [gestionenvios] [           main] o.h.q.sqm.function.SqmFunctionRegistry   : Registered SqmFunctionTemplate [org.hibernate.dialect.function.LengthFunction@21e441d1] under octet_length; prior registration was null
2025-05-11T16:29:44.107-04:00 DEBUG 13072 --- [gestionenvios] [           main] o.h.q.sqm.function.SqmFunctionRegistry   : Registered SqmFunctionTemplate [org.hibernate.dialect.function.LengthFunction@711329fe] under bit_length; prior registration was null
2025-05-11T16:29:44.107-04:00 DEBUG 13072 --- [gestionenvios] [           main] o.h.q.sqm.function.SqmFunctionRegistry   : Registered SqmFunctionTemplate [NamedSqmFunctionTemplate(coalesce)] under coalesce; prior registration was NamedSqmFunctionTemplate(coalesce)
2025-05-11T16:29:44.108-04:00 DEBUG 13072 --- [gestionenvios] [           main] o.h.q.sqm.function.SqmFunctionRegistry   : Registered SqmFunctionTemplate [org.hibernate.query.sqm.function.PatternBasedSqmFunctionDescriptor@2088e339] under bitor; prior registration was null
2025-05-11T16:29:44.108-04:00 DEBUG 13072 --- [gestionenvios] [           main] o.h.q.sqm.function.SqmFunctionRegistry   : Registered SqmFunctionTemplate [org.hibernate.query.sqm.function.PatternBasedSqmFunctionDescriptor@37c5e2e6] under bitxor; prior registration was null
2025-05-11T16:29:44.108-04:00 DEBUG 13072 --- [gestionenvios] [           main] o.h.q.sqm.function.SqmFunctionRegistry   : Registered SqmFunctionTemplate [org.hibernate.query.sqm.function.MultipatternSqmFunctionDescriptor@342cc706] under locate; prior registration was NamedSqmFunctionTemplate(locate)
2025-05-11T16:29:44.108-04:00 DEBUG 13072 --- [gestionenvios] [           main] o.h.q.sqm.function.SqmFunctionRegistry   : Registered SqmFunctionTemplate [org.hibernate.dialect.function.ListaggFunction@5c9844a4] under listagg; prior registration was null
2025-05-11T16:29:44.108-04:00 DEBUG 13072 --- [gestionenvios] [           main] o.h.q.sqm.function.SqmFunctionRegistry   : Registered SqmFunctionTemplate [NamedSqmFunctionTemplate(row_number)] under row_number; prior registration was null
2025-05-11T16:29:44.108-04:00 DEBUG 13072 --- [gestionenvios] [           main] o.h.q.sqm.function.SqmFunctionRegistry   : Registered SqmFunctionTemplate [NamedSqmFunctionTemplate(lag)] under lag; prior registration was null
2025-05-11T16:29:44.108-04:00 DEBUG 13072 --- [gestionenvios] [           main] o.h.q.sqm.function.SqmFunctionRegistry   : Registered SqmFunctionTemplate [NamedSqmFunctionTemplate(lead)] under lead; prior registration was null
2025-05-11T16:29:44.108-04:00 DEBUG 13072 --- [gestionenvios] [           main] o.h.q.sqm.function.SqmFunctionRegistry   : Registered SqmFunctionTemplate [NamedSqmFunctionTemplate(first_value)] under first_value; prior registration was null
2025-05-11T16:29:44.108-04:00 DEBUG 13072 --- [gestionenvios] [           main] o.h.q.sqm.function.SqmFunctionRegistry   : Registered SqmFunctionTemplate [NamedSqmFunctionTemplate(last_value)] under last_value; prior registration was null
2025-05-11T16:29:44.108-04:00 DEBUG 13072 --- [gestionenvios] [           main] o.h.q.sqm.function.SqmFunctionRegistry   : Registered SqmFunctionTemplate [NamedSqmFunctionTemplate(nth_value)] under nth_value; prior registration was null
2025-05-11T16:29:44.108-04:00 DEBUG 13072 --- [gestionenvios] [           main] o.h.q.sqm.function.SqmFunctionRegistry   : Registered SqmFunctionTemplate [org.hibernate.dialect.function.HypotheticalSetFunction@3beee525] under rank; prior registration was null
2025-05-11T16:29:44.108-04:00 DEBUG 13072 --- [gestionenvios] [           main] o.h.q.sqm.function.SqmFunctionRegistry   : Registered SqmFunctionTemplate [org.hibernate.dialect.function.HypotheticalSetFunction@2324e26c] under dense_rank; prior registration was null
2025-05-11T16:29:44.108-04:00 DEBUG 13072 --- [gestionenvios] [           main] o.h.q.sqm.function.SqmFunctionRegistry   : Registered SqmFunctionTemplate [org.hibernate.dialect.function.HypotheticalSetFunction@716205f9] under percent_rank; prior registration was null
2025-05-11T16:29:44.108-04:00 DEBUG 13072 --- [gestionenvios] [           main] o.h.q.sqm.function.SqmFunctionRegistry   : Registered SqmFunctionTemplate [org.hibernate.dialect.function.HypotheticalSetFunction@6fc1d215] under cume_dist; prior registration was null
2025-05-11T16:29:44.108-04:00 DEBUG 13072 --- [gestionenvios] [           main] o.h.q.sqm.function.SqmFunctionRegistry   : Registered SqmFunctionTemplate [org.hibernate.dialect.function.InverseDistributionFunction@234ad505] under mode; prior registration was null
2025-05-11T16:29:44.108-04:00 DEBUG 13072 --- [gestionenvios] [           main] o.h.q.sqm.function.SqmFunctionRegistry   : Registered SqmFunctionTemplate [org.hibernate.dialect.function.InverseDistributionFunction@27796482] under percentile_cont; prior registration was null
2025-05-11T16:29:44.108-04:00 DEBUG 13072 --- [gestionenvios] [           main] o.h.q.sqm.function.SqmFunctionRegistry   : Registered SqmFunctionTemplate [org.hibernate.dialect.function.InverseDistributionFunction@4655e059] under percentile_disc; prior registration was null
2025-05-11T16:29:44.108-04:00 DEBUG 13072 --- [gestionenvios] [           main] o.h.q.sqm.function.SqmFunctionRegistry   : Registered SqmFunctionTemplate [org.hibernate.dialect.function.ModeStatsModeEmulation@2765c3fc] under mode; prior registration was org.hibernate.dialect.function.InverseDistributionFunction@234ad505
2025-05-11T16:29:44.108-04:00 DEBUG 13072 --- [gestionenvios] [           main] o.h.q.sqm.function.SqmFunctionRegistry   : Registered SqmFunctionTemplate [org.hibernate.dialect.function.OracleTruncFunction@52f2d8e8] under trunc; prior registration was null
2025-05-11T16:29:44.108-04:00 DEBUG 13072 --- [gestionenvios] [           main] o.h.q.sqm.function.SqmFunctionRegistry   : Registering alternate key : truncate -> trunc
2025-05-11T16:29:44.108-04:00 DEBUG 13072 --- [gestionenvios] [           main] o.h.q.sqm.function.SqmFunctionRegistry   : Registered SqmFunctionTemplate [org.hibernate.dialect.function.array.OracleArrayConstructorFunction@3e43fb40] under array; prior registration was null
2025-05-11T16:29:44.108-04:00 DEBUG 13072 --- [gestionenvios] [           main] o.h.q.sqm.function.SqmFunctionRegistry   : Registered SqmFunctionTemplate [org.hibernate.dialect.function.array.OracleArrayConstructorFunction@57fd93f9] under array_list; prior registration was null
2025-05-11T16:29:44.108-04:00 DEBUG 13072 --- [gestionenvios] [           main] o.h.q.sqm.function.SqmFunctionRegistry   : Registered SqmFunctionTemplate [org.hibernate.dialect.function.array.OracleArrayAggEmulation@5e8ec0d9] under array_agg; prior registration was null
2025-05-11T16:29:44.108-04:00 DEBUG 13072 --- [gestionenvios] [           main] o.h.q.sqm.function.SqmFunctionRegistry   : Registered SqmFunctionTemplate [org.hibernate.dialect.function.array.OracleArrayPositionFunction@1a7f6678] under array_position; prior registration was null
2025-05-11T16:29:44.108-04:00 DEBUG 13072 --- [gestionenvios] [           main] o.h.q.sqm.function.SqmFunctionRegistry   : Registered SqmFunctionTemplate [org.hibernate.dialect.function.array.OracleArrayPositionsFunction@9e2946] under array_positions; prior registration was null
2025-05-11T16:29:44.108-04:00 DEBUG 13072 --- [gestionenvios] [           main] o.h.q.sqm.function.SqmFunctionRegistry   : Registered SqmFunctionTemplate [org.hibernate.dialect.function.array.OracleArrayPositionsFunction@283eb984] under array_positions_list; prior registration was null
2025-05-11T16:29:44.108-04:00 DEBUG 13072 --- [gestionenvios] [           main] o.h.q.sqm.function.SqmFunctionRegistry   : Registered SqmFunctionTemplate [org.hibernate.dialect.function.array.OracleArrayLengthFunction@4913465d] under array_length; prior registration was null
2025-05-11T16:29:44.108-04:00 DEBUG 13072 --- [gestionenvios] [           main] o.h.q.sqm.function.SqmFunctionRegistry   : Registered SqmFunctionTemplate [org.hibernate.dialect.function.DynamicDispatchFunction@4aebd384] under length; prior registration was null
2025-05-11T16:29:44.108-04:00 DEBUG 13072 --- [gestionenvios] [           main] o.h.q.sqm.function.SqmFunctionRegistry   : Registered SqmFunctionTemplate [org.hibernate.dialect.function.array.OracleArrayConcatFunction@3b4e0786] under array_concat; prior registration was null
2025-05-11T16:29:44.108-04:00 DEBUG 13072 --- [gestionenvios] [           main] o.h.q.sqm.function.SqmFunctionRegistry   : Registered SqmFunctionTemplate [org.hibernate.dialect.function.array.OracleArrayConcatElementFunction@66e17bf2] under array_prepend; prior registration was null
2025-05-11T16:29:44.108-04:00 DEBUG 13072 --- [gestionenvios] [           main] o.h.q.sqm.function.SqmFunctionRegistry   : Registered SqmFunctionTemplate [org.hibernate.dialect.function.array.OracleArrayConcatElementFunction@3593e8dd] under array_append; prior registration was null
2025-05-11T16:29:44.108-04:00 DEBUG 13072 --- [gestionenvios] [           main] o.h.q.sqm.function.SqmFunctionRegistry   : Registered SqmFunctionTemplate [org.hibernate.dialect.function.array.OracleArrayContainsFunction@21707a18] under array_contains; prior registration was null
2025-05-11T16:29:44.108-04:00 DEBUG 13072 --- [gestionenvios] [           main] o.h.q.sqm.function.SqmFunctionRegistry   : Registered SqmFunctionTemplate [org.hibernate.dialect.function.array.OracleArrayContainsFunction@6ac93b87] under array_contains_nullable; prior registration was null
2025-05-11T16:29:44.108-04:00 DEBUG 13072 --- [gestionenvios] [           main] o.h.q.sqm.function.SqmFunctionRegistry   : Registered SqmFunctionTemplate [org.hibernate.dialect.function.array.OracleArrayIncludesFunction@71af3c7] under array_includes; prior registration was null
2025-05-11T16:29:44.108-04:00 DEBUG 13072 --- [gestionenvios] [           main] o.h.q.sqm.function.SqmFunctionRegistry   : Registered SqmFunctionTemplate [org.hibernate.dialect.function.array.OracleArrayIncludesFunction@2de526f9] under array_includes_nullable; prior registration was null
2025-05-11T16:29:44.108-04:00 DEBUG 13072 --- [gestionenvios] [           main] o.h.q.sqm.function.SqmFunctionRegistry   : Registered SqmFunctionTemplate [org.hibernate.dialect.function.array.OracleArrayIntersectsFunction@fe739e7] under array_intersects; prior registration was null
2025-05-11T16:29:44.108-04:00 DEBUG 13072 --- [gestionenvios] [           main] o.h.q.sqm.function.SqmFunctionRegistry   : Registered SqmFunctionTemplate [org.hibernate.dialect.function.array.OracleArrayIntersectsFunction@2c513e9f] under array_intersects_nullable; prior registration was null
2025-05-11T16:29:44.108-04:00 DEBUG 13072 --- [gestionenvios] [           main] o.h.q.sqm.function.SqmFunctionRegistry   : Registering alternate key : array_overlaps -> array_intersects
2025-05-11T16:29:44.108-04:00 DEBUG 13072 --- [gestionenvios] [           main] o.h.q.sqm.function.SqmFunctionRegistry   : Registering alternate key : array_overlaps_nullable -> array_intersects_nullable
2025-05-11T16:29:44.108-04:00 DEBUG 13072 --- [gestionenvios] [           main] o.h.q.sqm.function.SqmFunctionRegistry   : Registered SqmFunctionTemplate [org.hibernate.dialect.function.array.OracleArrayGetFunction@7c057419] under array_get; prior registration was null
2025-05-11T16:29:44.108-04:00 DEBUG 13072 --- [gestionenvios] [           main] o.h.q.sqm.function.SqmFunctionRegistry   : Registered SqmFunctionTemplate [org.hibernate.dialect.function.array.OracleArraySetFunction@78d3578e] under array_set; prior registration was null
2025-05-11T16:29:44.108-04:00 DEBUG 13072 --- [gestionenvios] [           main] o.h.q.sqm.function.SqmFunctionRegistry   : Registered SqmFunctionTemplate [org.hibernate.dialect.function.array.OracleArrayRemoveFunction@4e4d6172] under array_remove; prior registration was null
2025-05-11T16:29:44.108-04:00 DEBUG 13072 --- [gestionenvios] [           main] o.h.q.sqm.function.SqmFunctionRegistry   : Registered SqmFunctionTemplate [org.hibernate.dialect.function.array.OracleArrayRemoveIndexFunction@6b4d0be2] under array_remove_index; prior registration was null
2025-05-11T16:29:44.108-04:00 DEBUG 13072 --- [gestionenvios] [           main] o.h.q.sqm.function.SqmFunctionRegistry   : Registered SqmFunctionTemplate [org.hibernate.dialect.function.array.OracleArraySliceFunction@3c3f0f2e] under array_slice; prior registration was null
2025-05-11T16:29:44.108-04:00 DEBUG 13072 --- [gestionenvios] [           main] o.h.q.sqm.function.SqmFunctionRegistry   : Registered SqmFunctionTemplate [org.hibernate.dialect.function.array.OracleArrayReplaceFunction@5e324000] under array_replace; prior registration was null
2025-05-11T16:29:44.108-04:00 DEBUG 13072 --- [gestionenvios] [           main] o.h.q.sqm.function.SqmFunctionRegistry   : Registered SqmFunctionTemplate [org.hibernate.dialect.function.array.OracleArrayTrimFunction@7b51fc45] under array_trim; prior registration was null
2025-05-11T16:29:44.108-04:00 DEBUG 13072 --- [gestionenvios] [           main] o.h.q.sqm.function.SqmFunctionRegistry   : Registered SqmFunctionTemplate [org.hibernate.dialect.function.array.OracleArrayFillFunction@78c0fad6] under array_fill; prior registration was null
2025-05-11T16:29:44.108-04:00 DEBUG 13072 --- [gestionenvios] [           main] o.h.q.sqm.function.SqmFunctionRegistry   : Registered SqmFunctionTemplate [org.hibernate.dialect.function.array.OracleArrayFillFunction@3c42dc9f] under array_fill_list; prior registration was null
2025-05-11T16:29:44.108-04:00 DEBUG 13072 --- [gestionenvios] [           main] o.h.q.sqm.function.SqmFunctionRegistry   : Registered SqmFunctionTemplate [org.hibernate.dialect.function.array.OracleArrayToStringFunction@70bca957] under array_to_string; prior registration was null
2025-05-11T16:29:44.109-04:00 DEBUG 13072 --- [gestionenvios] [           main] org.hibernate.HQL_FUNCTIONS              : abs(NUMERIC arg)
2025-05-11T16:29:44.109-04:00 DEBUG 13072 --- [gestionenvios] [           main] org.hibernate.HQL_FUNCTIONS              : Double acos(NUMERIC arg)
2025-05-11T16:29:44.109-04:00 DEBUG 13072 --- [gestionenvios] [           main] org.hibernate.HQL_FUNCTIONS              : add_months(DATE datetime, INTEGER months)
2025-05-11T16:29:44.109-04:00 DEBUG 13072 --- [gestionenvios] [           main] org.hibernate.HQL_FUNCTIONS              : Boolean any(BOOLEAN arg)
2025-05-11T16:29:44.109-04:00 DEBUG 13072 --- [gestionenvios] [           main] org.hibernate.HQL_FUNCTIONS              : array( ... )
2025-05-11T16:29:44.109-04:00 DEBUG 13072 --- [gestionenvios] [           main] org.hibernate.HQL_FUNCTIONS              : array_agg(arg)
2025-05-11T16:29:44.109-04:00 DEBUG 13072 --- [gestionenvios] [           main] org.hibernate.HQL_FUNCTIONS              : array_append( ... )
2025-05-11T16:29:44.109-04:00 DEBUG 13072 --- [gestionenvios] [           main] org.hibernate.HQL_FUNCTIONS              : array_concat( ... )
2025-05-11T16:29:44.109-04:00 DEBUG 13072 --- [gestionenvios] [           main] org.hibernate.HQL_FUNCTIONS              : Boolean array_contains(ARRAY haystackArray, OBJECT needleElementOrArray)
2025-05-11T16:29:44.109-04:00 DEBUG 13072 --- [gestionenvios] [           main] org.hibernate.HQL_FUNCTIONS              : Boolean array_contains_nullable(ARRAY haystackArray, OBJECT needleElementOrArray)
2025-05-11T16:29:44.109-04:00 DEBUG 13072 --- [gestionenvios] [           main] org.hibernate.HQL_FUNCTIONS              : array_fill(OBJECT element, INTEGER elementCount)
2025-05-11T16:29:44.109-04:00 DEBUG 13072 --- [gestionenvios] [           main] org.hibernate.HQL_FUNCTIONS              : array_fill_list(OBJECT element, INTEGER elementCount)
2025-05-11T16:29:44.109-04:00 DEBUG 13072 --- [gestionenvios] [           main] org.hibernate.HQL_FUNCTIONS              : array_get( ... )
2025-05-11T16:29:44.109-04:00 DEBUG 13072 --- [gestionenvios] [           main] org.hibernate.HQL_FUNCTIONS              : Boolean array_includes(ARRAY haystackArray, OBJECT needleArray)
2025-05-11T16:29:44.109-04:00 DEBUG 13072 --- [gestionenvios] [           main] org.hibernate.HQL_FUNCTIONS              : Boolean array_includes_nullable(ARRAY haystackArray, OBJECT needleArray)
2025-05-11T16:29:44.109-04:00 DEBUG 13072 --- [gestionenvios] [           main] org.hibernate.HQL_FUNCTIONS              : Boolean array_intersects(ARRAY array0, OBJECT array1)
2025-05-11T16:29:44.109-04:00 DEBUG 13072 --- [gestionenvios] [           main] org.hibernate.HQL_FUNCTIONS              : Boolean array_intersects_nullable(ARRAY array0, OBJECT array1)
2025-05-11T16:29:44.109-04:00 DEBUG 13072 --- [gestionenvios] [           main] org.hibernate.HQL_FUNCTIONS              : Integer array_length(ARRAY array)
2025-05-11T16:29:44.109-04:00 DEBUG 13072 --- [gestionenvios] [           main] org.hibernate.HQL_FUNCTIONS              : array_list( ... )
2025-05-11T16:29:44.109-04:00 DEBUG 13072 --- [gestionenvios] [           main] org.hibernate.HQL_FUNCTIONS              : Boolean array_overlaps(ARRAY array0, OBJECT array1)
2025-05-11T16:29:44.109-04:00 DEBUG 13072 --- [gestionenvios] [           main] org.hibernate.HQL_FUNCTIONS              : Boolean array_overlaps_nullable(ARRAY array0, OBJECT array1)
2025-05-11T16:29:44.109-04:00 DEBUG 13072 --- [gestionenvios] [           main] org.hibernate.HQL_FUNCTIONS              : Integer array_position(ARRAY array, OBJECT element[, INTEGER startPosition])
2025-05-11T16:29:44.109-04:00 DEBUG 13072 --- [gestionenvios] [           main] org.hibernate.HQL_FUNCTIONS              : int[] array_positions(ARRAY array, OBJECT element)
2025-05-11T16:29:44.109-04:00 DEBUG 13072 --- [gestionenvios] [           main] org.hibernate.HQL_FUNCTIONS              : List array_positions_list(ARRAY array, OBJECT element)
2025-05-11T16:29:44.109-04:00 DEBUG 13072 --- [gestionenvios] [           main] org.hibernate.HQL_FUNCTIONS              : array_prepend( ... )
2025-05-11T16:29:44.109-04:00 DEBUG 13072 --- [gestionenvios] [           main] org.hibernate.HQL_FUNCTIONS              : array_remove( ... )
2025-05-11T16:29:44.109-04:00 DEBUG 13072 --- [gestionenvios] [           main] org.hibernate.HQL_FUNCTIONS              : array_remove_index( ... )
2025-05-11T16:29:44.109-04:00 DEBUG 13072 --- [gestionenvios] [           main] org.hibernate.HQL_FUNCTIONS              : array_replace( ... )
2025-05-11T16:29:44.109-04:00 DEBUG 13072 --- [gestionenvios] [           main] org.hibernate.HQL_FUNCTIONS              : array_set( ... )
2025-05-11T16:29:44.109-04:00 DEBUG 13072 --- [gestionenvios] [           main] org.hibernate.HQL_FUNCTIONS              : array_slice( ... )
2025-05-11T16:29:44.109-04:00 DEBUG 13072 --- [gestionenvios] [           main] org.hibernate.HQL_FUNCTIONS              : String array_to_string( ... )
2025-05-11T16:29:44.109-04:00 DEBUG 13072 --- [gestionenvios] [           main] org.hibernate.HQL_FUNCTIONS              : array_trim( ... )
2025-05-11T16:29:44.109-04:00 DEBUG 13072 --- [gestionenvios] [           main] org.hibernate.HQL_FUNCTIONS              : Integer ascii(STRING arg)
2025-05-11T16:29:44.109-04:00 DEBUG 13072 --- [gestionenvios] [           main] org.hibernate.HQL_FUNCTIONS              : Double asin(NUMERIC arg)
2025-05-11T16:29:44.109-04:00 DEBUG 13072 --- [gestionenvios] [           main] org.hibernate.HQL_FUNCTIONS              : Double atan(NUMERIC arg)
2025-05-11T16:29:44.109-04:00 DEBUG 13072 --- [gestionenvios] [           main] org.hibernate.HQL_FUNCTIONS              : Double atan2(NUMERIC arg0, NUMERIC arg1)
2025-05-11T16:29:44.109-04:00 DEBUG 13072 --- [gestionenvios] [           main] org.hibernate.HQL_FUNCTIONS              : avg(arg)
2025-05-11T16:29:44.109-04:00 DEBUG 13072 --- [gestionenvios] [           main] org.hibernate.HQL_FUNCTIONS              : Integer bit_length(STRING_OR_CLOB arg)
2025-05-11T16:29:44.109-04:00 DEBUG 13072 --- [gestionenvios] [           main] org.hibernate.HQL_FUNCTIONS              : bitand(arg0, arg1)
2025-05-11T16:29:44.109-04:00 DEBUG 13072 --- [gestionenvios] [           main] org.hibernate.HQL_FUNCTIONS              : bitor(arg0, arg1)
2025-05-11T16:29:44.109-04:00 DEBUG 13072 --- [gestionenvios] [           main] org.hibernate.HQL_FUNCTIONS              : bitxor(arg0, arg1)
2025-05-11T16:29:44.109-04:00 DEBUG 13072 --- [gestionenvios] [           main] org.hibernate.HQL_FUNCTIONS              : cast(arg as Type)
2025-05-11T16:29:44.109-04:00 DEBUG 13072 --- [gestionenvios] [           main] org.hibernate.HQL_FUNCTIONS              : ceil(NUMERIC arg)
2025-05-11T16:29:44.109-04:00 DEBUG 13072 --- [gestionenvios] [           main] org.hibernate.HQL_FUNCTIONS              : ceiling(NUMERIC arg)
2025-05-11T16:29:44.109-04:00 DEBUG 13072 --- [gestionenvios] [           main] org.hibernate.HQL_FUNCTIONS              : Character char(INTEGER arg)
2025-05-11T16:29:44.109-04:00 DEBUG 13072 --- [gestionenvios] [           main] org.hibernate.HQL_FUNCTIONS              : Integer character_length(STRING_OR_CLOB arg)
2025-05-11T16:29:44.109-04:00 DEBUG 13072 --- [gestionenvios] [           main] org.hibernate.HQL_FUNCTIONS              : Character chr(INTEGER arg)
2025-05-11T16:29:44.109-04:00 DEBUG 13072 --- [gestionenvios] [           main] org.hibernate.HQL_FUNCTIONS              : coalesce(arg0[, arg1[, ...]])
2025-05-11T16:29:44.109-04:00 DEBUG 13072 --- [gestionenvios] [           main] org.hibernate.HQL_FUNCTIONS              : String collate(STRING string as COLLATION collation)
2025-05-11T16:29:44.109-04:00 DEBUG 13072 --- [gestionenvios] [           main] org.hibernate.HQL_FUNCTIONS              : String concat(STRING string0[, STRING string1[, ...]])
2025-05-11T16:29:44.109-04:00 DEBUG 13072 --- [gestionenvios] [           main] org.hibernate.HQL_FUNCTIONS              : Double corr(NUMERIC arg0, NUMERIC arg1)
2025-05-11T16:29:44.109-04:00 DEBUG 13072 --- [gestionenvios] [           main] org.hibernate.HQL_FUNCTIONS              : Double cos(NUMERIC arg)
2025-05-11T16:29:44.109-04:00 DEBUG 13072 --- [gestionenvios] [           main] org.hibernate.HQL_FUNCTIONS              : Double cosh(NUMERIC arg)
2025-05-11T16:29:44.109-04:00 DEBUG 13072 --- [gestionenvios] [           main] org.hibernate.HQL_FUNCTIONS              : Long count([distinct ]{arg|*})
2025-05-11T16:29:44.109-04:00 DEBUG 13072 --- [gestionenvios] [           main] org.hibernate.HQL_FUNCTIONS              : Double covar_pop(NUMERIC arg0, NUMERIC arg1)
2025-05-11T16:29:44.109-04:00 DEBUG 13072 --- [gestionenvios] [           main] org.hibernate.HQL_FUNCTIONS              : Double covar_samp(NUMERIC arg0, NUMERIC arg1)
2025-05-11T16:29:44.109-04:00 DEBUG 13072 --- [gestionenvios] [           main] org.hibernate.HQL_FUNCTIONS              : Double cume_dist([arg0[, ...]])
2025-05-11T16:29:44.109-04:00 DEBUG 13072 --- [gestionenvios] [           main] org.hibernate.HQL_FUNCTIONS              : Date current date
2025-05-11T16:29:44.109-04:00 DEBUG 13072 --- [gestionenvios] [           main] org.hibernate.HQL_FUNCTIONS              : Time current time
2025-05-11T16:29:44.109-04:00 DEBUG 13072 --- [gestionenvios] [           main] org.hibernate.HQL_FUNCTIONS              : Timestamp current timestamp
2025-05-11T16:29:44.109-04:00 DEBUG 13072 --- [gestionenvios] [           main] org.hibernate.HQL_FUNCTIONS              : Date current_date
2025-05-11T16:29:44.109-04:00 DEBUG 13072 --- [gestionenvios] [           main] org.hibernate.HQL_FUNCTIONS              : Instant current_instant
2025-05-11T16:29:44.109-04:00 DEBUG 13072 --- [gestionenvios] [           main] org.hibernate.HQL_FUNCTIONS              : Time current_time
2025-05-11T16:29:44.109-04:00 DEBUG 13072 --- [gestionenvios] [           main] org.hibernate.HQL_FUNCTIONS              : Timestamp current_timestamp
2025-05-11T16:29:44.109-04:00 DEBUG 13072 --- [gestionenvios] [           main] org.hibernate.HQL_FUNCTIONS              : dateadd(TEMPORAL_UNIT field, INTEGER magnitude, TEMPORAL datetime)
2025-05-11T16:29:44.109-04:00 DEBUG 13072 --- [gestionenvios] [           main] org.hibernate.HQL_FUNCTIONS              : Long|Double datediff(TEMPORAL_UNIT field, TEMPORAL start, TEMPORAL end)
2025-05-11T16:29:44.109-04:00 DEBUG 13072 --- [gestionenvios] [           main] org.hibernate.HQL_FUNCTIONS              : Double degrees(NUMERIC arg)
2025-05-11T16:29:44.109-04:00 DEBUG 13072 --- [gestionenvios] [           main] org.hibernate.HQL_FUNCTIONS              : Long dense_rank([arg0[, ...]])
2025-05-11T16:29:44.109-04:00 DEBUG 13072 --- [gestionenvios] [           main] org.hibernate.HQL_FUNCTIONS              : Boolean every(BOOLEAN arg)
2025-05-11T16:29:44.109-04:00 DEBUG 13072 --- [gestionenvios] [           main] org.hibernate.HQL_FUNCTIONS              : Double exp(NUMERIC arg)
2025-05-11T16:29:44.109-04:00 DEBUG 13072 --- [gestionenvios] [           main] org.hibernate.HQL_FUNCTIONS              : extract(TEMPORAL_UNIT field from TEMPORAL arg)
2025-05-11T16:29:44.109-04:00 DEBUG 13072 --- [gestionenvios] [           main] org.hibernate.HQL_FUNCTIONS              : first_valueANY value
2025-05-11T16:29:44.109-04:00 DEBUG 13072 --- [gestionenvios] [           main] org.hibernate.HQL_FUNCTIONS              : floor(NUMERIC arg)
2025-05-11T16:29:44.109-04:00 DEBUG 13072 --- [gestionenvios] [           main] org.hibernate.HQL_FUNCTIONS              : String format(TEMPORAL datetime as STRING pattern)
2025-05-11T16:29:44.109-04:00 DEBUG 13072 --- [gestionenvios] [           main] org.hibernate.HQL_FUNCTIONS              : greatest(COMPARABLE arg0, COMPARABLE arg1[, arg2[, ...]])
2025-05-11T16:29:44.109-04:00 DEBUG 13072 --- [gestionenvios] [           main] org.hibernate.HQL_FUNCTIONS              : ifnull(arg0, arg1)
2025-05-11T16:29:44.109-04:00 DEBUG 13072 --- [gestionenvios] [           main] org.hibernate.HQL_FUNCTIONS              : String initcap(arg)
2025-05-11T16:29:44.109-04:00 DEBUG 13072 --- [gestionenvios] [           main] org.hibernate.HQL_FUNCTIONS              : Instant instant
2025-05-11T16:29:44.109-04:00 DEBUG 13072 --- [gestionenvios] [           main] org.hibernate.HQL_FUNCTIONS              : Integer instr(STRING string, STRING pattern[, INTEGER start[, INTEGER occurrence]])
2025-05-11T16:29:44.109-04:00 DEBUG 13072 --- [gestionenvios] [           main] org.hibernate.HQL_FUNCTIONS              : lagANY value[, INTEGER offset[, ANY default]]
2025-05-11T16:29:44.110-04:00 DEBUG 13072 --- [gestionenvios] [           main] org.hibernate.HQL_FUNCTIONS              : Date last_day(DATE arg)
2025-05-11T16:29:44.110-04:00 DEBUG 13072 --- [gestionenvios] [           main] org.hibernate.HQL_FUNCTIONS              : last_valueANY value
2025-05-11T16:29:44.110-04:00 DEBUG 13072 --- [gestionenvios] [           main] org.hibernate.HQL_FUNCTIONS              : leadANY value[, INTEGER offset[, ANY default]]
2025-05-11T16:29:44.110-04:00 DEBUG 13072 --- [gestionenvios] [           main] org.hibernate.HQL_FUNCTIONS              : least(COMPARABLE arg0, COMPARABLE arg1[, arg2[, ...]])
2025-05-11T16:29:44.110-04:00 DEBUG 13072 --- [gestionenvios] [           main] org.hibernate.HQL_FUNCTIONS              : String left(STRING string, INTEGER length)
2025-05-11T16:29:44.110-04:00 DEBUG 13072 --- [gestionenvios] [           main] org.hibernate.HQL_FUNCTIONS              : length
2025-05-11T16:29:44.110-04:00 DEBUG 13072 --- [gestionenvios] [           main] org.hibernate.HQL_FUNCTIONS              : String listagg(STRING arg0, STRING arg1)
2025-05-11T16:29:44.110-04:00 DEBUG 13072 --- [gestionenvios] [           main] org.hibernate.HQL_FUNCTIONS              : Double ln(NUMERIC arg)
2025-05-11T16:29:44.110-04:00 DEBUG 13072 --- [gestionenvios] [           main] org.hibernate.HQL_FUNCTIONS              : LocalDate local date
2025-05-11T16:29:44.110-04:00 DEBUG 13072 --- [gestionenvios] [           main] org.hibernate.HQL_FUNCTIONS              : LocalDateTime local datetime
2025-05-11T16:29:44.110-04:00 DEBUG 13072 --- [gestionenvios] [           main] org.hibernate.HQL_FUNCTIONS              : LocalTime local time
2025-05-11T16:29:44.110-04:00 DEBUG 13072 --- [gestionenvios] [           main] org.hibernate.HQL_FUNCTIONS              : LocalDate local_date
2025-05-11T16:29:44.110-04:00 DEBUG 13072 --- [gestionenvios] [           main] org.hibernate.HQL_FUNCTIONS              : LocalDateTime local_datetime
2025-05-11T16:29:44.110-04:00 DEBUG 13072 --- [gestionenvios] [           main] org.hibernate.HQL_FUNCTIONS              : LocalTime local_time
2025-05-11T16:29:44.110-04:00 DEBUG 13072 --- [gestionenvios] [           main] org.hibernate.HQL_FUNCTIONS              : Integer locate(pattern, string[, start])
2025-05-11T16:29:44.110-04:00 DEBUG 13072 --- [gestionenvios] [           main] org.hibernate.HQL_FUNCTIONS              : Double log(NUMERIC arg0[, NUMERIC arg1])
2025-05-11T16:29:44.110-04:00 DEBUG 13072 --- [gestionenvios] [           main] org.hibernate.HQL_FUNCTIONS              : Double log10(NUMERIC arg)
2025-05-11T16:29:44.110-04:00 DEBUG 13072 --- [gestionenvios] [           main] org.hibernate.HQL_FUNCTIONS              : String lower(STRING string)
2025-05-11T16:29:44.110-04:00 DEBUG 13072 --- [gestionenvios] [           main] org.hibernate.HQL_FUNCTIONS              : String lpad(STRING string, INTEGER length[, STRING padding])
2025-05-11T16:29:44.110-04:00 DEBUG 13072 --- [gestionenvios] [           main] org.hibernate.HQL_FUNCTIONS              : String ltrim(STRING string[, STRING characters])
2025-05-11T16:29:44.110-04:00 DEBUG 13072 --- [gestionenvios] [           main] org.hibernate.HQL_FUNCTIONS              : max(COMPARABLE arg)
2025-05-11T16:29:44.110-04:00 DEBUG 13072 --- [gestionenvios] [           main] org.hibernate.HQL_FUNCTIONS              : Double median(NUMERIC arg)
2025-05-11T16:29:44.110-04:00 DEBUG 13072 --- [gestionenvios] [           main] org.hibernate.HQL_FUNCTIONS              : min(COMPARABLE arg)
2025-05-11T16:29:44.110-04:00 DEBUG 13072 --- [gestionenvios] [           main] org.hibernate.HQL_FUNCTIONS              : Integer mod(INTEGER arg0, INTEGER arg1)
2025-05-11T16:29:44.110-04:00 DEBUG 13072 --- [gestionenvios] [           main] org.hibernate.HQL_FUNCTIONS              : mode()
2025-05-11T16:29:44.110-04:00 DEBUG 13072 --- [gestionenvios] [           main] org.hibernate.HQL_FUNCTIONS              : Integer months_between(DATE end, DATE start)
2025-05-11T16:29:44.110-04:00 DEBUG 13072 --- [gestionenvios] [           main] org.hibernate.HQL_FUNCTIONS              : nth_valueANY value, INTEGER nth
2025-05-11T16:29:44.110-04:00 DEBUG 13072 --- [gestionenvios] [           main] org.hibernate.HQL_FUNCTIONS              : nullif(arg0, arg1)
2025-05-11T16:29:44.110-04:00 DEBUG 13072 --- [gestionenvios] [           main] org.hibernate.HQL_FUNCTIONS              : Integer octet_length(STRING_OR_CLOB arg)
2025-05-11T16:29:44.110-04:00 DEBUG 13072 --- [gestionenvios] [           main] org.hibernate.HQL_FUNCTIONS              : OffsetDateTime offset datetime
2025-05-11T16:29:44.110-04:00 DEBUG 13072 --- [gestionenvios] [           main] org.hibernate.HQL_FUNCTIONS              : OffsetDateTime offset_datetime
2025-05-11T16:29:44.110-04:00 DEBUG 13072 --- [gestionenvios] [           main] org.hibernate.HQL_FUNCTIONS              : String overlay(STRING string placing STRING replacement from INTEGER start[ for INTEGER length])
2025-05-11T16:29:44.110-04:00 DEBUG 13072 --- [gestionenvios] [           main] org.hibernate.HQL_FUNCTIONS              : String pad(STRING string with INTEGER length {leading|trailing}[ STRING character])
2025-05-11T16:29:44.110-04:00 DEBUG 13072 --- [gestionenvios] [           main] org.hibernate.HQL_FUNCTIONS              : Double percent_rank([arg0[, ...]])
2025-05-11T16:29:44.110-04:00 DEBUG 13072 --- [gestionenvios] [           main] org.hibernate.HQL_FUNCTIONS              : percentile_cont(NUMERIC arg)
2025-05-11T16:29:44.110-04:00 DEBUG 13072 --- [gestionenvios] [           main] org.hibernate.HQL_FUNCTIONS              : percentile_disc(NUMERIC arg)
2025-05-11T16:29:44.110-04:00 DEBUG 13072 --- [gestionenvios] [           main] org.hibernate.HQL_FUNCTIONS              : Double pi
2025-05-11T16:29:44.110-04:00 DEBUG 13072 --- [gestionenvios] [           main] org.hibernate.HQL_FUNCTIONS              : Integer position(STRING pattern in STRING string)
2025-05-11T16:29:44.110-04:00 DEBUG 13072 --- [gestionenvios] [           main] org.hibernate.HQL_FUNCTIONS              : Double power(NUMERIC arg0, NUMERIC arg1)
2025-05-11T16:29:44.110-04:00 DEBUG 13072 --- [gestionenvios] [           main] org.hibernate.HQL_FUNCTIONS              : Double radians(NUMERIC arg)
2025-05-11T16:29:44.110-04:00 DEBUG 13072 --- [gestionenvios] [           main] org.hibernate.HQL_FUNCTIONS              : Long rank([arg0[, ...]])
2025-05-11T16:29:44.111-04:00 DEBUG 13072 --- [gestionenvios] [           main] org.hibernate.HQL_FUNCTIONS              : Double regr_avgx(NUMERIC arg0, NUMERIC arg1)
2025-05-11T16:29:44.111-04:00 DEBUG 13072 --- [gestionenvios] [           main] org.hibernate.HQL_FUNCTIONS              : Double regr_avgy(NUMERIC arg0, NUMERIC arg1)
2025-05-11T16:29:44.111-04:00 DEBUG 13072 --- [gestionenvios] [           main] org.hibernate.HQL_FUNCTIONS              : Double regr_count(NUMERIC arg0, NUMERIC arg1)
2025-05-11T16:29:44.111-04:00 DEBUG 13072 --- [gestionenvios] [           main] org.hibernate.HQL_FUNCTIONS              : Double regr_intercept(NUMERIC arg0, NUMERIC arg1)
2025-05-11T16:29:44.111-04:00 DEBUG 13072 --- [gestionenvios] [           main] org.hibernate.HQL_FUNCTIONS              : Double regr_r2(NUMERIC arg0, NUMERIC arg1)
2025-05-11T16:29:44.111-04:00 DEBUG 13072 --- [gestionenvios] [           main] org.hibernate.HQL_FUNCTIONS              : Double regr_slope(NUMERIC arg0, NUMERIC arg1)
2025-05-11T16:29:44.111-04:00 DEBUG 13072 --- [gestionenvios] [           main] org.hibernate.HQL_FUNCTIONS              : Double regr_sxx(NUMERIC arg0, NUMERIC arg1)
2025-05-11T16:29:44.111-04:00 DEBUG 13072 --- [gestionenvios] [           main] org.hibernate.HQL_FUNCTIONS              : Double regr_sxy(NUMERIC arg0, NUMERIC arg1)
2025-05-11T16:29:44.111-04:00 DEBUG 13072 --- [gestionenvios] [           main] org.hibernate.HQL_FUNCTIONS              : Double regr_syy(NUMERIC arg0, NUMERIC arg1)
2025-05-11T16:29:44.111-04:00 DEBUG 13072 --- [gestionenvios] [           main] org.hibernate.HQL_FUNCTIONS              : String repeat(STRING string, INTEGER times)
2025-05-11T16:29:44.111-04:00 DEBUG 13072 --- [gestionenvios] [           main] org.hibernate.HQL_FUNCTIONS              : String replace(STRING string, STRING pattern, STRING replacement)
2025-05-11T16:29:44.111-04:00 DEBUG 13072 --- [gestionenvios] [           main] org.hibernate.HQL_FUNCTIONS              : String right(STRING string, INTEGER length)
2025-05-11T16:29:44.111-04:00 DEBUG 13072 --- [gestionenvios] [           main] org.hibernate.HQL_FUNCTIONS              : round(NUMERIC number[, INTEGER places])
2025-05-11T16:29:44.111-04:00 DEBUG 13072 --- [gestionenvios] [           main] org.hibernate.HQL_FUNCTIONS              : Long row_number()
2025-05-11T16:29:44.111-04:00 DEBUG 13072 --- [gestionenvios] [           main] org.hibernate.HQL_FUNCTIONS              : Long rowid
2025-05-11T16:29:44.111-04:00 DEBUG 13072 --- [gestionenvios] [           main] org.hibernate.HQL_FUNCTIONS              : Long rownum
2025-05-11T16:29:44.111-04:00 DEBUG 13072 --- [gestionenvios] [           main] org.hibernate.HQL_FUNCTIONS              : String rpad(STRING string, INTEGER length[, STRING padding])
2025-05-11T16:29:44.111-04:00 DEBUG 13072 --- [gestionenvios] [           main] org.hibernate.HQL_FUNCTIONS              : String rtrim(STRING string[, STRING characters])
2025-05-11T16:29:44.111-04:00 DEBUG 13072 --- [gestionenvios] [           main] org.hibernate.HQL_FUNCTIONS              : Integer sign(NUMERIC arg)
2025-05-11T16:29:44.111-04:00 DEBUG 13072 --- [gestionenvios] [           main] org.hibernate.HQL_FUNCTIONS              : Double sin(NUMERIC arg)
2025-05-11T16:29:44.111-04:00 DEBUG 13072 --- [gestionenvios] [           main] org.hibernate.HQL_FUNCTIONS              : Double sinh(NUMERIC arg)
2025-05-11T16:29:44.111-04:00 DEBUG 13072 --- [gestionenvios] [           main] org.hibernate.HQL_FUNCTIONS              : String soundex(arg)
2025-05-11T16:29:44.111-04:00 DEBUG 13072 --- [gestionenvios] [           main] org.hibernate.HQL_FUNCTIONS              : Object sql
2025-05-11T16:29:44.111-04:00 DEBUG 13072 --- [gestionenvios] [           main] org.hibernate.HQL_FUNCTIONS              : Double sqrt(NUMERIC arg)
2025-05-11T16:29:44.111-04:00 DEBUG 13072 --- [gestionenvios] [           main] org.hibernate.HQL_FUNCTIONS              : Double stddev(NUMERIC arg)
2025-05-11T16:29:44.111-04:00 DEBUG 13072 --- [gestionenvios] [           main] org.hibernate.HQL_FUNCTIONS              : Double stddev_pop(NUMERIC arg)
2025-05-11T16:29:44.111-04:00 DEBUG 13072 --- [gestionenvios] [           main] org.hibernate.HQL_FUNCTIONS              : Double stddev_samp(NUMERIC arg)
2025-05-11T16:29:44.111-04:00 DEBUG 13072 --- [gestionenvios] [           main] org.hibernate.HQL_FUNCTIONS              : String str(arg)
2025-05-11T16:29:44.111-04:00 DEBUG 13072 --- [gestionenvios] [           main] org.hibernate.HQL_FUNCTIONS              : String substr(STRING string, INTEGER start[, INTEGER length])
2025-05-11T16:29:44.111-04:00 DEBUG 13072 --- [gestionenvios] [           main] org.hibernate.HQL_FUNCTIONS              : String substring(STRING string{ from|,} INTEGER start[{ for|,} INTEGER length])
2025-05-11T16:29:44.111-04:00 DEBUG 13072 --- [gestionenvios] [           main] org.hibernate.HQL_FUNCTIONS              : sum(arg)
2025-05-11T16:29:44.111-04:00 DEBUG 13072 --- [gestionenvios] [           main] org.hibernate.HQL_FUNCTIONS              : Timestamp sysdate
2025-05-11T16:29:44.111-04:00 DEBUG 13072 --- [gestionenvios] [           main] org.hibernate.HQL_FUNCTIONS              : Timestamp systimestamp
2025-05-11T16:29:44.111-04:00 DEBUG 13072 --- [gestionenvios] [           main] org.hibernate.HQL_FUNCTIONS              : Double tan(NUMERIC arg)
2025-05-11T16:29:44.111-04:00 DEBUG 13072 --- [gestionenvios] [           main] org.hibernate.HQL_FUNCTIONS              : Double tanh(NUMERIC arg)
2025-05-11T16:29:44.111-04:00 DEBUG 13072 --- [gestionenvios] [           main] org.hibernate.HQL_FUNCTIONS              : timestampadd(TEMPORAL_UNIT field, INTEGER magnitude, TEMPORAL datetime)
2025-05-11T16:29:44.111-04:00 DEBUG 13072 --- [gestionenvios] [           main] org.hibernate.HQL_FUNCTIONS              : Long|Double timestampdiff(TEMPORAL_UNIT field, TEMPORAL start, TEMPORAL end)
2025-05-11T16:29:44.111-04:00 DEBUG 13072 --- [gestionenvios] [           main] org.hibernate.HQL_FUNCTIONS              : String to_char(ANY arg0[, STRING arg1, STRING arg2])
2025-05-11T16:29:44.111-04:00 DEBUG 13072 --- [gestionenvios] [           main] org.hibernate.HQL_FUNCTIONS              : Date to_date(STRING arg0[, STRING arg1, STRING arg2])
2025-05-11T16:29:44.111-04:00 DEBUG 13072 --- [gestionenvios] [           main] org.hibernate.HQL_FUNCTIONS              : Double to_number(STRING arg0[, STRING arg1, STRING arg2])
2025-05-11T16:29:44.112-04:00 DEBUG 13072 --- [gestionenvios] [           main] org.hibernate.HQL_FUNCTIONS              : Timestamp to_timestamp(STRING arg0[, STRING arg1, STRING arg2])
2025-05-11T16:29:44.112-04:00 DEBUG 13072 --- [gestionenvios] [           main] org.hibernate.HQL_FUNCTIONS              : String translate(STRING arg0, STRING arg1, STRING arg2)
2025-05-11T16:29:44.112-04:00 DEBUG 13072 --- [gestionenvios] [           main] org.hibernate.HQL_FUNCTIONS              : String trim([[{leading|trailing|both} ][STRING arg0 ]from] STRING arg1)
2025-05-11T16:29:44.112-04:00 DEBUG 13072 --- [gestionenvios] [           main] org.hibernate.HQL_FUNCTIONS              : trunc( ... )
2025-05-11T16:29:44.112-04:00 DEBUG 13072 --- [gestionenvios] [           main] org.hibernate.HQL_FUNCTIONS              : truncate( ... )
2025-05-11T16:29:44.112-04:00 DEBUG 13072 --- [gestionenvios] [           main] org.hibernate.HQL_FUNCTIONS              : String upper(STRING string)
2025-05-11T16:29:44.112-04:00 DEBUG 13072 --- [gestionenvios] [           main] org.hibernate.HQL_FUNCTIONS              : Double var_pop(NUMERIC arg)
2025-05-11T16:29:44.112-04:00 DEBUG 13072 --- [gestionenvios] [           main] org.hibernate.HQL_FUNCTIONS              : Double var_samp(NUMERIC arg)
2025-05-11T16:29:44.112-04:00 DEBUG 13072 --- [gestionenvios] [           main] org.hibernate.HQL_FUNCTIONS              : Double variance(NUMERIC arg)
2025-05-11T16:29:44.112-04:00 DEBUG 13072 --- [gestionenvios] [           main] org.hibernate.orm.query.plan.cache       : Starting QueryInterpretationCache(2048)
2025-05-11T16:29:44.112-04:00 DEBUG 13072 --- [gestionenvios] [           main] .h.s.i.SessionFactoryServiceRegistryImpl : EventListenerRegistry access via ServiceRegistry is deprecated.  Use `sessionFactory.getEventEngine().getListenerRegistry()` instead
2025-05-11T16:29:44.112-04:00 DEBUG 13072 --- [gestionenvios] [           main] h.e.i.EntityCopyObserverFactoryInitiator : Configured EntityCopyObserver strategy: disallow
2025-05-11T16:29:44.113-04:00 DEBUG 13072 --- [gestionenvios] [           main] o.h.boot.internal.ClassLoaderAccessImpl  : Not known whether passed class name [com.example.gestionenvios.model.Envios] is safe
2025-05-11T16:29:44.113-04:00 DEBUG 13072 --- [gestionenvios] [           main] o.h.boot.internal.ClassLoaderAccessImpl  : No temp ClassLoader provided; using live ClassLoader for loading potentially unsafe class : com.example.gestionenvios.model.Envios
2025-05-11T16:29:44.123-04:00 DEBUG 13072 --- [gestionenvios] [           main] o.h.b.i.bytebuddy.BytecodeProviderImpl   : HHH000513: Unable to create the ReflectionOptimizer for [com.example.gestionenvios.model.Envios]: private accessor [destinatario]
2025-05-11T16:29:44.124-04:00 DEBUG 13072 --- [gestionenvios] [           main] o.hibernate.orm.model.mapping.creation   : Starting post-init callbacks
2025-05-11T16:29:44.124-04:00 DEBUG 13072 --- [gestionenvios] [           main] o.hibernate.orm.model.mapping.creation   : Starting PostInitCallbackEntry : Entity(com.example.gestionenvios.model.Envios) `staticFetchableList` generator
2025-05-11T16:29:44.125-04:00 DEBUG 13072 --- [gestionenvios] [           main] org.hibernate.orm.sql.ast.create         : Created new SQL alias : e1_0
2025-05-11T16:29:44.125-04:00 DEBUG 13072 --- [gestionenvios] [           main] org.hibernate.orm.sql.ast.create         : Registration of TableGroup [StandardTableGroup(com.example.gestionenvios.model.Envios)] with identifierForTableGroup [com.example.gestionenvios.model.Envios] for NavigablePath [com.example.gestionenvios.model.Envios] 
2025-05-11T16:29:44.125-04:00 DEBUG 13072 --- [gestionenvios] [           main] org.hibernate.orm.results.graph.AST      : DomainResult Graph:
 \-EntityResultImpl [com.example.gestionenvios.model.Envios]
 |  +-BasicFetch [com.example.gestionenvios.model.Envios.destinatario]
 |  +-BasicFetch [com.example.gestionenvios.model.Envios.empresaEnvio]
 |  +-BasicFetch [com.example.gestionenvios.model.Envios.estado]
 |  +-BasicFetch [com.example.gestionenvios.model.Envios.fechaEntrega]
 |  +-BasicFetch [com.example.gestionenvios.model.Envios.fechaSalida]
 |  +-BasicFetch [com.example.gestionenvios.model.Envios.paisDestino]
 |  +-BasicFetch [com.example.gestionenvios.model.Envios.paisOrigen]
 |  \-BasicFetch [com.example.gestionenvios.model.Envios.ubicacionActual]

2025-05-11T16:29:44.125-04:00 DEBUG 13072 --- [gestionenvios] [           main] org.hibernate.orm.sql.ast.tree           : SQL AST Tree:
    SelectStatement {
      FromClause {
        StandardTableGroup (e1 : com.example.gestionenvios.model.Envios) {
          primaryTableReference : envios as e1_0
        }
      }
    }

2025-05-11T16:29:44.126-04:00 DEBUG 13072 --- [gestionenvios] [           main] o.h.p.entity.AbstractEntityPersister     : Static SQL for entity: com.example.gestionenvios.model.Envios
2025-05-11T16:29:44.126-04:00 DEBUG 13072 --- [gestionenvios] [           main] o.h.p.entity.AbstractEntityPersister     :  Version select: select n_seguimiento from envios where n_seguimiento=?
2025-05-11T16:29:44.126-04:00 DEBUG 13072 --- [gestionenvios] [           main] o.h.p.entity.AbstractEntityPersister     :  Insert (0): insert into envios (destinatario,empresa_envio,estado,fecha_entrega,fecha_salida,pais_destino,pais_origen,ubicacion_actual,n_seguimiento) values (?,?,?,?,?,?,?,?,default)
2025-05-11T16:29:44.126-04:00 DEBUG 13072 --- [gestionenvios] [           main] o.h.p.entity.AbstractEntityPersister     :  Update (0): update envios set destinatario=?,empresa_envio=?,estado=?,fecha_entrega=?,fecha_salida=?,pais_destino=?,pais_origen=?,ubicacion_actual=? where n_seguimiento=?
2025-05-11T16:29:44.126-04:00 DEBUG 13072 --- [gestionenvios] [           main] o.h.p.entity.AbstractEntityPersister     :  Delete (0): delete from envios where n_seguimiento=?
2025-05-11T16:29:44.126-04:00  INFO 13072 --- [gestionenvios] [           main] o.h.e.t.j.p.i.JtaPlatformInitiator       : HHH000489: No JTA platform available (set 'hibernate.transaction.jta.platform' to enable JTA platform integration)
2025-05-11T16:29:44.126-04:00 DEBUG 13072 --- [gestionenvios] [           main] o.h.type.spi.TypeConfiguration$Scope     : Scoping TypeConfiguration [org.hibernate.type.spi.TypeConfiguration@6c6a7553] to SessionFactoryImplementor [org.hibernate.internal.SessionFactoryImpl@49c51eb7]
2025-05-11T16:29:44.126-04:00 DEBUG 13072 --- [gestionenvios] [           main] o.h.query.named.NamedObjectRepository    : Checking 0 named HQL queries
2025-05-11T16:29:44.126-04:00 DEBUG 13072 --- [gestionenvios] [           main] o.h.query.named.NamedObjectRepository    : Checking 0 named SQL queries
2025-05-11T16:29:44.404-04:00 DEBUG 13072 --- [gestionenvios] [           main] org.hibernate.mapping.Table              : No alter strings for table : envios
2025-05-11T16:29:44.405-04:00 DEBUG 13072 --- [gestionenvios] [           main] o.h.internal.SessionFactoryRegistry      : Registering SessionFactory: a4c659fc-6ddf-4698-ad74-e1604435a775 (<unnamed>)
2025-05-11T16:29:44.405-04:00 DEBUG 13072 --- [gestionenvios] [           main] o.h.internal.SessionFactoryRegistry      : Not binding SessionFactory to JNDI, no JNDI name configured
2025-05-11T16:29:44.405-04:00 DEBUG 13072 --- [gestionenvios] [           main] o.hibernate.internal.SessionFactoryImpl  : Instantiated SessionFactory
2025-05-11T16:29:44.405-04:00  INFO 13072 --- [gestionenvios] [           main] j.LocalContainerEntityManagerFactoryBean : Initialized JPA EntityManagerFactory for persistence unit 'default'
2025-05-11T16:29:44.405-04:00 DEBUG 13072 --- [gestionenvios] [           main] o.s.b.f.s.DefaultListableBeanFactory     : Creating shared instance of singleton bean 'gestionenviosApplication'
2025-05-11T16:29:44.405-04:00 DEBUG 13072 --- [gestionenvios] [           main] o.s.b.f.s.DefaultListableBeanFactory     : Creating shared instance of singleton bean 'org.springframework.boot.test.autoconfigure.jdbc.TestDatabaseAutoConfiguration'
2025-05-11T16:29:44.406-04:00 DEBUG 13072 --- [gestionenvios] [           main] o.s.b.f.s.DefaultListableBeanFactory     : Creating shared instance of singleton bean 'org.springframework.boot.autoconfigure.jdbc.metadata.DataSourcePoolMetadataProvidersConfiguration'
2025-05-11T16:29:44.406-04:00 DEBUG 13072 --- [gestionenvios] [           main] o.s.b.f.s.DefaultListableBeanFactory     : Creating shared instance of singleton bean 'org.springframework.boot.autoconfigure.jdbc.DataSourceAutoConfiguration'
2025-05-11T16:29:44.406-04:00 DEBUG 13072 --- [gestionenvios] [           main] o.s.b.f.s.DefaultListableBeanFactory     : Creating shared instance of singleton bean 'org.springframework.boot.context.properties.EnableConfigurationPropertiesRegistrar.methodValidationExcludeFilter'
2025-05-11T16:29:44.407-04:00 DEBUG 13072 --- [gestionenvios] [           main] o.s.b.f.s.DefaultListableBeanFactory     : Creating shared instance of singleton bean 'org.springframework.boot.autoconfigure.orm.jpa.JpaBaseConfiguration$PersistenceManagedTypesConfiguration'
2025-05-11T16:29:44.407-04:00 DEBUG 13072 --- [gestionenvios] [           main] o.s.b.f.s.DefaultListableBeanFactory     : Creating shared instance of singleton bean 'transactionManager'
2025-05-11T16:29:44.408-04:00 DEBUG 13072 --- [gestionenvios] [           main] o.s.b.f.s.DefaultListableBeanFactory     : Creating shared instance of singleton bean 'org.springframework.boot.autoconfigure.orm.jpa.HibernateJpaAutoConfiguration'
2025-05-11T16:29:44.408-04:00 DEBUG 13072 --- [gestionenvios] [           main] o.s.b.f.s.DefaultListableBeanFactory     : Creating shared instance of singleton bean 'org.springframework.boot.autoconfigure.data.jpa.JpaRepositoriesAutoConfiguration'
2025-05-11T16:29:44.408-04:00 DEBUG 13072 --- [gestionenvios] [           main] o.s.b.f.s.DefaultListableBeanFactory     : Creating shared instance of singleton bean 'jpaSharedEM_entityManagerFactory'
2025-05-11T16:29:44.410-04:00 DEBUG 13072 --- [gestionenvios] [           main] o.s.b.f.s.DefaultListableBeanFactory     : Creating shared instance of singleton bean 'org.springframework.data.jpa.util.JpaMetamodelCacheCleanup'
2025-05-11T16:29:44.410-04:00 DEBUG 13072 --- [gestionenvios] [           main] o.s.b.f.s.DefaultListableBeanFactory     : Creating shared instance of singleton bean 'org.springframework.data.jpa.repository.support.JpaEvaluationContextExtension'
2025-05-11T16:29:44.410-04:00 DEBUG 13072 --- [gestionenvios] [           main] o.s.b.f.s.DefaultListableBeanFactory     : Creating shared instance of singleton bean 'jpa.named-queries#0'
2025-05-11T16:29:44.411-04:00 DEBUG 13072 --- [gestionenvios] [           main] o.s.b.f.s.DefaultListableBeanFactory     : Creating shared instance of singleton bean 'jpa.EnviosRepository.fragments#0'
2025-05-11T16:29:44.411-04:00 DEBUG 13072 --- [gestionenvios] [           main] o.s.b.f.s.DefaultListableBeanFactory     : Creating shared instance of singleton bean 'enviosRepository'
2025-05-11T16:29:44.413-04:00 DEBUG 13072 --- [gestionenvios] [           main] o.s.b.f.s.DefaultListableBeanFactory     : Creating shared instance of singleton bean 'jpaMappingContext'
2025-05-11T16:29:44.414-04:00 DEBUG 13072 --- [gestionenvios] [           main] .c.JpaMetamodelMappingContextFactoryBean : Initializing JpaMetamodelMappingContext…
2025-05-11T16:29:44.414-04:00 DEBUG 13072 --- [gestionenvios] [           main] .c.JpaMetamodelMappingContextFactoryBean : Finished initializing JpaMetamodelMappingContext
2025-05-11T16:29:44.425-04:00 DEBUG 13072 --- [gestionenvios] [           main] tor$SharedEntityManagerInvocationHandler : Creating new EntityManager for shared EntityManager invocation
2025-05-11T16:29:44.425-04:00 DEBUG 13072 --- [gestionenvios] [           main] o.h.stat.internal.StatisticsInitiator    : Statistics initialized [enabled=false]
2025-05-11T16:29:44.428-04:00 DEBUG 13072 --- [gestionenvios] [           main] o.s.d.r.c.s.RepositoryFactorySupport     : Initializing repository instance for com.example.gestionenvios.repository.EnviosRepository…
2025-05-11T16:29:44.429-04:00 DEBUG 13072 --- [gestionenvios] [           main] tor$SharedEntityManagerInvocationHandler : Creating new EntityManager for shared EntityManager invocation
2025-05-11T16:29:44.430-04:00 DEBUG 13072 --- [gestionenvios] [           main] o.s.d.r.c.s.RepositoryFactorySupport     : Finished creation of repository instance for com.example.gestionenvios.repository.EnviosRepository.
2025-05-11T16:29:44.431-04:00 DEBUG 13072 --- [gestionenvios] [           main] o.s.b.f.s.DefaultListableBeanFactory     : Creating shared instance of singleton bean 'data-jpa.repository-aot-processor#0'
2025-05-11T16:29:44.432-04:00 DEBUG 13072 --- [gestionenvios] [           main] o.s.b.f.s.DefaultListableBeanFactory     : Creating shared instance of singleton bean 'org.springframework.boot.autoconfigure.jdbc.JdbcTemplateConfiguration'
2025-05-11T16:29:44.432-04:00 DEBUG 13072 --- [gestionenvios] [           main] o.s.b.f.s.DefaultListableBeanFactory     : Creating shared instance of singleton bean 'jdbcTemplate'
2025-05-11T16:29:44.432-04:00 DEBUG 13072 --- [gestionenvios] [           main] o.s.b.f.s.DefaultListableBeanFactory     : Creating shared instance of singleton bean 'spring.jdbc-org.springframework.boot.autoconfigure.jdbc.JdbcProperties'
2025-05-11T16:29:44.433-04:00 DEBUG 13072 --- [gestionenvios] [           main] o.s.b.f.s.DefaultListableBeanFactory     : Autowiring by type from bean name 'jdbcTemplate' via factory method to bean named 'dataSource'
2025-05-11T16:29:44.433-04:00 DEBUG 13072 --- [gestionenvios] [           main] o.s.b.f.s.DefaultListableBeanFactory     : Autowiring by type from bean name 'jdbcTemplate' via factory method to bean named 'spring.jdbc-org.springframework.boot.autoconfigure.jdbc.JdbcProperties'
2025-05-11T16:29:44.433-04:00 DEBUG 13072 --- [gestionenvios] [           main] o.s.b.f.s.DefaultListableBeanFactory     : Creating shared instance of singleton bean 'org.springframework.boot.autoconfigure.jdbc.NamedParameterJdbcTemplateConfiguration'
2025-05-11T16:29:44.433-04:00 DEBUG 13072 --- [gestionenvios] [           main] o.s.b.f.s.DefaultListableBeanFactory     : Creating shared instance of singleton bean 'namedParameterJdbcTemplate'
2025-05-11T16:29:44.433-04:00 DEBUG 13072 --- [gestionenvios] [           main] o.s.b.f.s.DefaultListableBeanFactory     : Autowiring by type from bean name 'namedParameterJdbcTemplate' via factory method to bean named 'jdbcTemplate'
2025-05-11T16:29:44.434-04:00 DEBUG 13072 --- [gestionenvios] [           main] o.s.b.f.s.DefaultListableBeanFactory     : Creating shared instance of singleton bean 'org.springframework.boot.autoconfigure.jdbc.JdbcTemplateAutoConfiguration'
2025-05-11T16:29:44.434-04:00 DEBUG 13072 --- [gestionenvios] [           main] o.s.b.f.s.DefaultListableBeanFactory     : Creating shared instance of singleton bean 'org.springframework.boot.autoconfigure.jdbc.JdbcClientAutoConfiguration'
2025-05-11T16:29:44.434-04:00 DEBUG 13072 --- [gestionenvios] [           main] o.s.b.f.s.DefaultListableBeanFactory     : Creating shared instance of singleton bean 'jdbcClient'
2025-05-11T16:29:44.434-04:00 DEBUG 13072 --- [gestionenvios] [           main] o.s.b.f.s.DefaultListableBeanFactory     : Autowiring by type from bean name 'jdbcClient' via factory method to bean named 'namedParameterJdbcTemplate'
2025-05-11T16:29:44.434-04:00 DEBUG 13072 --- [gestionenvios] [           main] o.s.b.f.s.DefaultListableBeanFactory     : Creating shared instance of singleton bean 'org.springframework.boot.autoconfigure.sql.init.SqlInitializationAutoConfiguration'
2025-05-11T16:29:44.434-04:00 DEBUG 13072 --- [gestionenvios] [           main] o.s.b.f.s.DefaultListableBeanFactory     : Creating shared instance of singleton bean 'org.springframework.boot.autoconfigure.jdbc.DataSourceTransactionManagerAutoConfiguration$JdbcTransactionManagerConfiguration'
2025-05-11T16:29:44.434-04:00 DEBUG 13072 --- [gestionenvios] [           main] o.s.b.f.s.DefaultListableBeanFactory     : Creating shared instance of singleton bean 'org.springframework.boot.autoconfigure.jdbc.DataSourceTransactionManagerAutoConfiguration'
2025-05-11T16:29:44.434-04:00 DEBUG 13072 --- [gestionenvios] [           main] o.s.b.f.s.DefaultListableBeanFactory     : Creating shared instance of singleton bean 'org.springframework.boot.autoconfigure.transaction.TransactionAutoConfiguration$EnableTransactionManagementConfiguration$CglibAutoProxyConfiguration'
2025-05-11T16:29:44.434-04:00 DEBUG 13072 --- [gestionenvios] [           main] o.s.b.f.s.DefaultListableBeanFactory     : Creating shared instance of singleton bean 'org.springframework.boot.autoconfigure.transaction.TransactionAutoConfiguration$EnableTransactionManagementConfiguration'
2025-05-11T16:29:44.434-04:00 DEBUG 13072 --- [gestionenvios] [           main] o.s.b.f.s.DefaultListableBeanFactory     : Creating shared instance of singleton bean 'org.springframework.boot.autoconfigure.transaction.TransactionAutoConfiguration$TransactionTemplateConfiguration'
2025-05-11T16:29:44.434-04:00 DEBUG 13072 --- [gestionenvios] [           main] o.s.b.f.s.DefaultListableBeanFactory     : Creating shared instance of singleton bean 'transactionTemplate'
2025-05-11T16:29:44.434-04:00 DEBUG 13072 --- [gestionenvios] [           main] o.s.b.f.s.DefaultListableBeanFactory     : Autowiring by type from bean name 'transactionTemplate' via factory method to bean named 'transactionManager'
2025-05-11T16:29:44.435-04:00 DEBUG 13072 --- [gestionenvios] [           main] o.s.b.f.s.DefaultListableBeanFactory     : Creating shared instance of singleton bean 'org.springframework.boot.autoconfigure.transaction.TransactionAutoConfiguration'
2025-05-11T16:29:44.435-04:00 DEBUG 13072 --- [gestionenvios] [           main] o.s.b.f.s.DefaultListableBeanFactory     : Creating shared instance of singleton bean 'org.springframework.boot.test.autoconfigure.orm.jpa.TestEntityManagerAutoConfiguration'
2025-05-11T16:29:44.435-04:00 DEBUG 13072 --- [gestionenvios] [           main] o.s.b.f.s.DefaultListableBeanFactory     : Creating shared instance of singleton bean 'testEntityManager'
2025-05-11T16:29:44.435-04:00 DEBUG 13072 --- [gestionenvios] [           main] o.s.b.f.s.DefaultListableBeanFactory     : Autowiring by type from bean name 'testEntityManager' via factory method to bean named 'entityManagerFactory'
2025-05-11T16:29:44.436-04:00 DEBUG 13072 --- [gestionenvios] [           main] o.s.c.support.DefaultLifecycleProcessor  : Starting beans in phase -2147483647
2025-05-11T16:29:44.436-04:00 DEBUG 13072 --- [gestionenvios] [           main] o.s.c.support.DefaultLifecycleProcessor  : Successfully started bean 'springBootLoggingLifecycle'
2025-05-11T16:29:44.437-04:00 DEBUG 13072 --- [gestionenvios] [           main] .s.b.a.l.ConditionEvaluationReportLogger : 


============================
CONDITIONS EVALUATION REPORT
============================


Positive matches:
-----------------

   DataSourceAutoConfiguration matched:
      - @ConditionalOnClass found required classes 'javax.sql.DataSource', 'org.springframework.jdbc.datasource.embedded.EmbeddedDatabaseType' (OnClassCondition)
      - @ConditionalOnMissingBean (types: io.r2dbc.spi.ConnectionFactory; SearchStrategy: all) did not find any beans (OnBeanCondition)

   DataSourceAutoConfiguration.PooledDataSourceConfiguration matched:
      - AnyNestedCondition 1 matched 1 did not; NestedCondition on DataSourceAutoConfiguration.PooledDataSourceCondition.PooledDataSourceAvailable PooledDataSource found supported DataSource; NestedCondition on DataSourceAutoConfiguration.PooledDataSourceCondition.ExplicitType @ConditionalOnProperty (spring.datasource.type) did not find property 'type' (DataSourceAutoConfiguration.PooledDataSourceCondition)
      - @ConditionalOnMissingBean (types: javax.sql.DataSource,javax.sql.XADataSource; SearchStrategy: all) did not find any beans (OnBeanCondition)

   DataSourceAutoConfiguration.PooledDataSourceConfiguration#jdbcConnectionDetails matched:
      - @ConditionalOnMissingBean (types: org.springframework.boot.autoconfigure.jdbc.JdbcConnectionDetails; SearchStrategy: all) did not find any beans (OnBeanCondition)

   DataSourceConfiguration.Hikari matched:
      - @ConditionalOnClass found required class 'com.zaxxer.hikari.HikariDataSource' (OnClassCondition)
      - @ConditionalOnProperty (spring.datasource.type=com.zaxxer.hikari.HikariDataSource) matched (OnPropertyCondition)
      - @ConditionalOnMissingBean (types: javax.sql.DataSource; SearchStrategy: all) did not find any beans (OnBeanCondition)

   DataSourceInitializationConfiguration matched:
      - @ConditionalOnClass found required class 'org.springframework.jdbc.datasource.init.DatabasePopulator' (OnClassCondition)
      - @ConditionalOnSingleCandidate (types: javax.sql.DataSource; SearchStrategy: all) found a single bean 'dataSource'; @ConditionalOnMissingBean (types: org.springframework.boot.autoconfigure.sql.init.SqlDataSourceScriptDatabaseInitializer,org.springframework.boot.autoconfigure.sql.init.SqlR2dbcScriptDatabaseInitializer; SearchStrategy: all) did not find any beans (OnBeanCondition)

   DataSourcePoolMetadataProvidersConfiguration.HikariPoolDataSourceMetadataProviderConfiguration matched:
      - @ConditionalOnClass found required class 'com.zaxxer.hikari.HikariDataSource' (OnClassCondition)

   DataSourcePoolMetadataProvidersConfiguration.OracleUcpPoolDataSourceMetadataProviderConfiguration matched:
      - @ConditionalOnClass found required classes 'oracle.ucp.jdbc.PoolDataSource', 'oracle.jdbc.OracleConnection' (OnClassCondition)

   DataSourceTransactionManagerAutoConfiguration matched:
      - @ConditionalOnClass found required classes 'javax.sql.DataSource', 'org.springframework.jdbc.core.JdbcTemplate', 'org.springframework.transaction.TransactionManager' (OnClassCondition)

   DataSourceTransactionManagerAutoConfiguration.JdbcTransactionManagerConfiguration matched:
      - @ConditionalOnSingleCandidate (types: javax.sql.DataSource; SearchStrategy: all) found a single bean 'dataSource' (OnBeanCondition)

   HibernateJpaAutoConfiguration matched:
      - @ConditionalOnClass found required classes 'org.springframework.orm.jpa.LocalContainerEntityManagerFactoryBean', 'jakarta.persistence.EntityManager', 'org.hibernate.engine.spi.SessionImplementor' (OnClassCondition)

   HibernateJpaConfiguration matched:
      - @ConditionalOnSingleCandidate (types: javax.sql.DataSource; SearchStrategy: all) found a single bean 'dataSource' (OnBeanCondition)

   JdbcClientAutoConfiguration matched:
      - @ConditionalOnSingleCandidate (types: org.springframework.jdbc.core.namedparam.NamedParameterJdbcTemplate; SearchStrategy: all) found a single bean 'namedParameterJdbcTemplate'; @ConditionalOnMissingBean (types: org.springframework.jdbc.core.simple.JdbcClient; SearchStrategy: all) did not find any beans (OnBeanCondition)

   JdbcTemplateAutoConfiguration matched:
      - @ConditionalOnClass found required classes 'javax.sql.DataSource', 'org.springframework.jdbc.core.JdbcTemplate' (OnClassCondition)
      - @ConditionalOnSingleCandidate (types: javax.sql.DataSource; SearchStrategy: all) found a single bean 'dataSource' (OnBeanCondition)

   JdbcTemplateConfiguration matched:
      - @ConditionalOnMissingBean (types: org.springframework.jdbc.core.JdbcOperations; SearchStrategy: all) did not find any beans (OnBeanCondition)

   JpaBaseConfiguration#entityManagerFactory matched:
      - @ConditionalOnMissingBean (types: org.springframework.orm.jpa.LocalContainerEntityManagerFactoryBean,jakarta.persistence.EntityManagerFactory; SearchStrategy: all) did not find any beans (OnBeanCondition)

   JpaBaseConfiguration#entityManagerFactoryBuilder matched:
      - @ConditionalOnMissingBean (types: org.springframework.boot.orm.jpa.EntityManagerFactoryBuilder; SearchStrategy: all) did not find any beans (OnBeanCondition)

   JpaBaseConfiguration#jpaVendorAdapter matched:
      - @ConditionalOnMissingBean (types: org.springframework.orm.jpa.JpaVendorAdapter; SearchStrategy: all) did not find any beans (OnBeanCondition)

   JpaBaseConfiguration#transactionManager matched:
      - @ConditionalOnMissingBean (types: org.springframework.transaction.TransactionManager; SearchStrategy: all) did not find any beans (OnBeanCondition)

   JpaBaseConfiguration.PersistenceManagedTypesConfiguration matched:
      - @ConditionalOnMissingBean (types: org.springframework.orm.jpa.LocalContainerEntityManagerFactoryBean,jakarta.persistence.EntityManagerFactory; SearchStrategy: all) did not find any beans (OnBeanCondition)

   JpaBaseConfiguration.PersistenceManagedTypesConfiguration#persistenceManagedTypes matched:
      - @ConditionalOnMissingBean (types: org.springframework.orm.jpa.persistenceunit.PersistenceManagedTypes; SearchStrategy: all) did not find any beans (OnBeanCondition)

   JpaRepositoriesAutoConfiguration matched:
      - @ConditionalOnClass found required class 'org.springframework.data.jpa.repository.JpaRepository' (OnClassCondition)
      - @ConditionalOnProperty (spring.data.jpa.repositories.enabled=true) matched (OnPropertyCondition)
      - @ConditionalOnBean (types: javax.sql.DataSource; SearchStrategy: all) found bean 'dataSource'; @ConditionalOnMissingBean (types: org.springframework.data.jpa.repository.support.JpaRepositoryFactoryBean,org.springframework.data.jpa.repository.config.JpaRepositoryConfigExtension; SearchStrategy: all) did not find any beans (OnBeanCondition)

   NamedParameterJdbcTemplateConfiguration matched:
      - @ConditionalOnSingleCandidate (types: org.springframework.jdbc.core.JdbcTemplate; SearchStrategy: all) found a single bean 'jdbcTemplate'; @ConditionalOnMissingBean (types: org.springframework.jdbc.core.namedparam.NamedParameterJdbcOperations; SearchStrategy: all) did not find any beans (OnBeanCondition)

   NoOpCacheConfiguration matched:
      - Cache org.springframework.boot.autoconfigure.cache.NoOpCacheConfiguration NONE cache type (CacheCondition)

   SqlInitializationAutoConfiguration matched:
      - @ConditionalOnProperty (spring.sql.init.enabled) matched (OnPropertyCondition)
      - NoneNestedConditions 0 matched 1 did not; NestedCondition on SqlInitializationAutoConfiguration.SqlInitializationModeCondition.ModeIsNever @ConditionalOnProperty (spring.sql.init.mode=never) did not find property 'mode' (SqlInitializationAutoConfiguration.SqlInitializationModeCondition)

   TestEntityManagerAutoConfiguration matched:
      - @ConditionalOnClass found required class 'jakarta.persistence.EntityManagerFactory' (OnClassCondition)

   TestEntityManagerAutoConfiguration#testEntityManager matched:
      - @ConditionalOnMissingBean (types: org.springframework.boot.test.autoconfigure.orm.jpa.TestEntityManager; SearchStrategy: all) did not find any beans (OnBeanCondition)

   TransactionAutoConfiguration matched:
      - @ConditionalOnClass found required class 'org.springframework.transaction.PlatformTransactionManager' (OnClassCondition)

   TransactionAutoConfiguration.EnableTransactionManagementConfiguration matched:
      - @ConditionalOnBean (types: org.springframework.transaction.TransactionManager; SearchStrategy: all) found bean 'transactionManager'; @ConditionalOnMissingBean (types: org.springframework.transaction.annotation.AbstractTransactionManagementConfiguration; SearchStrategy: all) did not find any beans (OnBeanCondition)

   TransactionAutoConfiguration.EnableTransactionManagementConfiguration.CglibAutoProxyConfiguration matched:
      - @ConditionalOnProperty (spring.aop.proxy-target-class=true) matched (OnPropertyCondition)

   TransactionAutoConfiguration.TransactionTemplateConfiguration matched:
      - @ConditionalOnSingleCandidate (types: org.springframework.transaction.PlatformTransactionManager; SearchStrategy: all) found a single bean 'transactionManager' (OnBeanCondition)

   TransactionAutoConfiguration.TransactionTemplateConfiguration#transactionTemplate matched:
      - @ConditionalOnMissingBean (types: org.springframework.transaction.support.TransactionOperations; SearchStrategy: all) did not find any beans (OnBeanCondition)


Negative matches:
-----------------

   Cache2kCacheConfiguration:
      Did not match:
         - @ConditionalOnClass did not find required class 'org.cache2k.Cache2kBuilder' (OnClassCondition)

   CacheAutoConfiguration:
      Did not match:
         - @ConditionalOnBean (types: org.springframework.cache.interceptor.CacheAspectSupport; SearchStrategy: all) did not find any beans of type org.springframework.cache.interceptor.CacheAspectSupport (OnBeanCondition)
      Matched:
         - @ConditionalOnClass found required class 'org.springframework.cache.CacheManager' (OnClassCondition)

   CacheAutoConfiguration.CacheManagerEntityManagerFactoryDependsOnPostProcessor:
      Did not match:
         - Ancestor org.springframework.boot.autoconfigure.cache.CacheAutoConfiguration did not match (ConditionEvaluationReport.AncestorsMatchedCondition)
      Matched:
         - @ConditionalOnClass found required class 'org.springframework.orm.jpa.LocalContainerEntityManagerFactoryBean' (OnClassCondition)

   CaffeineCacheConfiguration:
      Did not match:
         - @ConditionalOnClass did not find required class 'com.github.benmanes.caffeine.cache.Caffeine' (OnClassCondition)

   CouchbaseCacheConfiguration:
      Did not match:
         - @ConditionalOnClass did not find required class 'com.couchbase.client.java.Cluster' (OnClassCondition)

   DataSourceAutoConfiguration.EmbeddedDatabaseConfiguration:
      Did not match:
         - EmbeddedDataSource spring.datasource.url is set (DataSourceAutoConfiguration.EmbeddedDatabaseCondition)

   DataSourceCheckpointRestoreConfiguration:
      Did not match:
         - @ConditionalOnClass did not find required class 'org.crac.Resource' (OnClassCondition)

   DataSourceConfiguration.Dbcp2:
      Did not match:
         - @ConditionalOnClass did not find required class 'org.apache.commons.dbcp2.BasicDataSource' (OnClassCondition)

   DataSourceConfiguration.Generic:
      Did not match:
         - @ConditionalOnProperty (spring.datasource.type) did not find property 'spring.datasource.type' (OnPropertyCondition)

   DataSourceConfiguration.OracleUcp:
      Did not match:
         - @ConditionalOnMissingBean (types: javax.sql.DataSource; SearchStrategy: all) found beans of type 'javax.sql.DataSource' dataSource (OnBeanCondition)
      Matched:
         - @ConditionalOnClass found required classes 'oracle.ucp.jdbc.PoolDataSourceImpl', 'oracle.jdbc.OracleConnection' (OnClassCondition)
         - @ConditionalOnProperty (spring.datasource.type=oracle.ucp.jdbc.PoolDataSource) matched (OnPropertyCondition)

   DataSourceConfiguration.Tomcat:
      Did not match:
         - @ConditionalOnClass did not find required class 'org.apache.tomcat.jdbc.pool.DataSource' (OnClassCondition)

   DataSourceJmxConfiguration:
      Did not match:
         - @ConditionalOnProperty (spring.jmx.enabled=true) found different value in property 'enabled' (OnPropertyCondition)

   DataSourcePoolMetadataProvidersConfiguration.CommonsDbcp2PoolDataSourceMetadataProviderConfiguration:
      Did not match:
         - @ConditionalOnClass did not find required class 'org.apache.commons.dbcp2.BasicDataSource' (OnClassCondition)

   DataSourcePoolMetadataProvidersConfiguration.TomcatDataSourcePoolMetadataProviderConfiguration:
      Did not match:
         - @ConditionalOnClass did not find required class 'org.apache.tomcat.jdbc.pool.DataSource' (OnClassCondition)

   DataSourceTransactionManagerAutoConfiguration.JdbcTransactionManagerConfiguration#transactionManager:
      Did not match:
         - @ConditionalOnMissingBean (types: org.springframework.transaction.TransactionManager; SearchStrategy: all) found beans of type 'org.springframework.transaction.TransactionManager' transactionManager (OnBeanCondition)

   FlywayAutoConfiguration:
      Did not match:
         - @ConditionalOnClass did not find required class 'org.flywaydb.core.Flyway' (OnClassCondition)

   GenericCacheConfiguration:
      Did not match:
         - Cache org.springframework.boot.autoconfigure.cache.GenericCacheConfiguration unknown cache type (CacheCondition)

   HazelcastCacheConfiguration:
      Did not match:
         - @ConditionalOnClass did not find required class 'com.hazelcast.core.HazelcastInstance' (OnClassCondition)

   InfinispanCacheConfiguration:
      Did not match:
         - @ConditionalOnClass did not find required class 'org.infinispan.spring.embedded.provider.SpringEmbeddedCacheManager' (OnClassCondition)

   JCacheCacheConfiguration:
      Did not match:
         - @ConditionalOnClass did not find required class 'javax.cache.Caching' (OnClassCondition)

   JpaBaseConfiguration.JpaWebConfiguration:
      Did not match:
         - not a servlet web application (OnWebApplicationCondition)
      Matched:
         - @ConditionalOnClass found required class 'org.springframework.web.servlet.config.annotation.WebMvcConfigurer' (OnClassCondition)

   JpaRepositoriesAutoConfiguration#entityManagerFactoryBootstrapExecutorCustomizer:
      Did not match:
         - AnyNestedCondition 0 matched 2 did not; NestedCondition on JpaRepositoriesAutoConfiguration.BootstrapExecutorCondition.LazyBootstrapMode @ConditionalOnProperty (spring.data.jpa.repositories.bootstrap-mode=lazy) found different value in property 'bootstrap-mode'; NestedCondition on JpaRepositoriesAutoConfiguration.BootstrapExecutorCondition.DeferredBootstrapMode @ConditionalOnProperty (spring.data.jpa.repositories.bootstrap-mode=deferred) found different value in property 'bootstrap-mode' (JpaRepositoriesAutoConfiguration.BootstrapExecutorCondition)

   LiquibaseAutoConfiguration:
      Did not match:
         - @ConditionalOnClass did not find required class 'liquibase.change.DatabaseChange' (OnClassCondition)

   R2dbcInitializationConfiguration:
      Did not match:
         - @ConditionalOnClass did not find required classes 'io.r2dbc.spi.ConnectionFactory', 'org.springframework.r2dbc.connection.init.DatabasePopulator' (OnClassCondition)

   RedisCacheConfiguration:
      Did not match:
         - @ConditionalOnClass did not find required class 'org.springframework.data.redis.connection.RedisConnectionFactory' (OnClassCondition)

   SimpleCacheConfiguration:
      Did not match:
         - Cache org.springframework.boot.autoconfigure.cache.SimpleCacheConfiguration unknown cache type (CacheCondition)

   TestDatabaseAutoConfiguration#dataSource:
      Did not match:
         - @ConditionalOnProperty (spring.test.database.replace=AUTO_CONFIGURED) found different value in property 'replace' (OnPropertyCondition)

   TestDatabaseAutoConfiguration#embeddedDataSourceBeanFactoryPostProcessor:
      Did not match:
         - @ConditionalOnProperty (spring.test.database.replace=ANY) found different value in property 'replace' (OnPropertyCondition)

   TestDatabaseAutoConfiguration#nonTestEmbeddedDataSourceBeanFactoryPostProcessor:
      Did not match:
         - @ConditionalOnProperty (spring.test.database.replace=NON_TEST) found different value in property 'replace' (OnPropertyCondition)

   TransactionAutoConfiguration#transactionalOperator:
      Did not match:
         - @ConditionalOnSingleCandidate (types: org.springframework.transaction.ReactiveTransactionManager; SearchStrategy: all) did not find any beans (OnBeanCondition)

   TransactionAutoConfiguration.AspectJTransactionManagementConfiguration:
      Did not match:
         - @ConditionalOnBean (types: org.springframework.transaction.aspectj.AbstractTransactionAspect; SearchStrategy: all) did not find any beans of type org.springframework.transaction.aspectj.AbstractTransactionAspect (OnBeanCondition)

   TransactionAutoConfiguration.EnableTransactionManagementConfiguration.JdkDynamicAutoProxyConfiguration:
      Did not match:
         - @ConditionalOnProperty (spring.aop.proxy-target-class=false) did not find property 'proxy-target-class' (OnPropertyCondition)


Exclusions:
-----------

    None


Unconditional classes:
----------------------

    org.springframework.boot.test.autoconfigure.jdbc.TestDatabaseAutoConfiguration



2025-05-11T16:29:44.437-04:00  INFO 13072 --- [gestionenvios] [           main] c.e.g.repository.EnviosRepositoryTest    : Started EnviosRepositoryTest in 1.309 seconds (process running for 13.113)
2025-05-11T16:29:44.438-04:00 DEBUG 13072 --- [gestionenvios] [           main] org.springframework.test.context.cache   : Spring test ApplicationContext cache statistics: [DefaultContextCache@63b95a30 size = 2, maxSize = 32, parentContextCount = 0, hitCount = 15, missCount = 2, failureCount = 0]
2025-05-11T16:29:44.439-04:00 DEBUG 13072 --- [gestionenvios] [           main] org.springframework.test.context.cache   : Spring test ApplicationContext cache statistics: [DefaultContextCache@63b95a30 size = 2, maxSize = 32, parentContextCount = 0, hitCount = 16, missCount = 2, failureCount = 0]
2025-05-11T16:29:44.440-04:00 DEBUG 13072 --- [gestionenvios] [           main] sContextBeforeModesTestExecutionListener : Before test method: class [EnviosRepositoryTest], method [testNoEncontrarEnvioPorId], class annotated with @DirtiesContext [false] with mode [null], method annotated with @DirtiesContext [false] with mode [null]
2025-05-11T16:29:44.442-04:00 DEBUG 13072 --- [gestionenvios] [           main] t.c.t.TransactionalTestExecutionListener : Explicit transaction definition [PROPAGATION_REQUIRED,ISOLATION_DEFAULT] found for test class [com.example.gestionenvios.repository.EnviosRepositoryTest] and test method [testNoEncontrarEnvioPorId]
2025-05-11T16:29:44.442-04:00 DEBUG 13072 --- [gestionenvios] [           main] org.springframework.test.context.cache   : Spring test ApplicationContext cache statistics: [DefaultContextCache@63b95a30 size = 2, maxSize = 32, parentContextCount = 0, hitCount = 17, missCount = 2, failureCount = 0]
2025-05-11T16:29:44.443-04:00 DEBUG 13072 --- [gestionenvios] [           main] t.c.t.TransactionalTestExecutionListener : No method-level @Rollback override: using default rollback [true] for test method [public void com.example.gestionenvios.repository.EnviosRepositoryTest.testNoEncontrarEnvioPorId()]
2025-05-11T16:29:44.443-04:00 DEBUG 13072 --- [gestionenvios] [           main] o.s.orm.jpa.JpaTransactionManager        : Creating new transaction with name [com.example.gestionenvios.repository.EnviosRepositoryTest.testNoEncontrarEnvioPorId]: PROPAGATION_REQUIRED,ISOLATION_DEFAULT
2025-05-11T16:29:44.443-04:00 DEBUG 13072 --- [gestionenvios] [           main] o.s.orm.jpa.JpaTransactionManager        : Opened new EntityManager [SessionImpl(1019449674<open>)] for JPA transaction
2025-05-11T16:29:44.445-04:00 DEBUG 13072 --- [gestionenvios] [           main] o.h.e.t.internal.TransactionImpl         : On TransactionImpl creation, JpaCompliance#isJpaTransactionComplianceEnabled == false
2025-05-11T16:29:44.445-04:00 DEBUG 13072 --- [gestionenvios] [           main] o.h.e.t.internal.TransactionImpl         : begin
2025-05-11T16:29:44.446-04:00 DEBUG 13072 --- [gestionenvios] [           main] o.s.orm.jpa.JpaTransactionManager        : Exposing JPA transaction as JDBC [org.springframework.orm.jpa.vendor.HibernateJpaDialect$HibernateConnectionHandle@13b52853]
2025-05-11T16:29:44.446-04:00 DEBUG 13072 --- [gestionenvios] [           main] o.s.t.c.transaction.TransactionContext   : Began transaction (1) for test class [com.example.gestionenvios.repository.EnviosRepositoryTest]; test method [testNoEncontrarEnvioPorId]; transaction manager [org.springframework.orm.jpa.JpaTransactionManager@62db3787]; rollback [true]
2025-05-11T16:29:44.447-04:00 DEBUG 13072 --- [gestionenvios] [           main] org.springframework.test.context.cache   : Spring test ApplicationContext cache statistics: [DefaultContextCache@63b95a30 size = 2, maxSize = 32, parentContextCount = 0, hitCount = 18, missCount = 2, failureCount = 0]
2025-05-11T16:29:44.447-04:00 DEBUG 13072 --- [gestionenvios] [           main] org.springframework.test.context.cache   : Spring test ApplicationContext cache statistics: [DefaultContextCache@63b95a30 size = 2, maxSize = 32, parentContextCount = 0, hitCount = 19, missCount = 2, failureCount = 0]
2025-05-11T16:29:44.447-04:00 DEBUG 13072 --- [gestionenvios] [           main] org.springframework.test.context.cache   : Spring test ApplicationContext cache statistics: [DefaultContextCache@63b95a30 size = 2, maxSize = 32, parentContextCount = 0, hitCount = 20, missCount = 2, failureCount = 0]
2025-05-11T16:29:44.447-04:00 DEBUG 13072 --- [gestionenvios] [           main] org.springframework.test.context.cache   : Spring test ApplicationContext cache statistics: [DefaultContextCache@63b95a30 size = 2, maxSize = 32, parentContextCount = 0, hitCount = 21, missCount = 2, failureCount = 0]
2025-05-11T16:29:44.453-04:00 DEBUG 13072 --- [gestionenvios] [           main] o.s.orm.jpa.JpaTransactionManager        : Found thread-bound EntityManager [SessionImpl(1019449674<open>)] for JPA transaction
2025-05-11T16:29:44.453-04:00 DEBUG 13072 --- [gestionenvios] [           main] o.s.orm.jpa.JpaTransactionManager        : Participating in existing transaction
2025-05-11T16:29:44.469-04:00 DEBUG 13072 --- [gestionenvios] [           main] org.hibernate.orm.sql.exec               : Skipping reading Query result cache data: cache-enabled = false, cache-mode = IGNORE
2025-05-11T16:29:44.470-04:00 DEBUG 13072 --- [gestionenvios] [           main] org.hibernate.SQL                        : select e1_0.n_seguimiento,e1_0.destinatario,e1_0.empresa_envio,e1_0.estado,e1_0.fecha_entrega,e1_0.fecha_salida,e1_0.pais_destino,e1_0.pais_origen,e1_0.ubicacion_actual from envios e1_0 where e1_0.n_seguimiento=?
Hibernate: select e1_0.n_seguimiento,e1_0.destinatario,e1_0.empresa_envio,e1_0.estado,e1_0.fecha_entrega,e1_0.fecha_salida,e1_0.pais_destino,e1_0.pais_origen,e1_0.ubicacion_actual from envios e1_0 where e1_0.n_seguimiento=?
2025-05-11T16:29:44.504-04:00 DEBUG 13072 --- [gestionenvios] [           main] org.hibernate.orm.results                : Initializer list:
	  com.example.gestionenvios.model.Envios -> EntityJoinedFetchInitializer(com.example.gestionenvios.model.Envios)@40625646 (SingleTableEntityPersister(com.example.gestionenvios.model.Envios))

2025-05-11T16:29:44.510-04:00 DEBUG 13072 --- [gestionenvios] [           main] org.springframework.test.context.cache   : Spring test ApplicationContext cache statistics: [DefaultContextCache@63b95a30 size = 2, maxSize = 32, parentContextCount = 0, hitCount = 22, missCount = 2, failureCount = 0]
2025-05-11T16:29:44.510-04:00 DEBUG 13072 --- [gestionenvios] [           main] org.springframework.test.context.cache   : Spring test ApplicationContext cache statistics: [DefaultContextCache@63b95a30 size = 2, maxSize = 32, parentContextCount = 0, hitCount = 23, missCount = 2, failureCount = 0]
2025-05-11T16:29:44.510-04:00 DEBUG 13072 --- [gestionenvios] [           main] org.springframework.test.context.cache   : Spring test ApplicationContext cache statistics: [DefaultContextCache@63b95a30 size = 2, maxSize = 32, parentContextCount = 0, hitCount = 24, missCount = 2, failureCount = 0]
2025-05-11T16:29:44.511-04:00 DEBUG 13072 --- [gestionenvios] [           main] org.springframework.test.context.cache   : Spring test ApplicationContext cache statistics: [DefaultContextCache@63b95a30 size = 2, maxSize = 32, parentContextCount = 0, hitCount = 25, missCount = 2, failureCount = 0]
2025-05-11T16:29:44.511-04:00 DEBUG 13072 --- [gestionenvios] [           main] org.springframework.test.context.cache   : Spring test ApplicationContext cache statistics: [DefaultContextCache@63b95a30 size = 2, maxSize = 32, parentContextCount = 0, hitCount = 26, missCount = 2, failureCount = 0]
2025-05-11T16:29:44.511-04:00 DEBUG 13072 --- [gestionenvios] [           main] org.springframework.test.context.cache   : Spring test ApplicationContext cache statistics: [DefaultContextCache@63b95a30 size = 2, maxSize = 32, parentContextCount = 0, hitCount = 27, missCount = 2, failureCount = 0]
2025-05-11T16:29:44.511-04:00 DEBUG 13072 --- [gestionenvios] [           main] org.springframework.test.context.cache   : Spring test ApplicationContext cache statistics: [DefaultContextCache@63b95a30 size = 2, maxSize = 32, parentContextCount = 0, hitCount = 28, missCount = 2, failureCount = 0]
2025-05-11T16:29:44.511-04:00 DEBUG 13072 --- [gestionenvios] [           main] o.s.orm.jpa.JpaTransactionManager        : Initiating transaction rollback
2025-05-11T16:29:44.512-04:00 DEBUG 13072 --- [gestionenvios] [           main] o.s.orm.jpa.JpaTransactionManager        : Rolling back JPA transaction on EntityManager [SessionImpl(1019449674<open>)]
2025-05-11T16:29:44.512-04:00 DEBUG 13072 --- [gestionenvios] [           main] o.h.e.t.internal.TransactionImpl         : rolling back
2025-05-11T16:29:44.521-04:00 DEBUG 13072 --- [gestionenvios] [           main] o.s.orm.jpa.JpaTransactionManager        : Closing JPA EntityManager [SessionImpl(1019449674<open>)] after transaction
2025-05-11T16:29:44.521-04:00 DEBUG 13072 --- [gestionenvios] [           main] o.s.t.c.transaction.TransactionContext   : Rolled back transaction (1) for test class [com.example.gestionenvios.repository.EnviosRepositoryTest]; test method [testNoEncontrarEnvioPorId]
2025-05-11T16:29:44.521-04:00 DEBUG 13072 --- [gestionenvios] [           main] .c.s.DirtiesContextTestExecutionListener : After test method: class [EnviosRepositoryTest], method [testNoEncontrarEnvioPorId], class annotated with @DirtiesContext [false] with mode [null], method annotated with @DirtiesContext [false] with mode [null]
]]></system-out>
  </testcase>
  <testcase name="testGuardarYRecuperarEnvio" classname="com.example.gestionenvios.repository.EnviosRepositoryTest" time="0.126">
    <system-out><![CDATA[2025-05-11T16:29:44.522-04:00 DEBUG 13072 --- [gestionenvios] [           main] DependencyInjectionTestExecutionListener : Performing dependency injection for test class com.example.gestionenvios.repository.EnviosRepositoryTest
2025-05-11T16:29:44.522-04:00 DEBUG 13072 --- [gestionenvios] [           main] org.springframework.test.context.cache   : Spring test ApplicationContext cache statistics: [DefaultContextCache@63b95a30 size = 2, maxSize = 32, parentContextCount = 0, hitCount = 29, missCount = 2, failureCount = 0]
2025-05-11T16:29:44.522-04:00 DEBUG 13072 --- [gestionenvios] [           main] org.springframework.test.context.cache   : Spring test ApplicationContext cache statistics: [DefaultContextCache@63b95a30 size = 2, maxSize = 32, parentContextCount = 0, hitCount = 30, missCount = 2, failureCount = 0]
2025-05-11T16:29:44.522-04:00 DEBUG 13072 --- [gestionenvios] [           main] sContextBeforeModesTestExecutionListener : Before test method: class [EnviosRepositoryTest], method [testGuardarYRecuperarEnvio], class annotated with @DirtiesContext [false] with mode [null], method annotated with @DirtiesContext [false] with mode [null]
2025-05-11T16:29:44.523-04:00 DEBUG 13072 --- [gestionenvios] [           main] t.c.t.TransactionalTestExecutionListener : Explicit transaction definition [PROPAGATION_REQUIRED,ISOLATION_DEFAULT] found for test class [com.example.gestionenvios.repository.EnviosRepositoryTest] and test method [testGuardarYRecuperarEnvio]
2025-05-11T16:29:44.523-04:00 DEBUG 13072 --- [gestionenvios] [           main] org.springframework.test.context.cache   : Spring test ApplicationContext cache statistics: [DefaultContextCache@63b95a30 size = 2, maxSize = 32, parentContextCount = 0, hitCount = 31, missCount = 2, failureCount = 0]
2025-05-11T16:29:44.523-04:00 DEBUG 13072 --- [gestionenvios] [           main] t.c.t.TransactionalTestExecutionListener : No method-level @Rollback override: using default rollback [true] for test method [public void com.example.gestionenvios.repository.EnviosRepositoryTest.testGuardarYRecuperarEnvio()]
2025-05-11T16:29:44.523-04:00 DEBUG 13072 --- [gestionenvios] [           main] o.s.orm.jpa.JpaTransactionManager        : Creating new transaction with name [com.example.gestionenvios.repository.EnviosRepositoryTest.testGuardarYRecuperarEnvio]: PROPAGATION_REQUIRED,ISOLATION_DEFAULT
2025-05-11T16:29:44.523-04:00 DEBUG 13072 --- [gestionenvios] [           main] o.s.orm.jpa.JpaTransactionManager        : Opened new EntityManager [SessionImpl(548534388<open>)] for JPA transaction
2025-05-11T16:29:44.523-04:00 DEBUG 13072 --- [gestionenvios] [           main] o.h.e.t.internal.TransactionImpl         : On TransactionImpl creation, JpaCompliance#isJpaTransactionComplianceEnabled == false
2025-05-11T16:29:44.523-04:00 DEBUG 13072 --- [gestionenvios] [           main] o.h.e.t.internal.TransactionImpl         : begin
2025-05-11T16:29:44.523-04:00 DEBUG 13072 --- [gestionenvios] [           main] o.s.orm.jpa.JpaTransactionManager        : Exposing JPA transaction as JDBC [org.springframework.orm.jpa.vendor.HibernateJpaDialect$HibernateConnectionHandle@7569efdd]
2025-05-11T16:29:44.523-04:00 DEBUG 13072 --- [gestionenvios] [           main] o.s.t.c.transaction.TransactionContext   : Began transaction (1) for test class [com.example.gestionenvios.repository.EnviosRepositoryTest]; test method [testGuardarYRecuperarEnvio]; transaction manager [org.springframework.orm.jpa.JpaTransactionManager@62db3787]; rollback [true]
2025-05-11T16:29:44.523-04:00 DEBUG 13072 --- [gestionenvios] [           main] org.springframework.test.context.cache   : Spring test ApplicationContext cache statistics: [DefaultContextCache@63b95a30 size = 2, maxSize = 32, parentContextCount = 0, hitCount = 32, missCount = 2, failureCount = 0]
2025-05-11T16:29:44.523-04:00 DEBUG 13072 --- [gestionenvios] [           main] org.springframework.test.context.cache   : Spring test ApplicationContext cache statistics: [DefaultContextCache@63b95a30 size = 2, maxSize = 32, parentContextCount = 0, hitCount = 33, missCount = 2, failureCount = 0]
2025-05-11T16:29:44.523-04:00 DEBUG 13072 --- [gestionenvios] [           main] org.springframework.test.context.cache   : Spring test ApplicationContext cache statistics: [DefaultContextCache@63b95a30 size = 2, maxSize = 32, parentContextCount = 0, hitCount = 34, missCount = 2, failureCount = 0]
2025-05-11T16:29:44.524-04:00 DEBUG 13072 --- [gestionenvios] [           main] org.springframework.test.context.cache   : Spring test ApplicationContext cache statistics: [DefaultContextCache@63b95a30 size = 2, maxSize = 32, parentContextCount = 0, hitCount = 35, missCount = 2, failureCount = 0]
2025-05-11T16:29:44.541-04:00 DEBUG 13072 --- [gestionenvios] [           main] org.hibernate.engine.spi.ActionQueue     : Executing identity-insert immediately
2025-05-11T16:29:44.555-04:00 DEBUG 13072 --- [gestionenvios] [           main] org.hibernate.SQL                        : insert into envios (destinatario,empresa_envio,estado,fecha_entrega,fecha_salida,pais_destino,pais_origen,ubicacion_actual,n_seguimiento) values (?,?,?,?,?,?,?,?,default)
Hibernate: insert into envios (destinatario,empresa_envio,estado,fecha_entrega,fecha_salida,pais_destino,pais_origen,ubicacion_actual,n_seguimiento) values (?,?,?,?,?,?,?,?,default)
2025-05-11T16:29:44.627-04:00 DEBUG 13072 --- [gestionenvios] [           main] org.hibernate.orm.results                : Initializer list is empty
2025-05-11T16:29:44.628-04:00 DEBUG 13072 --- [gestionenvios] [           main] o.h.id.IdentifierGeneratorHelper         : Extracted generated values [com.example.gestionenvios.model.Envios]: [Ljava.lang.Object;@445dc8dc
2025-05-11T16:29:44.630-04:00 DEBUG 13072 --- [gestionenvios] [           main] o.h.e.i.AbstractFlushingEventListener    : Processing flush-time cascades
2025-05-11T16:29:44.630-04:00 DEBUG 13072 --- [gestionenvios] [           main] o.h.e.i.AbstractFlushingEventListener    : Dirty checking collections
2025-05-11T16:29:44.633-04:00 DEBUG 13072 --- [gestionenvios] [           main] o.h.e.i.AbstractFlushingEventListener    : Flushed: 0 insertions, 0 updates, 0 deletions to 1 objects
2025-05-11T16:29:44.633-04:00 DEBUG 13072 --- [gestionenvios] [           main] o.h.e.i.AbstractFlushingEventListener    : Flushed: 0 (re)creations, 0 updates, 0 removals to 0 collections
2025-05-11T16:29:44.634-04:00 DEBUG 13072 --- [gestionenvios] [           main] o.hibernate.internal.util.EntityPrinter  : Listing entities:
2025-05-11T16:29:44.634-04:00 DEBUG 13072 --- [gestionenvios] [           main] o.hibernate.internal.util.EntityPrinter  : com.example.gestionenvios.model.Envios{empresaEnvio=Courier Express, estado=En tránsito, nSeguimiento=83, fechaSalida=2025-03-15, fechaEntrega=2025-03-20, paisDestino=Argentina, paisOrigen=Chile, ubicacionActual=Santiago, Chile, destinatario=Juan Pérez}
2025-05-11T16:29:44.635-04:00 DEBUG 13072 --- [gestionenvios] [           main] o.s.orm.jpa.JpaTransactionManager        : Found thread-bound EntityManager [SessionImpl(548534388<open>)] for JPA transaction
2025-05-11T16:29:44.635-04:00 DEBUG 13072 --- [gestionenvios] [           main] o.s.orm.jpa.JpaTransactionManager        : Participating in existing transaction
2025-05-11T16:29:44.637-04:00 DEBUG 13072 --- [gestionenvios] [           main] org.springframework.test.context.cache   : Spring test ApplicationContext cache statistics: [DefaultContextCache@63b95a30 size = 2, maxSize = 32, parentContextCount = 0, hitCount = 36, missCount = 2, failureCount = 0]
2025-05-11T16:29:44.637-04:00 DEBUG 13072 --- [gestionenvios] [           main] org.springframework.test.context.cache   : Spring test ApplicationContext cache statistics: [DefaultContextCache@63b95a30 size = 2, maxSize = 32, parentContextCount = 0, hitCount = 37, missCount = 2, failureCount = 0]
2025-05-11T16:29:44.637-04:00 DEBUG 13072 --- [gestionenvios] [           main] org.springframework.test.context.cache   : Spring test ApplicationContext cache statistics: [DefaultContextCache@63b95a30 size = 2, maxSize = 32, parentContextCount = 0, hitCount = 38, missCount = 2, failureCount = 0]
2025-05-11T16:29:44.637-04:00 DEBUG 13072 --- [gestionenvios] [           main] org.springframework.test.context.cache   : Spring test ApplicationContext cache statistics: [DefaultContextCache@63b95a30 size = 2, maxSize = 32, parentContextCount = 0, hitCount = 39, missCount = 2, failureCount = 0]
2025-05-11T16:29:44.637-04:00 DEBUG 13072 --- [gestionenvios] [           main] org.springframework.test.context.cache   : Spring test ApplicationContext cache statistics: [DefaultContextCache@63b95a30 size = 2, maxSize = 32, parentContextCount = 0, hitCount = 40, missCount = 2, failureCount = 0]
2025-05-11T16:29:44.637-04:00 DEBUG 13072 --- [gestionenvios] [           main] org.springframework.test.context.cache   : Spring test ApplicationContext cache statistics: [DefaultContextCache@63b95a30 size = 2, maxSize = 32, parentContextCount = 0, hitCount = 41, missCount = 2, failureCount = 0]
2025-05-11T16:29:44.637-04:00 DEBUG 13072 --- [gestionenvios] [           main] org.springframework.test.context.cache   : Spring test ApplicationContext cache statistics: [DefaultContextCache@63b95a30 size = 2, maxSize = 32, parentContextCount = 0, hitCount = 42, missCount = 2, failureCount = 0]
2025-05-11T16:29:44.637-04:00 DEBUG 13072 --- [gestionenvios] [           main] o.s.orm.jpa.JpaTransactionManager        : Initiating transaction rollback
2025-05-11T16:29:44.637-04:00 DEBUG 13072 --- [gestionenvios] [           main] o.s.orm.jpa.JpaTransactionManager        : Rolling back JPA transaction on EntityManager [SessionImpl(548534388<open>)]
2025-05-11T16:29:44.637-04:00 DEBUG 13072 --- [gestionenvios] [           main] o.h.e.t.internal.TransactionImpl         : rolling back
2025-05-11T16:29:44.647-04:00 DEBUG 13072 --- [gestionenvios] [           main] o.s.orm.jpa.JpaTransactionManager        : Closing JPA EntityManager [SessionImpl(548534388<open>)] after transaction
2025-05-11T16:29:44.648-04:00 DEBUG 13072 --- [gestionenvios] [           main] o.s.t.c.transaction.TransactionContext   : Rolled back transaction (1) for test class [com.example.gestionenvios.repository.EnviosRepositoryTest]; test method [testGuardarYRecuperarEnvio]
2025-05-11T16:29:44.648-04:00 DEBUG 13072 --- [gestionenvios] [           main] .c.s.DirtiesContextTestExecutionListener : After test method: class [EnviosRepositoryTest], method [testGuardarYRecuperarEnvio], class annotated with @DirtiesContext [false] with mode [null], method annotated with @DirtiesContext [false] with mode [null]
]]></system-out>
  </testcase>
</testsuite>